<?xml version="1.0" encoding="UTF-8"?>
<testsuite xmlns:xsi="http://www.w3.org/2001/XMLSchema-instance" xsi:noNamespaceSchemaLocation="https://maven.apache.org/surefire/maven-surefire-plugin/xsd/surefire-test-report-3.0.xsd" version="3.0" name="com.dbtraining.tradeflow.DatabaseMigrationH2Test" time="16.89" tests="1" errors="0" skipped="0" failures="0">
  <properties>
[...]
</properties>
  <testcase name="contextLoadsWithDevProfile" classname="com.dbtraining.tradeflow.DatabaseMigrationH2Test" time="0.855">
    <system-out><![CDATA[12:16:50.293 [main] INFO org.springframework.test.context.support.AnnotationConfigContextLoaderUtils -- Could not detect default configuration classes for test class [com.dbtraining.tradeflow.DatabaseMigrationH2Test]: DatabaseMigrationH2Test does not declare any static, non-private, non-final, nested classes annotated with @Configuration.
12:16:50.545 [main] INFO org.springframework.boot.test.context.SpringBootTestContextBootstrapper -- Found @SpringBootConfiguration com.dbtraining.tradeflow.TradeflowApplication for test class com.dbtraining.tradeflow.DatabaseMigrationH2Test

  .   ____          _            __ _ _
 /\\ / ___'_ __ _ _(_)_ __  __ _ \ \ \ \
( ( )\___ | '_ | '_| | '_ \/ _` | \ \ \ \
 \\/  ___)| |_)| | | | | || (_| |  ) ) ) )
  '  |____| .__|_| |_|_| |_\__, | / / / /
 =========|_|==============|___/=/_/_/_/
 :: Spring Boot ::                (v3.2.4)

2026-08-04T12:16:51.387+01:00  INFO 43554 --- [tradeflow] [           main] c.d.tradeflow.DatabaseMigrationH2Test    : Starting DatabaseMigrationH2Test using Java 21.0.3 with PID 43554 (started by alykhan in /Users/alykhan/Documents/tradeflow-2WYSE/backend)
2026-08-04T12:16:51.388+01:00 DEBUG 43554 --- [tradeflow] [           main] c.d.tradeflow.DatabaseMigrationH2Test    : Running with Spring Boot v3.2.4, Spring v6.1.5
2026-08-04T12:16:51.389+01:00  INFO 43554 --- [tradeflow] [           main] c.d.tradeflow.DatabaseMigrationH2Test    : The following 1 profile is active: "dev"
2026-08-04T12:16:53.266+01:00  INFO 43554 --- [tradeflow] [           main] .s.d.r.c.RepositoryConfigurationDelegate : Bootstrapping Spring Data JPA repositories in DEFAULT mode.
2026-08-04T12:16:53.361+01:00  INFO 43554 --- [tradeflow] [           main] .s.d.r.c.RepositoryConfigurationDelegate : Finished Spring Data repository scanning in 81 ms. Found 5 JPA repository interfaces.
2026-08-04T12:16:54.527+01:00  INFO 43554 --- [tradeflow] [           main] com.zaxxer.hikari.HikariDataSource       : HikariPool-1 - Starting...
2026-08-04T12:16:55.000+01:00  INFO 43554 --- [tradeflow] [           main] com.zaxxer.hikari.pool.HikariPool        : HikariPool-1 - Added connection conn0: url=jdbc:h2:mem:tradeflow user=SA
2026-08-04T12:16:55.003+01:00  INFO 43554 --- [tradeflow] [           main] com.zaxxer.hikari.HikariDataSource       : HikariPool-1 - Start completed.
2026-08-04T12:16:55.141+01:00  INFO 43554 --- [tradeflow] [           main] liquibase.database                       : Set default schema name to PUBLIC
2026-08-04T12:16:56.618+01:00  INFO 43554 --- [tradeflow] [           main] liquibase.changelog                      : Creating database history table with name: PUBLIC.DATABASECHANGELOG
2026-08-04T12:16:56.849+01:00  INFO 43554 --- [tradeflow] [           main] liquibase.changelog                      : Reading from PUBLIC.DATABASECHANGELOG
2026-08-04T12:16:57.076+01:00  INFO 43554 --- [tradeflow] [           main] liquibase.lockservice                    : Successfully acquired change log lock
2026-08-04T12:16:57.077+01:00  INFO 43554 --- [tradeflow] [           main] liquibase.command                        : Using deploymentId: 5842217077
2026-08-04T12:16:57.080+01:00  INFO 43554 --- [tradeflow] [           main] liquibase.changelog                      : Reading from PUBLIC.DATABASECHANGELOG
Running Changeset: db/changelog/changes/001-init.xml::001-init::tradeflow-team
2026-08-04T12:16:57.201+01:00  INFO 43554 --- [tradeflow] [           main] liquibase.changelog                      : Tag 'v0.0.0-init' applied to database
2026-08-04T12:16:57.203+01:00  INFO 43554 --- [tradeflow] [           main] liquibase.changelog                      : ChangeSet db/changelog/changes/001-init.xml::001-init::tradeflow-team ran successfully in 4ms
Running Changeset: db/changelog/changes/002-create-trades.xml::002-create-trades::your-name
2026-08-04T12:16:57.228+01:00  INFO 43554 --- [tradeflow] [           main] liquibase.changelog                      : Table trades created
2026-08-04T12:16:57.252+01:00  INFO 43554 --- [tradeflow] [           main] liquibase.changelog                      : Custom SQL executed
2026-08-04T12:16:57.255+01:00  INFO 43554 --- [tradeflow] [           main] liquibase.changelog                      : Index idx_trades_trade_date created
2026-08-04T12:16:57.256+01:00  INFO 43554 --- [tradeflow] [           main] liquibase.changelog                      : Index idx_trades_status created
2026-08-04T12:16:57.257+01:00  INFO 43554 --- [tradeflow] [           main] liquibase.changelog                      : ChangeSet db/changelog/changes/002-create-trades.xml::002-create-trades::your-name ran successfully in 40ms
Running Changeset: db/changelog/changes/003-createinstruments.xml::003-create-instruments::your-name
2026-08-04T12:16:57.267+01:00  INFO 43554 --- [tradeflow] [           main] liquibase.changelog                      : Table instruments created
2026-08-04T12:16:57.270+01:00  INFO 43554 --- [tradeflow] [           main] liquibase.changelog                      : Custom SQL executed
2026-08-04T12:16:57.270+01:00  INFO 43554 --- [tradeflow] [           main] liquibase.changelog                      : ChangeSet db/changelog/changes/003-createinstruments.xml::003-create-instruments::your-name ran successfully in 7ms
Running Changeset: db/changelog/changes/004-create-counterparties.xml::004-create-counterparties::tradeflow-team
2026-08-04T12:16:57.279+01:00  INFO 43554 --- [tradeflow] [           main] liquibase.changelog                      : Table counterparties created
2026-08-04T12:16:57.281+01:00  INFO 43554 --- [tradeflow] [           main] liquibase.changelog                      : Custom SQL executed
2026-08-04T12:16:57.281+01:00  INFO 43554 --- [tradeflow] [           main] liquibase.changelog                      : ChangeSet db/changelog/changes/004-create-counterparties.xml::004-create-counterparties::tradeflow-team ran successfully in 6ms
Running Changeset: db/changelog/changes/005-create-settlements.xml::005-create-settlements::your-name
2026-08-04T12:16:57.295+01:00  INFO 43554 --- [tradeflow] [           main] liquibase.changelog                      : Table settlements created
2026-08-04T12:16:57.297+01:00  INFO 43554 --- [tradeflow] [           main] liquibase.changelog                      : Custom SQL executed
2026-08-04T12:16:57.298+01:00  INFO 43554 --- [tradeflow] [           main] liquibase.changelog                      : Index idx_settlements_trade created
2026-08-04T12:16:57.299+01:00  INFO 43554 --- [tradeflow] [           main] liquibase.changelog                      : ChangeSet db/changelog/changes/005-create-settlements.xml::005-create-settlements::your-name ran successfully in 12ms
Running Changeset: db/changelog/changes/006-create-recon-breaks.xml::006-create-recon-breaks::your-name
2026-08-04T12:16:57.309+01:00  INFO 43554 --- [tradeflow] [           main] liquibase.changelog                      : Table recon_breaks created
2026-08-04T12:16:57.320+01:00  INFO 43554 --- [tradeflow] [           main] liquibase.changelog                      : Custom SQL executed
2026-08-04T12:16:57.323+01:00  INFO 43554 --- [tradeflow] [           main] liquibase.changelog                      : Index idx_recon_breaks_status created
2026-08-04T12:16:57.325+01:00  INFO 43554 --- [tradeflow] [           main] liquibase.changelog                      : Index idx_recon_breaks_trade created
2026-08-04T12:16:57.325+01:00  INFO 43554 --- [tradeflow] [           main] liquibase.changelog                      : ChangeSet db/changelog/changes/006-create-recon-breaks.xml::006-create-recon-breaks::your-name ran successfully in 20ms
Running Changeset: db/changelog/changes/007-fks-and-indexes.xml::007-fks-and-indexes::your-name
2026-08-04T12:16:57.340+01:00  INFO 43554 --- [tradeflow] [           main] liquibase.changelog                      : Foreign key constraint added to trades (instrument_id)
2026-08-04T12:16:57.342+01:00  INFO 43554 --- [tradeflow] [           main] liquibase.changelog                      : Foreign key constraint added to trades (counterparty_id)
2026-08-04T12:16:57.344+01:00  INFO 43554 --- [tradeflow] [           main] liquibase.changelog                      : Index idx_settlements_status created
2026-08-04T12:16:57.344+01:00  INFO 43554 --- [tradeflow] [           main] liquibase.changelog                      : ChangeSet db/changelog/changes/007-fks-and-indexes.xml::007-fks-and-indexes::your-name ran successfully in 9ms
Running Changeset: db/changelog/changes/008-seed-instruments.xml::008-seed-instruments::your-name
2026-08-04T12:16:57.354+01:00  INFO 43554 --- [tradeflow] [           main] liquibase.changelog                      : New row inserted into instruments
2026-08-04T12:16:57.356+01:00  INFO 43554 --- [tradeflow] [           main] liquibase.changelog                      : New row inserted into instruments
2026-08-04T12:16:57.357+01:00  INFO 43554 --- [tradeflow] [           main] liquibase.changelog                      : New row inserted into instruments
2026-08-04T12:16:57.358+01:00  INFO 43554 --- [tradeflow] [           main] liquibase.changelog                      : New row inserted into instruments
2026-08-04T12:16:57.360+01:00  INFO 43554 --- [tradeflow] [           main] liquibase.changelog                      : New row inserted into instruments
2026-08-04T12:16:57.360+01:00  INFO 43554 --- [tradeflow] [           main] liquibase.changelog                      : ChangeSet db/changelog/changes/008-seed-instruments.xml::008-seed-instruments::your-name ran successfully in 8ms
Running Changeset: db/changelog/changes/009-seed-counterparties.xml::009-seed-counterparties::your-name
2026-08-04T12:16:57.368+01:00  INFO 43554 --- [tradeflow] [           main] liquibase.changelog                      : New row inserted into counterparties
2026-08-04T12:16:57.370+01:00  INFO 43554 --- [tradeflow] [           main] liquibase.changelog                      : New row inserted into counterparties
2026-08-04T12:16:57.372+01:00  INFO 43554 --- [tradeflow] [           main] liquibase.changelog                      : New row inserted into counterparties
2026-08-04T12:16:57.373+01:00  INFO 43554 --- [tradeflow] [           main] liquibase.changelog                      : New row inserted into counterparties
2026-08-04T12:16:57.374+01:00  INFO 43554 --- [tradeflow] [           main] liquibase.changelog                      : ChangeSet db/changelog/changes/009-seed-counterparties.xml::009-seed-counterparties::your-name ran successfully in 8ms
Running Changeset: db/changelog/changes/010-seed-trades.xml::010-seed-trades::your-name
2026-08-04T12:16:57.390+01:00  INFO 43554 --- [tradeflow] [           main] liquibase.changelog                      : New row inserted into trades
2026-08-04T12:16:57.392+01:00  INFO 43554 --- [tradeflow] [           main] liquibase.changelog                      : New row inserted into trades
2026-08-04T12:16:57.394+01:00  INFO 43554 --- [tradeflow] [           main] liquibase.changelog                      : New row inserted into trades
2026-08-04T12:16:57.396+01:00  INFO 43554 --- [tradeflow] [           main] liquibase.changelog                      : New row inserted into trades
2026-08-04T12:16:57.398+01:00  INFO 43554 --- [tradeflow] [           main] liquibase.changelog                      : New row inserted into trades
2026-08-04T12:16:57.400+01:00  INFO 43554 --- [tradeflow] [           main] liquibase.changelog                      : New row inserted into trades
2026-08-04T12:16:57.401+01:00  INFO 43554 --- [tradeflow] [           main] liquibase.changelog                      : New row inserted into trades
2026-08-04T12:16:57.403+01:00  INFO 43554 --- [tradeflow] [           main] liquibase.changelog                      : New row inserted into trades
2026-08-04T12:16:57.405+01:00  INFO 43554 --- [tradeflow] [           main] liquibase.changelog                      : New row inserted into trades
2026-08-04T12:16:57.406+01:00  INFO 43554 --- [tradeflow] [           main] liquibase.changelog                      : New row inserted into trades
2026-08-04T12:16:57.407+01:00  INFO 43554 --- [tradeflow] [           main] liquibase.changelog                      : ChangeSet db/changelog/changes/010-seed-trades.xml::010-seed-trades::your-name ran successfully in 20ms
Running Changeset: db/changelog/changes/011-create-views.xml::011-create-view-open-breaks::your-name
2026-08-04T12:16:57.419+01:00  INFO 43554 --- [tradeflow] [           main] liquibase.changelog                      : View v_open_breaks created
2026-08-04T12:16:57.419+01:00  INFO 43554 --- [tradeflow] [           main] liquibase.changelog                      : ChangeSet db/changelog/changes/011-create-views.xml::011-create-view-open-breaks::your-name ran successfully in 7ms
Running Changeset: db/changelog/changes/011-create-views.xml::011-create-view-settlement-lag::your-name
2026-08-04T12:16:57.428+01:00  INFO 43554 --- [tradeflow] [           main] liquibase.changelog                      : View v_settlement_lag created
2026-08-04T12:16:57.429+01:00  INFO 43554 --- [tradeflow] [           main] liquibase.changelog                      : ChangeSet db/changelog/changes/011-create-views.xml::011-create-view-settlement-lag::your-name ran successfully in 7ms
Running Changeset: db/changelog/changes/012-create-audit-log.xml::012-create-audit-log::your-name
2026-08-04T12:16:57.439+01:00  INFO 43554 --- [tradeflow] [           main] liquibase.changelog                      : Table audit_log created
2026-08-04T12:16:57.442+01:00  INFO 43554 --- [tradeflow] [           main] liquibase.changelog                      : Custom SQL executed
2026-08-04T12:16:57.443+01:00  INFO 43554 --- [tradeflow] [           main] liquibase.changelog                      : Index idx_audit_log_table_pk created
2026-08-04T12:16:57.444+01:00  INFO 43554 --- [tradeflow] [           main] liquibase.changelog                      : Index idx_audit_log_changed_at created
2026-08-04T12:16:57.445+01:00  INFO 43554 --- [tradeflow] [           main] liquibase.changelog                      : ChangeSet db/changelog/changes/012-create-audit-log.xml::012-create-audit-log::your-name ran successfully in 11ms
2026-08-04T12:16:57.452+01:00  INFO 43554 --- [tradeflow] [           main] liquibase.util                           : UPDATE SUMMARY
2026-08-04T12:16:57.453+01:00  INFO 43554 --- [tradeflow] [           main] liquibase.util                           : Run:                         13
2026-08-04T12:16:57.453+01:00  INFO 43554 --- [tradeflow] [           main] liquibase.util                           : Previously run:               0
2026-08-04T12:16:57.453+01:00  INFO 43554 --- [tradeflow] [           main] liquibase.util                           : Filtered out:                 0
2026-08-04T12:16:57.453+01:00  INFO 43554 --- [tradeflow] [           main] liquibase.util                           : -------------------------------
2026-08-04T12:16:57.453+01:00  INFO 43554 --- [tradeflow] [           main] liquibase.util                           : Total change sets:           13
2026-08-04T12:16:57.453+01:00  INFO 43554 --- [tradeflow] [           main] liquibase.util                           : Update summary generated
2026-08-04T12:16:57.456+01:00  INFO 43554 --- [tradeflow] [           main] liquibase.command                        : Update command completed successfully.
Liquibase: Update has been successful. Rows affected: 32
2026-08-04T12:16:57.459+01:00  INFO 43554 --- [tradeflow] [           main] liquibase.lockservice                    : Successfully released change log lock
2026-08-04T12:16:57.459+01:00  INFO 43554 --- [tradeflow] [           main] liquibase.command                        : Command execution complete
2026-08-04T12:16:57.665+01:00  INFO 43554 --- [tradeflow] [           main] o.hibernate.jpa.internal.util.LogHelper  : HHH000204: Processing PersistenceUnitInfo [name: default]
2026-08-04T12:16:57.789+01:00  INFO 43554 --- [tradeflow] [           main] org.hibernate.Version                    : HHH000412: Hibernate ORM core version 6.4.4.Final
2026-08-04T12:16:57.856+01:00  INFO 43554 --- [tradeflow] [           main] o.h.c.internal.RegionFactoryInitiator    : HHH000026: Second-level cache disabled
2026-08-04T12:16:58.361+01:00  INFO 43554 --- [tradeflow] [           main] o.s.o.j.p.SpringPersistenceUnitInfo      : No LoadTimeWeaver setup: ignoring JPA class transformer
2026-08-04T12:17:00.816+01:00  INFO 43554 --- [tradeflow] [           main] o.h.e.t.j.p.i.JtaPlatformInitiator       : HHH000489: No JTA platform available (set 'hibernate.transaction.jta.platform' to enable JTA platform integration)
2026-08-04T12:17:00.820+01:00  INFO 43554 --- [tradeflow] [           main] j.LocalContainerEntityManagerFactoryBean : Initialized JPA EntityManagerFactory for persistence unit 'default'
2026-08-04T12:17:01.337+01:00  INFO 43554 --- [tradeflow] [           main] o.s.d.j.r.query.QueryEnhancerFactory     : Hibernate is in classpath; If applicable, HQL parser will be used.
2026-08-04T12:17:03.827+01:00  INFO 43554 --- [tradeflow] [           main] o.s.b.a.e.web.EndpointLinksResolver      : Exposing 3 endpoint(s) beneath base path '/actuator'
2026-08-04T12:17:03.943+01:00  INFO 43554 --- [tradeflow] [           main] o.s.s.web.DefaultSecurityFilterChain     : Will secure any request with [org.springframework.security.web.session.DisableEncodeUrlFilter@3bc9983e, org.springframework.security.web.context.request.async.WebAsyncManagerIntegrationFilter@32d0f751, org.springframework.security.web.context.SecurityContextHolderFilter@40e4a604, org.springframework.security.web.header.HeaderWriterFilter@2d176f87, org.springframework.web.filter.CorsFilter@427afdb6, org.springframework.security.web.authentication.logout.LogoutFilter@356bc5e4, org.springframework.security.web.authentication.www.BasicAuthenticationFilter@7270e44f, org.springframework.security.web.savedrequest.RequestCacheAwareFilter@7616f2b, org.springframework.security.web.servletapi.SecurityContextHolderAwareRequestFilter@6b1a130d, org.springframework.security.web.authentication.AnonymousAuthenticationFilter@7ed1bd96, org.springframework.security.web.session.SessionManagementFilter@273f5d0c, org.springframework.security.web.access.ExceptionTranslationFilter@3d5f46e8, org.springframework.security.web.access.intercept.AuthorizationFilter@2a6a71f2]
2026-08-04T12:17:04.647+01:00  INFO 43554 --- [tradeflow] [           main] o.s.b.a.h2.H2ConsoleAutoConfiguration    : H2 console available at '/h2-console'. Database available at 'jdbc:h2:mem:tradeflow'
2026-08-04T12:17:04.883+01:00  INFO 43554 --- [tradeflow] [           main] o.a.k.clients.admin.AdminClientConfig    : AdminClientConfig values: 
	auto.include.jmx.reporter = true
	bootstrap.servers = [localhost:9092]
	client.dns.lookup = use_all_dns_ips
	client.id = 
	connections.max.idle.ms = 300000
	default.api.timeout.ms = 60000
	metadata.max.age.ms = 300000
	metric.reporters = []
	metrics.num.samples = 2
	metrics.recording.level = INFO
	metrics.sample.window.ms = 30000
	receive.buffer.bytes = 65536
	reconnect.backoff.max.ms = 1000
	reconnect.backoff.ms = 50
	request.timeout.ms = 30000
	retries = 2147483647
	retry.backoff.ms = 100
	sasl.client.callback.handler.class = null
	sasl.jaas.config = null
	sasl.kerberos.kinit.cmd = /usr/bin/kinit
	sasl.kerberos.min.time.before.relogin = 60000
	sasl.kerberos.service.name = null
	sasl.kerberos.ticket.renew.jitter = 0.05
	sasl.kerberos.ticket.renew.window.factor = 0.8
	sasl.login.callback.handler.class = null
	sasl.login.class = null
	sasl.login.connect.timeout.ms = null
	sasl.login.read.timeout.ms = null
	sasl.login.refresh.buffer.seconds = 300
	sasl.login.refresh.min.period.seconds = 60
	sasl.login.refresh.window.factor = 0.8
	sasl.login.refresh.window.jitter = 0.05
	sasl.login.retry.backoff.max.ms = 10000
	sasl.login.retry.backoff.ms = 100
	sasl.mechanism = GSSAPI
	sasl.oauthbearer.clock.skew.seconds = 30
	sasl.oauthbearer.expected.audience = null
	sasl.oauthbearer.expected.issuer = null
	sasl.oauthbearer.jwks.endpoint.refresh.ms = 3600000
	sasl.oauthbearer.jwks.endpoint.retry.backoff.max.ms = 10000
	sasl.oauthbearer.jwks.endpoint.retry.backoff.ms = 100
	sasl.oauthbearer.jwks.endpoint.url = null
	sasl.oauthbearer.scope.claim.name = scope
	sasl.oauthbearer.sub.claim.name = sub
	sasl.oauthbearer.token.endpoint.url = null
	security.protocol = PLAINTEXT
	security.providers = null
	send.buffer.bytes = 131072
	socket.connection.setup.timeout.max.ms = 30000
	socket.connection.setup.timeout.ms = 10000
	ssl.cipher.suites = null
	ssl.enabled.protocols = [TLSv1.2, TLSv1.3]
	ssl.endpoint.identification.algorithm = https
	ssl.engine.factory.class = null
	ssl.key.password = null
	ssl.keymanager.algorithm = SunX509
	ssl.keystore.certificate.chain = null
	ssl.keystore.key = null
	ssl.keystore.location = null
	ssl.keystore.password = null
	ssl.keystore.type = JKS
	ssl.protocol = TLSv1.3
	ssl.provider = null
	ssl.secure.random.implementation = null
	ssl.trustmanager.algorithm = PKIX
	ssl.truststore.certificates = null
	ssl.truststore.location = null
	ssl.truststore.password = null
	ssl.truststore.type = JKS

2026-08-04T12:17:05.063+01:00  INFO 43554 --- [tradeflow] [           main] o.a.kafka.common.utils.AppInfoParser     : Kafka version: 3.6.1
2026-08-04T12:17:05.063+01:00  INFO 43554 --- [tradeflow] [           main] o.a.kafka.common.utils.AppInfoParser     : Kafka commitId: 5e3c2b738d253ff5
2026-08-04T12:17:05.063+01:00  INFO 43554 --- [tradeflow] [           main] o.a.kafka.common.utils.AppInfoParser     : Kafka startTimeMs: 1785842225061
2026-08-04T12:17:05.711+01:00  INFO 43554 --- [tradeflow] [| adminclient-1] o.a.kafka.common.utils.AppInfoParser     : App info kafka.admin.client for adminclient-1 unregistered
2026-08-04T12:17:05.717+01:00  INFO 43554 --- [tradeflow] [| adminclient-1] o.apache.kafka.common.metrics.Metrics    : Metrics scheduler closed
2026-08-04T12:17:05.717+01:00  INFO 43554 --- [tradeflow] [| adminclient-1] o.apache.kafka.common.metrics.Metrics    : Closing reporter org.apache.kafka.common.metrics.JmxReporter
2026-08-04T12:17:05.717+01:00  INFO 43554 --- [tradeflow] [| adminclient-1] o.apache.kafka.common.metrics.Metrics    : Metrics reporters closed
2026-08-04T12:17:05.773+01:00  INFO 43554 --- [tradeflow] [           main] o.a.k.clients.consumer.ConsumerConfig    : ConsumerConfig values: 
	allow.auto.create.topics = true
	auto.commit.interval.ms = 5000
	auto.include.jmx.reporter = true
	auto.offset.reset = latest
	bootstrap.servers = [localhost:9092]
	check.crcs = true
	client.dns.lookup = use_all_dns_ips
	client.id = consumer-trade-log-group-1
	client.rack = 
	connections.max.idle.ms = 540000
	default.api.timeout.ms = 60000
	enable.auto.commit = false
	exclude.internal.topics = true
	fetch.max.bytes = 52428800
	fetch.max.wait.ms = 500
	fetch.min.bytes = 1
	group.id = trade-log-group
	group.instance.id = null
	heartbeat.interval.ms = 3000
	interceptor.classes = []
	internal.leave.group.on.close = true
	internal.throw.on.fetch.stable.offset.unsupported = false
	isolation.level = read_uncommitted
	key.deserializer = class org.apache.kafka.common.serialization.StringDeserializer
	max.partition.fetch.bytes = 1048576
	max.poll.interval.ms = 300000
	max.poll.records = 500
	metadata.max.age.ms = 300000
	metric.reporters = []
	metrics.num.samples = 2
	metrics.recording.level = INFO
	metrics.sample.window.ms = 30000
	partition.assignment.strategy = [class org.apache.kafka.clients.consumer.RangeAssignor, class org.apache.kafka.clients.consumer.CooperativeStickyAssignor]
	receive.buffer.bytes = 65536
	reconnect.backoff.max.ms = 1000
	reconnect.backoff.ms = 50
	request.timeout.ms = 30000
	retry.backoff.ms = 100
	sasl.client.callback.handler.class = null
	sasl.jaas.config = null
	sasl.kerberos.kinit.cmd = /usr/bin/kinit
	sasl.kerberos.min.time.before.relogin = 60000
	sasl.kerberos.service.name = null
	sasl.kerberos.ticket.renew.jitter = 0.05
	sasl.kerberos.ticket.renew.window.factor = 0.8
	sasl.login.callback.handler.class = null
	sasl.login.class = null
	sasl.login.connect.timeout.ms = null
	sasl.login.read.timeout.ms = null
	sasl.login.refresh.buffer.seconds = 300
	sasl.login.refresh.min.period.seconds = 60
	sasl.login.refresh.window.factor = 0.8
	sasl.login.refresh.window.jitter = 0.05
	sasl.login.retry.backoff.max.ms = 10000
	sasl.login.retry.backoff.ms = 100
	sasl.mechanism = GSSAPI
	sasl.oauthbearer.clock.skew.seconds = 30
	sasl.oauthbearer.expected.audience = null
	sasl.oauthbearer.expected.issuer = null
	sasl.oauthbearer.jwks.endpoint.refresh.ms = 3600000
	sasl.oauthbearer.jwks.endpoint.retry.backoff.max.ms = 10000
	sasl.oauthbearer.jwks.endpoint.retry.backoff.ms = 100
	sasl.oauthbearer.jwks.endpoint.url = null
	sasl.oauthbearer.scope.claim.name = scope
	sasl.oauthbearer.sub.claim.name = sub
	sasl.oauthbearer.token.endpoint.url = null
	security.protocol = PLAINTEXT
	security.providers = null
	send.buffer.bytes = 131072
	session.timeout.ms = 45000
	socket.connection.setup.timeout.max.ms = 30000
	socket.connection.setup.timeout.ms = 10000
	ssl.cipher.suites = null
	ssl.enabled.protocols = [TLSv1.2, TLSv1.3]
	ssl.endpoint.identification.algorithm = https
	ssl.engine.factory.class = null
	ssl.key.password = null
	ssl.keymanager.algorithm = SunX509
	ssl.keystore.certificate.chain = null
	ssl.keystore.key = null
	ssl.keystore.location = null
	ssl.keystore.password = null
	ssl.keystore.type = JKS
	ssl.protocol = TLSv1.3
	ssl.provider = null
	ssl.secure.random.implementation = null
	ssl.trustmanager.algorithm = PKIX
	ssl.truststore.certificates = null
	ssl.truststore.location = null
	ssl.truststore.password = null
	ssl.truststore.type = JKS
	value.deserializer = class org.springframework.kafka.support.serializer.ErrorHandlingDeserializer

2026-08-04T12:17:05.905+01:00  INFO 43554 --- [tradeflow] [           main] o.a.kafka.common.utils.AppInfoParser     : Kafka version: 3.6.1
2026-08-04T12:17:05.905+01:00  INFO 43554 --- [tradeflow] [           main] o.a.kafka.common.utils.AppInfoParser     : Kafka commitId: 5e3c2b738d253ff5
2026-08-04T12:17:05.905+01:00  INFO 43554 --- [tradeflow] [           main] o.a.kafka.common.utils.AppInfoParser     : Kafka startTimeMs: 1785842225905
2026-08-04T12:17:05.908+01:00  INFO 43554 --- [tradeflow] [           main] fkaConsumerFactory$ExtendedKafkaConsumer : [Consumer clientId=consumer-trade-log-group-1, groupId=trade-log-group] Subscribed to topic(s): trade-events
2026-08-04T12:17:05.916+01:00  INFO 43554 --- [tradeflow] [           main] o.a.k.clients.consumer.ConsumerConfig    : ConsumerConfig values: 
	allow.auto.create.topics = true
	auto.commit.interval.ms = 5000
	auto.include.jmx.reporter = true
	auto.offset.reset = latest
	bootstrap.servers = [localhost:9092]
	check.crcs = true
	client.dns.lookup = use_all_dns_ips
	client.id = consumer-audit-group-2
	client.rack = 
	connections.max.idle.ms = 540000
	default.api.timeout.ms = 60000
	enable.auto.commit = false
	exclude.internal.topics = true
	fetch.max.bytes = 52428800
	fetch.max.wait.ms = 500
	fetch.min.bytes = 1
	group.id = audit-group
	group.instance.id = null
	heartbeat.interval.ms = 3000
	interceptor.classes = []
	internal.leave.group.on.close = true
	internal.throw.on.fetch.stable.offset.unsupported = false
	isolation.level = read_uncommitted
	key.deserializer = class org.apache.kafka.common.serialization.StringDeserializer
	max.partition.fetch.bytes = 1048576
	max.poll.interval.ms = 300000
	max.poll.records = 500
	metadata.max.age.ms = 300000
	metric.reporters = []
	metrics.num.samples = 2
	metrics.recording.level = INFO
	metrics.sample.window.ms = 30000
	partition.assignment.strategy = [class org.apache.kafka.clients.consumer.RangeAssignor, class org.apache.kafka.clients.consumer.CooperativeStickyAssignor]
	receive.buffer.bytes = 65536
	reconnect.backoff.max.ms = 1000
	reconnect.backoff.ms = 50
	request.timeout.ms = 30000
	retry.backoff.ms = 100
	sasl.client.callback.handler.class = null
	sasl.jaas.config = null
	sasl.kerberos.kinit.cmd = /usr/bin/kinit
	sasl.kerberos.min.time.before.relogin = 60000
	sasl.kerberos.service.name = null
	sasl.kerberos.ticket.renew.jitter = 0.05
	sasl.kerberos.ticket.renew.window.factor = 0.8
	sasl.login.callback.handler.class = null
	sasl.login.class = null
	sasl.login.connect.timeout.ms = null
	sasl.login.read.timeout.ms = null
	sasl.login.refresh.buffer.seconds = 300
	sasl.login.refresh.min.period.seconds = 60
	sasl.login.refresh.window.factor = 0.8
	sasl.login.refresh.window.jitter = 0.05
	sasl.login.retry.backoff.max.ms = 10000
	sasl.login.retry.backoff.ms = 100
	sasl.mechanism = GSSAPI
	sasl.oauthbearer.clock.skew.seconds = 30
	sasl.oauthbearer.expected.audience = null
	sasl.oauthbearer.expected.issuer = null
	sasl.oauthbearer.jwks.endpoint.refresh.ms = 3600000
	sasl.oauthbearer.jwks.endpoint.retry.backoff.max.ms = 10000
	sasl.oauthbearer.jwks.endpoint.retry.backoff.ms = 100
	sasl.oauthbearer.jwks.endpoint.url = null
	sasl.oauthbearer.scope.claim.name = scope
	sasl.oauthbearer.sub.claim.name = sub
	sasl.oauthbearer.token.endpoint.url = null
	security.protocol = PLAINTEXT
	security.providers = null
	send.buffer.bytes = 131072
	session.timeout.ms = 45000
	socket.connection.setup.timeout.max.ms = 30000
	socket.connection.setup.timeout.ms = 10000
	ssl.cipher.suites = null
	ssl.enabled.protocols = [TLSv1.2, TLSv1.3]
	ssl.endpoint.identification.algorithm = https
	ssl.engine.factory.class = null
	ssl.key.password = null
	ssl.keymanager.algorithm = SunX509
	ssl.keystore.certificate.chain = null
	ssl.keystore.key = null
	ssl.keystore.location = null
	ssl.keystore.password = null
	ssl.keystore.type = JKS
	ssl.protocol = TLSv1.3
	ssl.provider = null
	ssl.secure.random.implementation = null
	ssl.trustmanager.algorithm = PKIX
	ssl.truststore.certificates = null
	ssl.truststore.location = null
	ssl.truststore.password = null
	ssl.truststore.type = JKS
	value.deserializer = class org.springframework.kafka.support.serializer.ErrorHandlingDeserializer

2026-08-04T12:17:05.927+01:00  INFO 43554 --- [tradeflow] [           main] o.a.kafka.common.utils.AppInfoParser     : Kafka version: 3.6.1
2026-08-04T12:17:05.927+01:00  INFO 43554 --- [tradeflow] [           main] o.a.kafka.common.utils.AppInfoParser     : Kafka commitId: 5e3c2b738d253ff5
2026-08-04T12:17:05.927+01:00  INFO 43554 --- [tradeflow] [           main] o.a.kafka.common.utils.AppInfoParser     : Kafka startTimeMs: 1785842225927
2026-08-04T12:17:05.928+01:00  INFO 43554 --- [tradeflow] [           main] fkaConsumerFactory$ExtendedKafkaConsumer : [Consumer clientId=consumer-audit-group-2, groupId=audit-group] Subscribed to topic(s): trade-events
2026-08-04T12:17:05.930+01:00  INFO 43554 --- [tradeflow] [           main] o.a.k.clients.consumer.ConsumerConfig    : ConsumerConfig values: 
	allow.auto.create.topics = true
	auto.commit.interval.ms = 5000
	auto.include.jmx.reporter = true
	auto.offset.reset = latest
	bootstrap.servers = [localhost:9092]
	check.crcs = true
	client.dns.lookup = use_all_dns_ips
	client.id = consumer-recon-group-3
	client.rack = 
	connections.max.idle.ms = 540000
	default.api.timeout.ms = 60000
	enable.auto.commit = false
	exclude.internal.topics = true
	fetch.max.bytes = 52428800
	fetch.max.wait.ms = 500
	fetch.min.bytes = 1
	group.id = recon-group
	group.instance.id = null
	heartbeat.interval.ms = 3000
	interceptor.classes = []
	internal.leave.group.on.close = true
	internal.throw.on.fetch.stable.offset.unsupported = false
	isolation.level = read_uncommitted
	key.deserializer = class org.apache.kafka.common.serialization.StringDeserializer
	max.partition.fetch.bytes = 1048576
	max.poll.interval.ms = 300000
	max.poll.records = 500
	metadata.max.age.ms = 300000
	metric.reporters = []
	metrics.num.samples = 2
	metrics.recording.level = INFO
	metrics.sample.window.ms = 30000
	partition.assignment.strategy = [class org.apache.kafka.clients.consumer.RangeAssignor, class org.apache.kafka.clients.consumer.CooperativeStickyAssignor]
	receive.buffer.bytes = 65536
	reconnect.backoff.max.ms = 1000
	reconnect.backoff.ms = 50
	request.timeout.ms = 30000
	retry.backoff.ms = 100
	sasl.client.callback.handler.class = null
	sasl.jaas.config = null
	sasl.kerberos.kinit.cmd = /usr/bin/kinit
	sasl.kerberos.min.time.before.relogin = 60000
	sasl.kerberos.service.name = null
	sasl.kerberos.ticket.renew.jitter = 0.05
	sasl.kerberos.ticket.renew.window.factor = 0.8
	sasl.login.callback.handler.class = null
	sasl.login.class = null
	sasl.login.connect.timeout.ms = null
	sasl.login.read.timeout.ms = null
	sasl.login.refresh.buffer.seconds = 300
	sasl.login.refresh.min.period.seconds = 60
	sasl.login.refresh.window.factor = 0.8
	sasl.login.refresh.window.jitter = 0.05
	sasl.login.retry.backoff.max.ms = 10000
	sasl.login.retry.backoff.ms = 100
	sasl.mechanism = GSSAPI
	sasl.oauthbearer.clock.skew.seconds = 30
	sasl.oauthbearer.expected.audience = null
	sasl.oauthbearer.expected.issuer = null
	sasl.oauthbearer.jwks.endpoint.refresh.ms = 3600000
	sasl.oauthbearer.jwks.endpoint.retry.backoff.max.ms = 10000
	sasl.oauthbearer.jwks.endpoint.retry.backoff.ms = 100
	sasl.oauthbearer.jwks.endpoint.url = null
	sasl.oauthbearer.scope.claim.name = scope
	sasl.oauthbearer.sub.claim.name = sub
	sasl.oauthbearer.token.endpoint.url = null
	security.protocol = PLAINTEXT
	security.providers = null
	send.buffer.bytes = 131072
	session.timeout.ms = 45000
	socket.connection.setup.timeout.max.ms = 30000
	socket.connection.setup.timeout.ms = 10000
	ssl.cipher.suites = null
	ssl.enabled.protocols = [TLSv1.2, TLSv1.3]
	ssl.endpoint.identification.algorithm = https
	ssl.engine.factory.class = null
	ssl.key.password = null
	ssl.keymanager.algorithm = SunX509
	ssl.keystore.certificate.chain = null
	ssl.keystore.key = null
	ssl.keystore.location = null
	ssl.keystore.password = null
	ssl.keystore.type = JKS
	ssl.protocol = TLSv1.3
	ssl.provider = null
	ssl.secure.random.implementation = null
	ssl.trustmanager.algorithm = PKIX
	ssl.truststore.certificates = null
	ssl.truststore.location = null
	ssl.truststore.password = null
	ssl.truststore.type = JKS
	value.deserializer = class org.springframework.kafka.support.serializer.ErrorHandlingDeserializer

2026-08-04T12:17:05.933+01:00  INFO 43554 --- [tradeflow] [ntainer#2-0-C-1] org.apache.kafka.clients.Metadata        : [Consumer clientId=consumer-trade-log-group-1, groupId=trade-log-group] Cluster ID: yvox-DzVRjudrWzgQq5keQ
2026-08-04T12:17:05.933+01:00  INFO 43554 --- [tradeflow] [ntainer#2-0-C-1] o.a.k.c.c.internals.ConsumerCoordinator  : [Consumer clientId=consumer-trade-log-group-1, groupId=trade-log-group] Discovered group coordinator localhost:9092 (id: 2147483646 rack: null)
2026-08-04T12:17:05.936+01:00  INFO 43554 --- [tradeflow] [ntainer#0-0-C-1] org.apache.kafka.clients.Metadata        : [Consumer clientId=consumer-audit-group-2, groupId=audit-group] Cluster ID: yvox-DzVRjudrWzgQq5keQ
2026-08-04T12:17:05.936+01:00  INFO 43554 --- [tradeflow] [ntainer#0-0-C-1] o.a.k.c.c.internals.ConsumerCoordinator  : [Consumer clientId=consumer-audit-group-2, groupId=audit-group] Discovered group coordinator localhost:9092 (id: 2147483646 rack: null)
2026-08-04T12:17:05.937+01:00  INFO 43554 --- [tradeflow] [ntainer#2-0-C-1] o.a.k.c.c.internals.ConsumerCoordinator  : [Consumer clientId=consumer-trade-log-group-1, groupId=trade-log-group] (Re-)joining group
2026-08-04T12:17:05.938+01:00  INFO 43554 --- [tradeflow] [ntainer#0-0-C-1] o.a.k.c.c.internals.ConsumerCoordinator  : [Consumer clientId=consumer-audit-group-2, groupId=audit-group] (Re-)joining group
2026-08-04T12:17:05.943+01:00  INFO 43554 --- [tradeflow] [           main] o.a.kafka.common.utils.AppInfoParser     : Kafka version: 3.6.1
2026-08-04T12:17:05.944+01:00  INFO 43554 --- [tradeflow] [           main] o.a.kafka.common.utils.AppInfoParser     : Kafka commitId: 5e3c2b738d253ff5
2026-08-04T12:17:05.944+01:00  INFO 43554 --- [tradeflow] [           main] o.a.kafka.common.utils.AppInfoParser     : Kafka startTimeMs: 1785842225943
2026-08-04T12:17:05.944+01:00  INFO 43554 --- [tradeflow] [           main] fkaConsumerFactory$ExtendedKafkaConsumer : [Consumer clientId=consumer-recon-group-3, groupId=recon-group] Subscribed to topic(s): trade-events
2026-08-04T12:17:05.951+01:00  INFO 43554 --- [tradeflow] [ntainer#1-0-C-1] org.apache.kafka.clients.Metadata        : [Consumer clientId=consumer-recon-group-3, groupId=recon-group] Cluster ID: yvox-DzVRjudrWzgQq5keQ
2026-08-04T12:17:05.952+01:00  INFO 43554 --- [tradeflow] [ntainer#1-0-C-1] o.a.k.c.c.internals.ConsumerCoordinator  : [Consumer clientId=consumer-recon-group-3, groupId=recon-group] Discovered group coordinator localhost:9092 (id: 2147483646 rack: null)
2026-08-04T12:17:05.953+01:00  INFO 43554 --- [tradeflow] [ntainer#1-0-C-1] o.a.k.c.c.internals.ConsumerCoordinator  : [Consumer clientId=consumer-recon-group-3, groupId=recon-group] (Re-)joining group
2026-08-04T12:17:05.962+01:00  INFO 43554 --- [tradeflow] [ntainer#2-0-C-1] o.a.k.c.c.internals.ConsumerCoordinator  : [Consumer clientId=consumer-trade-log-group-1, groupId=trade-log-group] Request joining group due to: need to re-join with the given member-id: consumer-trade-log-group-1-4461eae8-a85f-4c9f-84c6-0b456aaf668b
2026-08-04T12:17:05.962+01:00  INFO 43554 --- [tradeflow] [ntainer#0-0-C-1] o.a.k.c.c.internals.ConsumerCoordinator  : [Consumer clientId=consumer-audit-group-2, groupId=audit-group] Request joining group due to: need to re-join with the given member-id: consumer-audit-group-2-68f32a40-970d-4ec4-ab7b-a54466664cc8
2026-08-04T12:17:05.963+01:00  INFO 43554 --- [tradeflow] [ntainer#1-0-C-1] o.a.k.c.c.internals.ConsumerCoordinator  : [Consumer clientId=consumer-recon-group-3, groupId=recon-group] Request joining group due to: need to re-join with the given member-id: consumer-recon-group-3-fde8736e-bfe6-4336-8792-d9adc4ef5917
2026-08-04T12:17:05.963+01:00  INFO 43554 --- [tradeflow] [ntainer#2-0-C-1] o.a.k.c.c.internals.ConsumerCoordinator  : [Consumer clientId=consumer-trade-log-group-1, groupId=trade-log-group] Request joining group due to: rebalance failed due to 'The group member needs to have a valid member id before actually entering a consumer group.' (MemberIdRequiredException)
2026-08-04T12:17:05.963+01:00  INFO 43554 --- [tradeflow] [ntainer#1-0-C-1] o.a.k.c.c.internals.ConsumerCoordinator  : [Consumer clientId=consumer-recon-group-3, groupId=recon-group] Request joining group due to: rebalance failed due to 'The group member needs to have a valid member id before actually entering a consumer group.' (MemberIdRequiredException)
2026-08-04T12:17:05.963+01:00  INFO 43554 --- [tradeflow] [ntainer#2-0-C-1] o.a.k.c.c.internals.ConsumerCoordinator  : [Consumer clientId=consumer-trade-log-group-1, groupId=trade-log-group] (Re-)joining group
2026-08-04T12:17:05.963+01:00  INFO 43554 --- [tradeflow] [ntainer#0-0-C-1] o.a.k.c.c.internals.ConsumerCoordinator  : [Consumer clientId=consumer-audit-group-2, groupId=audit-group] Request joining group due to: rebalance failed due to 'The group member needs to have a valid member id before actually entering a consumer group.' (MemberIdRequiredException)
2026-08-04T12:17:05.963+01:00  INFO 43554 --- [tradeflow] [ntainer#1-0-C-1] o.a.k.c.c.internals.ConsumerCoordinator  : [Consumer clientId=consumer-recon-group-3, groupId=recon-group] (Re-)joining group
2026-08-04T12:17:05.963+01:00  INFO 43554 --- [tradeflow] [ntainer#0-0-C-1] o.a.k.c.c.internals.ConsumerCoordinator  : [Consumer clientId=consumer-audit-group-2, groupId=audit-group] (Re-)joining group
2026-08-04T12:17:05.969+01:00  INFO 43554 --- [tradeflow] [           main] c.d.tradeflow.DatabaseMigrationH2Test    : Started DatabaseMigrationH2Test in 15.122 seconds (process running for 17.361)
2026-08-04T12:17:05.982+01:00  INFO 43554 --- [tradeflow] [           main] c.d.tradeflow.service.TradeProcessor     : Parsing internal feed: /var/folders/rd/7wlt0wsx6pb524g3dc5hb3mc0000gn/T/internal-trades16327625836428098643.csv
2026-08-04T12:17:05.988+01:00  INFO 43554 --- [tradeflow] [           main] c.d.tradeflow.service.TradeProcessor     : Parsing external feed: /var/folders/rd/7wlt0wsx6pb524g3dc5hb3mc0000gn/T/external-trades3777893069811560740.csv
2026-08-04T12:17:05.991+01:00  INFO 43554 --- [tradeflow] [           main] c.d.tradeflow.service.TradeProcessor     : 
Reconciliation summary
----------------------
  Internal trades : 4
  External trades : 3
  Matched         : 0
  With breaks     : 4
  Breakdown:
    - PRICE_MISMATCH       1
    - QUANTITY_MISMATCH    1
    - DATE_MISMATCH        1
    - MISSING_TRADE        1


== Day-3 recon demo (TICKET-I040) ==================================================
ReconSummary[totalInternal=4, totalExternal=3, matchedCount=0, unmatchedCount=4, breakdownByType={PRICE_MISMATCH=1, QUANTITY_MISMATCH=1, DATE_MISMATCH=1, MISSING_TRADE=1}]
====================================================================================
]]></system-out>
    <system-err><![CDATA[WARNING: A Java agent has been loaded dynamically (/Users/alykhan/.m2/repository/net/bytebuddy/byte-buddy-agent/1.14.12/byte-buddy-agent-1.14.12.jar)
WARNING: If a serviceability tool is in use, please run with -XX:+EnableDynamicAgentLoading to hide this warning
WARNING: If a serviceability tool is not in use, please run with -Djdk.instrument.traceUsage for more information
WARNING: Dynamic loading of agents will be disallowed by default in a future release
]]></system-err>
  </testcase>
</testsuite>