<?xml version="1.0" encoding="UTF-8"?>
<testsuite xmlns:xsi="http://www.w3.org/2001/XMLSchema-instance" xsi:noNamespaceSchemaLocation="https://maven.apache.org/surefire/maven-surefire-plugin/xsd/surefire-test-report-3.0.xsd" version="3.0" name="com.dbtraining.tradeflow.repository.InstrumentSchemaTest" time="16.058" tests="1" errors="0" skipped="0" failures="1">
  <properties>
[...]
</properties>
  <testcase name="instrumentsTable_containsIsinColumn" classname="com.dbtraining.tradeflow.repository.InstrumentSchemaTest" time="0.875">
    <failure message="The instruments table must expose an ISIN column for the JPA entity mapping ==&gt; expected: &lt;true&gt; but was: &lt;false&gt;" type="org.opentest4j.AssertionFailedError"><![CDATA[org.opentest4j.AssertionFailedError: The instruments table must expose an ISIN column for the JPA entity mapping ==> expected: <true> but was: <false>
	at org.junit.jupiter.api.AssertionFailureBuilder.build(AssertionFailureBuilder.java:151)
	at org.junit.jupiter.api.AssertionFailureBuilder.buildAndThrow(AssertionFailureBuilder.java:132)
	at org.junit.jupiter.api.AssertTrue.failNotTrue(AssertTrue.java:63)
	at org.junit.jupiter.api.AssertTrue.assertTrue(AssertTrue.java:36)
	at org.junit.jupiter.api.Assertions.assertTrue(Assertions.java:214)
	at com.dbtraining.tradeflow.repository.InstrumentSchemaTest.instrumentsTable_containsIsinColumn(InstrumentSchemaTest.java:25)
	at java.base/java.lang.reflect.Method.invoke(Method.java:580)
	at java.base/java.util.ArrayList.forEach(ArrayList.java:1596)
	at java.base/java.util.ArrayList.forEach(ArrayList.java:1596)
]]></failure>
    <system-out><![CDATA[15:59:25.164 [main] INFO org.springframework.test.context.support.AnnotationConfigContextLoaderUtils -- Could not detect default configuration classes for test class [com.dbtraining.tradeflow.repository.InstrumentSchemaTest]: InstrumentSchemaTest does not declare any static, non-private, non-final, nested classes annotated with @Configuration.
15:59:25.492 [main] INFO org.springframework.boot.test.context.SpringBootTestContextBootstrapper -- Found @SpringBootConfiguration com.dbtraining.tradeflow.TradeflowApplication for test class com.dbtraining.tradeflow.repository.InstrumentSchemaTest

  .   ____          _            __ _ _
 /\\ / ___'_ __ _ _(_)_ __  __ _ \ \ \ \
( ( )\___ | '_ | '_| | '_ \/ _` | \ \ \ \
 \\/  ___)| |_)| | | | | || (_| |  ) ) ) )
  '  |____| .__|_| |_|_| |_\__, | / / / /
 =========|_|==============|___/=/_/_/_/
 :: Spring Boot ::                (v3.2.4)

2026-08-03T15:59:26.356+01:00  INFO 4402 --- [tradeflow] [           main] c.d.t.repository.InstrumentSchemaTest    : Starting InstrumentSchemaTest using Java 21.0.3 with PID 4402 (started by alykhan in /Users/alykhan/Documents/tradeflow-2WYSE/backend)
2026-08-03T15:59:26.357+01:00 DEBUG 4402 --- [tradeflow] [           main] c.d.t.repository.InstrumentSchemaTest    : Running with Spring Boot v3.2.4, Spring v6.1.5
2026-08-03T15:59:26.358+01:00  INFO 4402 --- [tradeflow] [           main] c.d.t.repository.InstrumentSchemaTest    : The following 1 profile is active: "dev"
2026-08-03T15:59:28.133+01:00  INFO 4402 --- [tradeflow] [           main] .s.d.r.c.RepositoryConfigurationDelegate : Bootstrapping Spring Data JPA repositories in DEFAULT mode.
2026-08-03T15:59:28.224+01:00  INFO 4402 --- [tradeflow] [           main] .s.d.r.c.RepositoryConfigurationDelegate : Finished Spring Data repository scanning in 78 ms. Found 5 JPA repository interfaces.
2026-08-03T15:59:29.314+01:00  INFO 4402 --- [tradeflow] [           main] com.zaxxer.hikari.HikariDataSource       : HikariPool-1 - Starting...
2026-08-03T15:59:29.753+01:00  INFO 4402 --- [tradeflow] [           main] com.zaxxer.hikari.pool.HikariPool        : HikariPool-1 - Added connection conn0: url=jdbc:h2:mem:tradeflow user=SA
2026-08-03T15:59:29.755+01:00  INFO 4402 --- [tradeflow] [           main] com.zaxxer.hikari.HikariDataSource       : HikariPool-1 - Start completed.
2026-08-03T15:59:29.880+01:00  INFO 4402 --- [tradeflow] [           main] liquibase.database                       : Set default schema name to PUBLIC
2026-08-03T15:59:30.953+01:00  INFO 4402 --- [tradeflow] [           main] liquibase.changelog                      : Creating database history table with name: PUBLIC.DATABASECHANGELOG
2026-08-03T15:59:31.088+01:00  INFO 4402 --- [tradeflow] [           main] liquibase.changelog                      : Reading from PUBLIC.DATABASECHANGELOG
2026-08-03T15:59:31.252+01:00  INFO 4402 --- [tradeflow] [           main] liquibase.lockservice                    : Successfully acquired change log lock
2026-08-03T15:59:31.253+01:00  INFO 4402 --- [tradeflow] [           main] liquibase.command                        : Using deploymentId: 5769171253
2026-08-03T15:59:31.255+01:00  INFO 4402 --- [tradeflow] [           main] liquibase.changelog                      : Reading from PUBLIC.DATABASECHANGELOG
Running Changeset: db/changelog/changes/001-init.xml::001-init::tradeflow-team
2026-08-03T15:59:31.337+01:00  INFO 4402 --- [tradeflow] [           main] liquibase.changelog                      : Tag 'v0.0.0-init' applied to database
2026-08-03T15:59:31.338+01:00  INFO 4402 --- [tradeflow] [           main] liquibase.changelog                      : ChangeSet db/changelog/changes/001-init.xml::001-init::tradeflow-team ran successfully in 2ms
Running Changeset: db/changelog/changes/002-create-trades.xml::002-create-trades::your-name
2026-08-03T15:59:31.355+01:00  INFO 4402 --- [tradeflow] [           main] liquibase.changelog                      : Table trades created
2026-08-03T15:59:31.372+01:00  INFO 4402 --- [tradeflow] [           main] liquibase.changelog                      : Custom SQL executed
2026-08-03T15:59:31.374+01:00  INFO 4402 --- [tradeflow] [           main] liquibase.changelog                      : Index idx_trades_trade_date created
2026-08-03T15:59:31.375+01:00  INFO 4402 --- [tradeflow] [           main] liquibase.changelog                      : Index idx_trades_status created
2026-08-03T15:59:31.376+01:00  INFO 4402 --- [tradeflow] [           main] liquibase.changelog                      : ChangeSet db/changelog/changes/002-create-trades.xml::002-create-trades::your-name ran successfully in 29ms
Running Changeset: db/changelog/changes/003-createinstruments.xml::003-create-instruments::your-name
2026-08-03T15:59:31.384+01:00  INFO 4402 --- [tradeflow] [           main] liquibase.changelog                      : Table instruments created
2026-08-03T15:59:31.386+01:00  INFO 4402 --- [tradeflow] [           main] liquibase.changelog                      : Custom SQL executed
2026-08-03T15:59:31.386+01:00  INFO 4402 --- [tradeflow] [           main] liquibase.changelog                      : ChangeSet db/changelog/changes/003-createinstruments.xml::003-create-instruments::your-name ran successfully in 6ms
Running Changeset: db/changelog/changes/004-create-counterparties.xml::004-create-counterparties::tradeflow-team
2026-08-03T15:59:31.392+01:00  INFO 4402 --- [tradeflow] [           main] liquibase.changelog                      : Table counterparties created
2026-08-03T15:59:31.395+01:00  INFO 4402 --- [tradeflow] [           main] liquibase.changelog                      : Custom SQL executed
2026-08-03T15:59:31.395+01:00  INFO 4402 --- [tradeflow] [           main] liquibase.changelog                      : ChangeSet db/changelog/changes/004-create-counterparties.xml::004-create-counterparties::tradeflow-team ran successfully in 6ms
Running Changeset: db/changelog/changes/005-create-settlements.xml::005-create-settlements::your-name
2026-08-03T15:59:31.407+01:00  INFO 4402 --- [tradeflow] [           main] liquibase.changelog                      : Table settlements created
2026-08-03T15:59:31.409+01:00  INFO 4402 --- [tradeflow] [           main] liquibase.changelog                      : Custom SQL executed
2026-08-03T15:59:31.411+01:00  INFO 4402 --- [tradeflow] [           main] liquibase.changelog                      : Index idx_settlements_trade created
2026-08-03T15:59:31.411+01:00  INFO 4402 --- [tradeflow] [           main] liquibase.changelog                      : ChangeSet db/changelog/changes/005-create-settlements.xml::005-create-settlements::your-name ran successfully in 12ms
Running Changeset: db/changelog/changes/006-create-recon-breaks.xml::006-create-recon-breaks::your-name
2026-08-03T15:59:31.421+01:00  INFO 4402 --- [tradeflow] [           main] liquibase.changelog                      : Table recon_breaks created
2026-08-03T15:59:31.426+01:00  INFO 4402 --- [tradeflow] [           main] liquibase.changelog                      : Custom SQL executed
2026-08-03T15:59:31.429+01:00  INFO 4402 --- [tradeflow] [           main] liquibase.changelog                      : Index idx_recon_breaks_status created
2026-08-03T15:59:31.430+01:00  INFO 4402 --- [tradeflow] [           main] liquibase.changelog                      : Index idx_recon_breaks_trade created
2026-08-03T15:59:31.431+01:00  INFO 4402 --- [tradeflow] [           main] liquibase.changelog                      : ChangeSet db/changelog/changes/006-create-recon-breaks.xml::006-create-recon-breaks::your-name ran successfully in 15ms
Running Changeset: db/changelog/changes/007-fks-and-indexes.xml::007-fks-and-indexes::your-name
2026-08-03T15:59:31.449+01:00  INFO 4402 --- [tradeflow] [           main] liquibase.changelog                      : Foreign key constraint added to trades (instrument_id)
2026-08-03T15:59:31.452+01:00  INFO 4402 --- [tradeflow] [           main] liquibase.changelog                      : Foreign key constraint added to trades (counterparty_id)
2026-08-03T15:59:31.453+01:00  INFO 4402 --- [tradeflow] [           main] liquibase.changelog                      : Index idx_settlements_status created
2026-08-03T15:59:31.453+01:00  INFO 4402 --- [tradeflow] [           main] liquibase.changelog                      : ChangeSet db/changelog/changes/007-fks-and-indexes.xml::007-fks-and-indexes::your-name ran successfully in 7ms
Running Changeset: db/changelog/changes/008-seed-instruments.xml::008-seed-instruments::your-name
2026-08-03T15:59:31.461+01:00  INFO 4402 --- [tradeflow] [           main] liquibase.changelog                      : New row inserted into instruments
2026-08-03T15:59:31.463+01:00  INFO 4402 --- [tradeflow] [           main] liquibase.changelog                      : New row inserted into instruments
2026-08-03T15:59:31.464+01:00  INFO 4402 --- [tradeflow] [           main] liquibase.changelog                      : New row inserted into instruments
2026-08-03T15:59:31.465+01:00  INFO 4402 --- [tradeflow] [           main] liquibase.changelog                      : New row inserted into instruments
2026-08-03T15:59:31.466+01:00  INFO 4402 --- [tradeflow] [           main] liquibase.changelog                      : New row inserted into instruments
2026-08-03T15:59:31.466+01:00  INFO 4402 --- [tradeflow] [           main] liquibase.changelog                      : ChangeSet db/changelog/changes/008-seed-instruments.xml::008-seed-instruments::your-name ran successfully in 7ms
Running Changeset: db/changelog/changes/009-seed-counterparties.xml::009-seed-counterparties::your-name
2026-08-03T15:59:31.472+01:00  INFO 4402 --- [tradeflow] [           main] liquibase.changelog                      : New row inserted into counterparties
2026-08-03T15:59:31.473+01:00  INFO 4402 --- [tradeflow] [           main] liquibase.changelog                      : New row inserted into counterparties
2026-08-03T15:59:31.475+01:00  INFO 4402 --- [tradeflow] [           main] liquibase.changelog                      : New row inserted into counterparties
2026-08-03T15:59:31.476+01:00  INFO 4402 --- [tradeflow] [           main] liquibase.changelog                      : New row inserted into counterparties
2026-08-03T15:59:31.476+01:00  INFO 4402 --- [tradeflow] [           main] liquibase.changelog                      : ChangeSet db/changelog/changes/009-seed-counterparties.xml::009-seed-counterparties::your-name ran successfully in 5ms
Running Changeset: db/changelog/changes/010-seed-trades.xml::010-seed-trades::your-name
2026-08-03T15:59:31.489+01:00  INFO 4402 --- [tradeflow] [           main] liquibase.changelog                      : New row inserted into trades
2026-08-03T15:59:31.490+01:00  INFO 4402 --- [tradeflow] [           main] liquibase.changelog                      : New row inserted into trades
2026-08-03T15:59:31.492+01:00  INFO 4402 --- [tradeflow] [           main] liquibase.changelog                      : New row inserted into trades
2026-08-03T15:59:31.493+01:00  INFO 4402 --- [tradeflow] [           main] liquibase.changelog                      : New row inserted into trades
2026-08-03T15:59:31.495+01:00  INFO 4402 --- [tradeflow] [           main] liquibase.changelog                      : New row inserted into trades
2026-08-03T15:59:31.496+01:00  INFO 4402 --- [tradeflow] [           main] liquibase.changelog                      : New row inserted into trades
2026-08-03T15:59:31.497+01:00  INFO 4402 --- [tradeflow] [           main] liquibase.changelog                      : New row inserted into trades
2026-08-03T15:59:31.498+01:00  INFO 4402 --- [tradeflow] [           main] liquibase.changelog                      : New row inserted into trades
2026-08-03T15:59:31.500+01:00  INFO 4402 --- [tradeflow] [           main] liquibase.changelog                      : New row inserted into trades
2026-08-03T15:59:31.501+01:00  INFO 4402 --- [tradeflow] [           main] liquibase.changelog                      : New row inserted into trades
2026-08-03T15:59:31.502+01:00  INFO 4402 --- [tradeflow] [           main] liquibase.changelog                      : ChangeSet db/changelog/changes/010-seed-trades.xml::010-seed-trades::your-name ran successfully in 15ms
Running Changeset: db/changelog/changes/011-create-views.xml::011-create-view-open-breaks::your-name
2026-08-03T15:59:31.514+01:00  INFO 4402 --- [tradeflow] [           main] liquibase.changelog                      : View v_open_breaks created
2026-08-03T15:59:31.514+01:00  INFO 4402 --- [tradeflow] [           main] liquibase.changelog                      : ChangeSet db/changelog/changes/011-create-views.xml::011-create-view-open-breaks::your-name ran successfully in 8ms
Running Changeset: db/changelog/changes/011-create-views.xml::011-create-view-settlement-lag::your-name
2026-08-03T15:59:31.586+01:00  INFO 4402 --- [tradeflow] [           main] liquibase.changelog                      : View v_settlement_lag created
2026-08-03T15:59:31.587+01:00  INFO 4402 --- [tradeflow] [           main] liquibase.changelog                      : ChangeSet db/changelog/changes/011-create-views.xml::011-create-view-settlement-lag::your-name ran successfully in 20ms
Running Changeset: db/changelog/changes/012-create-audit-log.xml::012-create-audit-log::your-name
2026-08-03T15:59:31.601+01:00  INFO 4402 --- [tradeflow] [           main] liquibase.changelog                      : Table audit_log created
2026-08-03T15:59:31.605+01:00  INFO 4402 --- [tradeflow] [           main] liquibase.changelog                      : Custom SQL executed
2026-08-03T15:59:31.607+01:00  INFO 4402 --- [tradeflow] [           main] liquibase.changelog                      : Index idx_audit_log_table_pk created
2026-08-03T15:59:31.609+01:00  INFO 4402 --- [tradeflow] [           main] liquibase.changelog                      : Index idx_audit_log_changed_at created
2026-08-03T15:59:31.610+01:00  INFO 4402 --- [tradeflow] [           main] liquibase.changelog                      : ChangeSet db/changelog/changes/012-create-audit-log.xml::012-create-audit-log::your-name ran successfully in 14ms
2026-08-03T15:59:31.618+01:00  INFO 4402 --- [tradeflow] [           main] liquibase.util                           : UPDATE SUMMARY
2026-08-03T15:59:31.618+01:00  INFO 4402 --- [tradeflow] [           main] liquibase.util                           : Run:                         13
2026-08-03T15:59:31.618+01:00  INFO 4402 --- [tradeflow] [           main] liquibase.util                           : Previously run:               0
2026-08-03T15:59:31.618+01:00  INFO 4402 --- [tradeflow] [           main] liquibase.util                           : Filtered out:                 0
2026-08-03T15:59:31.618+01:00  INFO 4402 --- [tradeflow] [           main] liquibase.util                           : -------------------------------
2026-08-03T15:59:31.618+01:00  INFO 4402 --- [tradeflow] [           main] liquibase.util                           : Total change sets:           13
2026-08-03T15:59:31.618+01:00  INFO 4402 --- [tradeflow] [           main] liquibase.util                           : Update summary generated
2026-08-03T15:59:31.621+01:00  INFO 4402 --- [tradeflow] [           main] liquibase.command                        : Update command completed successfully.
Liquibase: Update has been successful. Rows affected: 32
2026-08-03T15:59:31.623+01:00  INFO 4402 --- [tradeflow] [           main] liquibase.lockservice                    : Successfully released change log lock
2026-08-03T15:59:31.623+01:00  INFO 4402 --- [tradeflow] [           main] liquibase.command                        : Command execution complete
2026-08-03T15:59:31.796+01:00  INFO 4402 --- [tradeflow] [           main] o.hibernate.jpa.internal.util.LogHelper  : HHH000204: Processing PersistenceUnitInfo [name: default]
2026-08-03T15:59:31.903+01:00  INFO 4402 --- [tradeflow] [           main] org.hibernate.Version                    : HHH000412: Hibernate ORM core version 6.4.4.Final
2026-08-03T15:59:31.954+01:00  INFO 4402 --- [tradeflow] [           main] o.h.c.internal.RegionFactoryInitiator    : HHH000026: Second-level cache disabled
2026-08-03T15:59:32.326+01:00  INFO 4402 --- [tradeflow] [           main] o.s.o.j.p.SpringPersistenceUnitInfo      : No LoadTimeWeaver setup: ignoring JPA class transformer
2026-08-03T15:59:34.736+01:00  INFO 4402 --- [tradeflow] [           main] o.h.e.t.j.p.i.JtaPlatformInitiator       : HHH000489: No JTA platform available (set 'hibernate.transaction.jta.platform' to enable JTA platform integration)
2026-08-03T15:59:34.740+01:00  INFO 4402 --- [tradeflow] [           main] j.LocalContainerEntityManagerFactoryBean : Initialized JPA EntityManagerFactory for persistence unit 'default'
2026-08-03T15:59:35.300+01:00  INFO 4402 --- [tradeflow] [           main] o.s.d.j.r.query.QueryEnhancerFactory     : Hibernate is in classpath; If applicable, HQL parser will be used.
2026-08-03T15:59:37.960+01:00  INFO 4402 --- [tradeflow] [           main] o.s.b.a.e.web.EndpointLinksResolver      : Exposing 3 endpoint(s) beneath base path '/actuator'
2026-08-03T15:59:38.072+01:00  INFO 4402 --- [tradeflow] [           main] o.s.s.web.DefaultSecurityFilterChain     : Will secure any request with [org.springframework.security.web.session.DisableEncodeUrlFilter@1a0bd564, org.springframework.security.web.context.request.async.WebAsyncManagerIntegrationFilter@60d40418, org.springframework.security.web.context.SecurityContextHolderFilter@a3ee1f, org.springframework.security.web.header.HeaderWriterFilter@7a4d3d23, org.springframework.web.filter.CorsFilter@8be47d9, org.springframework.security.web.authentication.logout.LogoutFilter@22e2a95d, org.springframework.security.web.authentication.www.BasicAuthenticationFilter@4ac70728, org.springframework.security.web.savedrequest.RequestCacheAwareFilter@356bc5e4, org.springframework.security.web.servletapi.SecurityContextHolderAwareRequestFilter@6ecc753c, org.springframework.security.web.authentication.AnonymousAuthenticationFilter@5be2f0ec, org.springframework.security.web.session.SessionManagementFilter@5cbb8595, org.springframework.security.web.access.ExceptionTranslationFilter@678e2172, org.springframework.security.web.access.intercept.AuthorizationFilter@1b8e4da3]
2026-08-03T15:59:38.770+01:00  INFO 4402 --- [tradeflow] [           main] o.s.b.a.h2.H2ConsoleAutoConfiguration    : H2 console available at '/h2-console'. Database available at 'jdbc:h2:mem:tradeflow'
2026-08-03T15:59:38.999+01:00  INFO 4402 --- [tradeflow] [           main] o.a.k.clients.admin.AdminClientConfig    : AdminClientConfig values: 
	auto.include.jmx.reporter = true
	bootstrap.servers = [localhost:9092]
	client.dns.lookup = use_all_dns_ips
	client.id = 
	connections.max.idle.ms = 300000
	default.api.timeout.ms = 60000
	metadata.max.age.ms = 300000
	metric.reporters = []
	metrics.num.samples = 2
	metrics.recording.level = INFO
	metrics.sample.window.ms = 30000
	receive.buffer.bytes = 65536
	reconnect.backoff.max.ms = 1000
	reconnect.backoff.ms = 50
	request.timeout.ms = 30000
	retries = 2147483647
	retry.backoff.ms = 100
	sasl.client.callback.handler.class = null
	sasl.jaas.config = null
	sasl.kerberos.kinit.cmd = /usr/bin/kinit
	sasl.kerberos.min.time.before.relogin = 60000
	sasl.kerberos.service.name = null
	sasl.kerberos.ticket.renew.jitter = 0.05
	sasl.kerberos.ticket.renew.window.factor = 0.8
	sasl.login.callback.handler.class = null
	sasl.login.class = null
	sasl.login.connect.timeout.ms = null
	sasl.login.read.timeout.ms = null
	sasl.login.refresh.buffer.seconds = 300
	sasl.login.refresh.min.period.seconds = 60
	sasl.login.refresh.window.factor = 0.8
	sasl.login.refresh.window.jitter = 0.05
	sasl.login.retry.backoff.max.ms = 10000
	sasl.login.retry.backoff.ms = 100
	sasl.mechanism = GSSAPI
	sasl.oauthbearer.clock.skew.seconds = 30
	sasl.oauthbearer.expected.audience = null
	sasl.oauthbearer.expected.issuer = null
	sasl.oauthbearer.jwks.endpoint.refresh.ms = 3600000
	sasl.oauthbearer.jwks.endpoint.retry.backoff.max.ms = 10000
	sasl.oauthbearer.jwks.endpoint.retry.backoff.ms = 100
	sasl.oauthbearer.jwks.endpoint.url = null
	sasl.oauthbearer.scope.claim.name = scope
	sasl.oauthbearer.sub.claim.name = sub
	sasl.oauthbearer.token.endpoint.url = null
	security.protocol = PLAINTEXT
	security.providers = null
	send.buffer.bytes = 131072
	socket.connection.setup.timeout.max.ms = 30000
	socket.connection.setup.timeout.ms = 10000
	ssl.cipher.suites = null
	ssl.enabled.protocols = [TLSv1.2, TLSv1.3]
	ssl.endpoint.identification.algorithm = https
	ssl.engine.factory.class = null
	ssl.key.password = null
	ssl.keymanager.algorithm = SunX509
	ssl.keystore.certificate.chain = null
	ssl.keystore.key = null
	ssl.keystore.location = null
	ssl.keystore.password = null
	ssl.keystore.type = JKS
	ssl.protocol = TLSv1.3
	ssl.provider = null
	ssl.secure.random.implementation = null
	ssl.trustmanager.algorithm = PKIX
	ssl.truststore.certificates = null
	ssl.truststore.location = null
	ssl.truststore.password = null
	ssl.truststore.type = JKS

2026-08-03T15:59:39.166+01:00  INFO 4402 --- [tradeflow] [           main] o.a.kafka.common.utils.AppInfoParser     : Kafka version: 3.6.1
2026-08-03T15:59:39.166+01:00  INFO 4402 --- [tradeflow] [           main] o.a.kafka.common.utils.AppInfoParser     : Kafka commitId: 5e3c2b738d253ff5
2026-08-03T15:59:39.166+01:00  INFO 4402 --- [tradeflow] [           main] o.a.kafka.common.utils.AppInfoParser     : Kafka startTimeMs: 1785769179165
2026-08-03T15:59:39.740+01:00  INFO 4402 --- [tradeflow] [| adminclient-1] o.a.kafka.common.utils.AppInfoParser     : App info kafka.admin.client for adminclient-1 unregistered
2026-08-03T15:59:39.747+01:00  INFO 4402 --- [tradeflow] [| adminclient-1] o.apache.kafka.common.metrics.Metrics    : Metrics scheduler closed
2026-08-03T15:59:39.747+01:00  INFO 4402 --- [tradeflow] [| adminclient-1] o.apache.kafka.common.metrics.Metrics    : Closing reporter org.apache.kafka.common.metrics.JmxReporter
2026-08-03T15:59:39.747+01:00  INFO 4402 --- [tradeflow] [| adminclient-1] o.apache.kafka.common.metrics.Metrics    : Metrics reporters closed
2026-08-03T15:59:39.802+01:00  INFO 4402 --- [tradeflow] [           main] o.a.k.clients.consumer.ConsumerConfig    : ConsumerConfig values: 
	allow.auto.create.topics = true
	auto.commit.interval.ms = 5000
	auto.include.jmx.reporter = true
	auto.offset.reset = latest
	bootstrap.servers = [localhost:9092]
	check.crcs = true
	client.dns.lookup = use_all_dns_ips
	client.id = consumer-trade-log-group-1
	client.rack = 
	connections.max.idle.ms = 540000
	default.api.timeout.ms = 60000
	enable.auto.commit = false
	exclude.internal.topics = true
	fetch.max.bytes = 52428800
	fetch.max.wait.ms = 500
	fetch.min.bytes = 1
	group.id = trade-log-group
	group.instance.id = null
	heartbeat.interval.ms = 3000
	interceptor.classes = []
	internal.leave.group.on.close = true
	internal.throw.on.fetch.stable.offset.unsupported = false
	isolation.level = read_uncommitted
	key.deserializer = class org.apache.kafka.common.serialization.StringDeserializer
	max.partition.fetch.bytes = 1048576
	max.poll.interval.ms = 300000
	max.poll.records = 500
	metadata.max.age.ms = 300000
	metric.reporters = []
	metrics.num.samples = 2
	metrics.recording.level = INFO
	metrics.sample.window.ms = 30000
	partition.assignment.strategy = [class org.apache.kafka.clients.consumer.RangeAssignor, class org.apache.kafka.clients.consumer.CooperativeStickyAssignor]
	receive.buffer.bytes = 65536
	reconnect.backoff.max.ms = 1000
	reconnect.backoff.ms = 50
	request.timeout.ms = 30000
	retry.backoff.ms = 100
	sasl.client.callback.handler.class = null
	sasl.jaas.config = null
	sasl.kerberos.kinit.cmd = /usr/bin/kinit
	sasl.kerberos.min.time.before.relogin = 60000
	sasl.kerberos.service.name = null
	sasl.kerberos.ticket.renew.jitter = 0.05
	sasl.kerberos.ticket.renew.window.factor = 0.8
	sasl.login.callback.handler.class = null
	sasl.login.class = null
	sasl.login.connect.timeout.ms = null
	sasl.login.read.timeout.ms = null
	sasl.login.refresh.buffer.seconds = 300
	sasl.login.refresh.min.period.seconds = 60
	sasl.login.refresh.window.factor = 0.8
	sasl.login.refresh.window.jitter = 0.05
	sasl.login.retry.backoff.max.ms = 10000
	sasl.login.retry.backoff.ms = 100
	sasl.mechanism = GSSAPI
	sasl.oauthbearer.clock.skew.seconds = 30
	sasl.oauthbearer.expected.audience = null
	sasl.oauthbearer.expected.issuer = null
	sasl.oauthbearer.jwks.endpoint.refresh.ms = 3600000
	sasl.oauthbearer.jwks.endpoint.retry.backoff.max.ms = 10000
	sasl.oauthbearer.jwks.endpoint.retry.backoff.ms = 100
	sasl.oauthbearer.jwks.endpoint.url = null
	sasl.oauthbearer.scope.claim.name = scope
	sasl.oauthbearer.sub.claim.name = sub
	sasl.oauthbearer.token.endpoint.url = null
	security.protocol = PLAINTEXT
	security.providers = null
	send.buffer.bytes = 131072
	session.timeout.ms = 45000
	socket.connection.setup.timeout.max.ms = 30000
	socket.connection.setup.timeout.ms = 10000
	ssl.cipher.suites = null
	ssl.enabled.protocols = [TLSv1.2, TLSv1.3]
	ssl.endpoint.identification.algorithm = https
	ssl.engine.factory.class = null
	ssl.key.password = null
	ssl.keymanager.algorithm = SunX509
	ssl.keystore.certificate.chain = null
	ssl.keystore.key = null
	ssl.keystore.location = null
	ssl.keystore.password = null
	ssl.keystore.type = JKS
	ssl.protocol = TLSv1.3
	ssl.provider = null
	ssl.secure.random.implementation = null
	ssl.trustmanager.algorithm = PKIX
	ssl.truststore.certificates = null
	ssl.truststore.location = null
	ssl.truststore.password = null
	ssl.truststore.type = JKS
	value.deserializer = class org.springframework.kafka.support.serializer.ErrorHandlingDeserializer

2026-08-03T15:59:39.927+01:00  INFO 4402 --- [tradeflow] [           main] o.a.kafka.common.utils.AppInfoParser     : Kafka version: 3.6.1
2026-08-03T15:59:39.927+01:00  INFO 4402 --- [tradeflow] [           main] o.a.kafka.common.utils.AppInfoParser     : Kafka commitId: 5e3c2b738d253ff5
2026-08-03T15:59:39.927+01:00  INFO 4402 --- [tradeflow] [           main] o.a.kafka.common.utils.AppInfoParser     : Kafka startTimeMs: 1785769179927
2026-08-03T15:59:39.929+01:00  INFO 4402 --- [tradeflow] [           main] fkaConsumerFactory$ExtendedKafkaConsumer : [Consumer clientId=consumer-trade-log-group-1, groupId=trade-log-group] Subscribed to topic(s): trade-events
2026-08-03T15:59:39.939+01:00  INFO 4402 --- [tradeflow] [           main] o.a.k.clients.consumer.ConsumerConfig    : ConsumerConfig values: 
	allow.auto.create.topics = true
	auto.commit.interval.ms = 5000
	auto.include.jmx.reporter = true
	auto.offset.reset = latest
	bootstrap.servers = [localhost:9092]
	check.crcs = true
	client.dns.lookup = use_all_dns_ips
	client.id = consumer-audit-group-2
	client.rack = 
	connections.max.idle.ms = 540000
	default.api.timeout.ms = 60000
	enable.auto.commit = false
	exclude.internal.topics = true
	fetch.max.bytes = 52428800
	fetch.max.wait.ms = 500
	fetch.min.bytes = 1
	group.id = audit-group
	group.instance.id = null
	heartbeat.interval.ms = 3000
	interceptor.classes = []
	internal.leave.group.on.close = true
	internal.throw.on.fetch.stable.offset.unsupported = false
	isolation.level = read_uncommitted
	key.deserializer = class org.apache.kafka.common.serialization.StringDeserializer
	max.partition.fetch.bytes = 1048576
	max.poll.interval.ms = 300000
	max.poll.records = 500
	metadata.max.age.ms = 300000
	metric.reporters = []
	metrics.num.samples = 2
	metrics.recording.level = INFO
	metrics.sample.window.ms = 30000
	partition.assignment.strategy = [class org.apache.kafka.clients.consumer.RangeAssignor, class org.apache.kafka.clients.consumer.CooperativeStickyAssignor]
	receive.buffer.bytes = 65536
	reconnect.backoff.max.ms = 1000
	reconnect.backoff.ms = 50
	request.timeout.ms = 30000
	retry.backoff.ms = 100
	sasl.client.callback.handler.class = null
	sasl.jaas.config = null
	sasl.kerberos.kinit.cmd = /usr/bin/kinit
	sasl.kerberos.min.time.before.relogin = 60000
	sasl.kerberos.service.name = null
	sasl.kerberos.ticket.renew.jitter = 0.05
	sasl.kerberos.ticket.renew.window.factor = 0.8
	sasl.login.callback.handler.class = null
	sasl.login.class = null
	sasl.login.connect.timeout.ms = null
	sasl.login.read.timeout.ms = null
	sasl.login.refresh.buffer.seconds = 300
	sasl.login.refresh.min.period.seconds = 60
	sasl.login.refresh.window.factor = 0.8
	sasl.login.refresh.window.jitter = 0.05
	sasl.login.retry.backoff.max.ms = 10000
	sasl.login.retry.backoff.ms = 100
	sasl.mechanism = GSSAPI
	sasl.oauthbearer.clock.skew.seconds = 30
	sasl.oauthbearer.expected.audience = null
	sasl.oauthbearer.expected.issuer = null
	sasl.oauthbearer.jwks.endpoint.refresh.ms = 3600000
	sasl.oauthbearer.jwks.endpoint.retry.backoff.max.ms = 10000
	sasl.oauthbearer.jwks.endpoint.retry.backoff.ms = 100
	sasl.oauthbearer.jwks.endpoint.url = null
	sasl.oauthbearer.scope.claim.name = scope
	sasl.oauthbearer.sub.claim.name = sub
	sasl.oauthbearer.token.endpoint.url = null
	security.protocol = PLAINTEXT
	security.providers = null
	send.buffer.bytes = 131072
	session.timeout.ms = 45000
	socket.connection.setup.timeout.max.ms = 30000
	socket.connection.setup.timeout.ms = 10000
	ssl.cipher.suites = null
	ssl.enabled.protocols = [TLSv1.2, TLSv1.3]
	ssl.endpoint.identification.algorithm = https
	ssl.engine.factory.class = null
	ssl.key.password = null
	ssl.keymanager.algorithm = SunX509
	ssl.keystore.certificate.chain = null
	ssl.keystore.key = null
	ssl.keystore.location = null
	ssl.keystore.password = null
	ssl.keystore.type = JKS
	ssl.protocol = TLSv1.3
	ssl.provider = null
	ssl.secure.random.implementation = null
	ssl.trustmanager.algorithm = PKIX
	ssl.truststore.certificates = null
	ssl.truststore.location = null
	ssl.truststore.password = null
	ssl.truststore.type = JKS
	value.deserializer = class org.springframework.kafka.support.serializer.ErrorHandlingDeserializer

2026-08-03T15:59:39.951+01:00  INFO 4402 --- [tradeflow] [           main] o.a.kafka.common.utils.AppInfoParser     : Kafka version: 3.6.1
2026-08-03T15:59:39.952+01:00  INFO 4402 --- [tradeflow] [           main] o.a.kafka.common.utils.AppInfoParser     : Kafka commitId: 5e3c2b738d253ff5
2026-08-03T15:59:39.952+01:00  INFO 4402 --- [tradeflow] [           main] o.a.kafka.common.utils.AppInfoParser     : Kafka startTimeMs: 1785769179951
2026-08-03T15:59:39.952+01:00  INFO 4402 --- [tradeflow] [           main] fkaConsumerFactory$ExtendedKafkaConsumer : [Consumer clientId=consumer-audit-group-2, groupId=audit-group] Subscribed to topic(s): trade-events
2026-08-03T15:59:39.954+01:00  INFO 4402 --- [tradeflow] [           main] o.a.k.clients.consumer.ConsumerConfig    : ConsumerConfig values: 
	allow.auto.create.topics = true
	auto.commit.interval.ms = 5000
	auto.include.jmx.reporter = true
	auto.offset.reset = latest
	bootstrap.servers = [localhost:9092]
	check.crcs = true
	client.dns.lookup = use_all_dns_ips
	client.id = consumer-recon-group-3
	client.rack = 
	connections.max.idle.ms = 540000
	default.api.timeout.ms = 60000
	enable.auto.commit = false
	exclude.internal.topics = true
	fetch.max.bytes = 52428800
	fetch.max.wait.ms = 500
	fetch.min.bytes = 1
	group.id = recon-group
	group.instance.id = null
	heartbeat.interval.ms = 3000
	interceptor.classes = []
	internal.leave.group.on.close = true
	internal.throw.on.fetch.stable.offset.unsupported = false
	isolation.level = read_uncommitted
	key.deserializer = class org.apache.kafka.common.serialization.StringDeserializer
	max.partition.fetch.bytes = 1048576
	max.poll.interval.ms = 300000
	max.poll.records = 500
	metadata.max.age.ms = 300000
	metric.reporters = []
	metrics.num.samples = 2
	metrics.recording.level = INFO
	metrics.sample.window.ms = 30000
	partition.assignment.strategy = [class org.apache.kafka.clients.consumer.RangeAssignor, class org.apache.kafka.clients.consumer.CooperativeStickyAssignor]
	receive.buffer.bytes = 65536
	reconnect.backoff.max.ms = 1000
	reconnect.backoff.ms = 50
	request.timeout.ms = 30000
	retry.backoff.ms = 100
	sasl.client.callback.handler.class = null
	sasl.jaas.config = null
	sasl.kerberos.kinit.cmd = /usr/bin/kinit
	sasl.kerberos.min.time.before.relogin = 60000
	sasl.kerberos.service.name = null
	sasl.kerberos.ticket.renew.jitter = 0.05
	sasl.kerberos.ticket.renew.window.factor = 0.8
	sasl.login.callback.handler.class = null
	sasl.login.class = null
	sasl.login.connect.timeout.ms = null
	sasl.login.read.timeout.ms = null
	sasl.login.refresh.buffer.seconds = 300
	sasl.login.refresh.min.period.seconds = 60
	sasl.login.refresh.window.factor = 0.8
	sasl.login.refresh.window.jitter = 0.05
	sasl.login.retry.backoff.max.ms = 10000
	sasl.login.retry.backoff.ms = 100
	sasl.mechanism = GSSAPI
	sasl.oauthbearer.clock.skew.seconds = 30
	sasl.oauthbearer.expected.audience = null
	sasl.oauthbearer.expected.issuer = null
	sasl.oauthbearer.jwks.endpoint.refresh.ms = 3600000
	sasl.oauthbearer.jwks.endpoint.retry.backoff.max.ms = 10000
	sasl.oauthbearer.jwks.endpoint.retry.backoff.ms = 100
	sasl.oauthbearer.jwks.endpoint.url = null
	sasl.oauthbearer.scope.claim.name = scope
	sasl.oauthbearer.sub.claim.name = sub
	sasl.oauthbearer.token.endpoint.url = null
	security.protocol = PLAINTEXT
	security.providers = null
	send.buffer.bytes = 131072
	session.timeout.ms = 45000
	socket.connection.setup.timeout.max.ms = 30000
	socket.connection.setup.timeout.ms = 10000
	ssl.cipher.suites = null
	ssl.enabled.protocols = [TLSv1.2, TLSv1.3]
	ssl.endpoint.identification.algorithm = https
	ssl.engine.factory.class = null
	ssl.key.password = null
	ssl.keymanager.algorithm = SunX509
	ssl.keystore.certificate.chain = null
	ssl.keystore.key = null
	ssl.keystore.location = null
	ssl.keystore.password = null
	ssl.keystore.type = JKS
	ssl.protocol = TLSv1.3
	ssl.provider = null
	ssl.secure.random.implementation = null
	ssl.trustmanager.algorithm = PKIX
	ssl.truststore.certificates = null
	ssl.truststore.location = null
	ssl.truststore.password = null
	ssl.truststore.type = JKS
	value.deserializer = class org.springframework.kafka.support.serializer.ErrorHandlingDeserializer

2026-08-03T15:59:39.957+01:00  INFO 4402 --- [tradeflow] [ntainer#2-0-C-1] org.apache.kafka.clients.Metadata        : [Consumer clientId=consumer-trade-log-group-1, groupId=trade-log-group] Cluster ID: yvox-DzVRjudrWzgQq5keQ
2026-08-03T15:59:39.958+01:00  INFO 4402 --- [tradeflow] [ntainer#2-0-C-1] o.a.k.c.c.internals.ConsumerCoordinator  : [Consumer clientId=consumer-trade-log-group-1, groupId=trade-log-group] Discovered group coordinator localhost:9092 (id: 2147483646 rack: null)
2026-08-03T15:59:39.960+01:00  INFO 4402 --- [tradeflow] [ntainer#0-0-C-1] org.apache.kafka.clients.Metadata        : [Consumer clientId=consumer-audit-group-2, groupId=audit-group] Cluster ID: yvox-DzVRjudrWzgQq5keQ
2026-08-03T15:59:39.961+01:00  INFO 4402 --- [tradeflow] [ntainer#2-0-C-1] o.a.k.c.c.internals.ConsumerCoordinator  : [Consumer clientId=consumer-trade-log-group-1, groupId=trade-log-group] (Re-)joining group
2026-08-03T15:59:39.962+01:00  INFO 4402 --- [tradeflow] [ntainer#0-0-C-1] o.a.k.c.c.internals.ConsumerCoordinator  : [Consumer clientId=consumer-audit-group-2, groupId=audit-group] Discovered group coordinator localhost:9092 (id: 2147483646 rack: null)
2026-08-03T15:59:39.963+01:00  INFO 4402 --- [tradeflow] [ntainer#0-0-C-1] o.a.k.c.c.internals.ConsumerCoordinator  : [Consumer clientId=consumer-audit-group-2, groupId=audit-group] (Re-)joining group
2026-08-03T15:59:39.967+01:00  INFO 4402 --- [tradeflow] [           main] o.a.kafka.common.utils.AppInfoParser     : Kafka version: 3.6.1
2026-08-03T15:59:39.967+01:00  INFO 4402 --- [tradeflow] [           main] o.a.kafka.common.utils.AppInfoParser     : Kafka commitId: 5e3c2b738d253ff5
2026-08-03T15:59:39.967+01:00  INFO 4402 --- [tradeflow] [           main] o.a.kafka.common.utils.AppInfoParser     : Kafka startTimeMs: 1785769179967
2026-08-03T15:59:39.967+01:00  INFO 4402 --- [tradeflow] [           main] fkaConsumerFactory$ExtendedKafkaConsumer : [Consumer clientId=consumer-recon-group-3, groupId=recon-group] Subscribed to topic(s): trade-events
2026-08-03T15:59:39.976+01:00  INFO 4402 --- [tradeflow] [ntainer#1-0-C-1] org.apache.kafka.clients.Metadata        : [Consumer clientId=consumer-recon-group-3, groupId=recon-group] Cluster ID: yvox-DzVRjudrWzgQq5keQ
2026-08-03T15:59:39.976+01:00  INFO 4402 --- [tradeflow] [ntainer#1-0-C-1] o.a.k.c.c.internals.ConsumerCoordinator  : [Consumer clientId=consumer-recon-group-3, groupId=recon-group] Discovered group coordinator localhost:9092 (id: 2147483646 rack: null)
2026-08-03T15:59:39.977+01:00  INFO 4402 --- [tradeflow] [ntainer#1-0-C-1] o.a.k.c.c.internals.ConsumerCoordinator  : [Consumer clientId=consumer-recon-group-3, groupId=recon-group] (Re-)joining group
2026-08-03T15:59:39.987+01:00  INFO 4402 --- [tradeflow] [ntainer#0-0-C-1] o.a.k.c.c.internals.ConsumerCoordinator  : [Consumer clientId=consumer-audit-group-2, groupId=audit-group] Request joining group due to: need to re-join with the given member-id: consumer-audit-group-2-73ef0e6d-d9fb-4af1-869a-6046da53fe46
2026-08-03T15:59:39.987+01:00  INFO 4402 --- [tradeflow] [ntainer#1-0-C-1] o.a.k.c.c.internals.ConsumerCoordinator  : [Consumer clientId=consumer-recon-group-3, groupId=recon-group] Request joining group due to: need to re-join with the given member-id: consumer-recon-group-3-05c1489a-0e83-4e02-9b24-c7a0f27a43ab
2026-08-03T15:59:39.987+01:00  INFO 4402 --- [tradeflow] [ntainer#0-0-C-1] o.a.k.c.c.internals.ConsumerCoordinator  : [Consumer clientId=consumer-audit-group-2, groupId=audit-group] Request joining group due to: rebalance failed due to 'The group member needs to have a valid member id before actually entering a consumer group.' (MemberIdRequiredException)
2026-08-03T15:59:39.988+01:00  INFO 4402 --- [tradeflow] [ntainer#1-0-C-1] o.a.k.c.c.internals.ConsumerCoordinator  : [Consumer clientId=consumer-recon-group-3, groupId=recon-group] Request joining group due to: rebalance failed due to 'The group member needs to have a valid member id before actually entering a consumer group.' (MemberIdRequiredException)
2026-08-03T15:59:39.988+01:00  INFO 4402 --- [tradeflow] [ntainer#1-0-C-1] o.a.k.c.c.internals.ConsumerCoordinator  : [Consumer clientId=consumer-recon-group-3, groupId=recon-group] (Re-)joining group
2026-08-03T15:59:39.988+01:00  INFO 4402 --- [tradeflow] [ntainer#2-0-C-1] o.a.k.c.c.internals.ConsumerCoordinator  : [Consumer clientId=consumer-trade-log-group-1, groupId=trade-log-group] Request joining group due to: need to re-join with the given member-id: consumer-trade-log-group-1-d1b2df7f-fbc5-4c00-9c6e-a4878fcb23ac
2026-08-03T15:59:39.988+01:00  INFO 4402 --- [tradeflow] [ntainer#2-0-C-1] o.a.k.c.c.internals.ConsumerCoordinator  : [Consumer clientId=consumer-trade-log-group-1, groupId=trade-log-group] Request joining group due to: rebalance failed due to 'The group member needs to have a valid member id before actually entering a consumer group.' (MemberIdRequiredException)
2026-08-03T15:59:39.988+01:00  INFO 4402 --- [tradeflow] [ntainer#0-0-C-1] o.a.k.c.c.internals.ConsumerCoordinator  : [Consumer clientId=consumer-audit-group-2, groupId=audit-group] (Re-)joining group
2026-08-03T15:59:39.988+01:00  INFO 4402 --- [tradeflow] [ntainer#2-0-C-1] o.a.k.c.c.internals.ConsumerCoordinator  : [Consumer clientId=consumer-trade-log-group-1, groupId=trade-log-group] (Re-)joining group
2026-08-03T15:59:39.989+01:00  INFO 4402 --- [tradeflow] [           main] c.d.t.repository.InstrumentSchemaTest    : Started InstrumentSchemaTest in 14.176 seconds (process running for 16.439)
2026-08-03T15:59:40.003+01:00  INFO 4402 --- [tradeflow] [           main] c.d.tradeflow.service.TradeProcessor     : Parsing internal feed: /var/folders/rd/7wlt0wsx6pb524g3dc5hb3mc0000gn/T/internal-trades10005372929894127389.csv
2026-08-03T15:59:40.009+01:00  INFO 4402 --- [tradeflow] [           main] c.d.tradeflow.service.TradeProcessor     : Parsing external feed: /var/folders/rd/7wlt0wsx6pb524g3dc5hb3mc0000gn/T/external-trades15884667111488803995.csv
2026-08-03T15:59:40.011+01:00  INFO 4402 --- [tradeflow] [           main] c.d.tradeflow.service.TradeProcessor     : 
Reconciliation summary
----------------------
  Internal trades : 4
  External trades : 3
  Matched         : 0
  With breaks     : 4
  Breakdown:
    - PRICE_MISMATCH       1
    - QUANTITY_MISMATCH    1
    - DATE_MISMATCH        1
    - MISSING_TRADE        1


== Day-3 recon demo (TICKET-I040) ==================================================
ReconSummary[totalInternal=4, totalExternal=3, matchedCount=0, unmatchedCount=4, breakdownByType={PRICE_MISMATCH=1, QUANTITY_MISMATCH=1, DATE_MISMATCH=1, MISSING_TRADE=1}]
====================================================================================
2026-08-03T15:59:40.651+01:00  INFO 4402 --- [tradeflow] [ntainer#2-0-C-1] o.a.k.c.c.internals.ConsumerCoordinator  : [Consumer clientId=consumer-trade-log-group-1, groupId=trade-log-group] Successfully joined group with generation Generation{generationId=2, memberId='consumer-trade-log-group-1-d1b2df7f-fbc5-4c00-9c6e-a4878fcb23ac', protocol='range'}
2026-08-03T15:59:40.652+01:00  INFO 4402 --- [tradeflow] [ntainer#0-0-C-1] o.a.k.c.c.internals.ConsumerCoordinator  : [Consumer clientId=consumer-audit-group-2, groupId=audit-group] Successfully joined group with generation Generation{generationId=2, memberId='consumer-audit-group-2-73ef0e6d-d9fb-4af1-869a-6046da53fe46', protocol='range'}
2026-08-03T15:59:40.651+01:00  INFO 4402 --- [tradeflow] [ntainer#1-0-C-1] o.a.k.c.c.internals.ConsumerCoordinator  : [Consumer clientId=consumer-recon-group-3, groupId=recon-group] Successfully joined group with generation Generation{generationId=2, memberId='consumer-recon-group-3-05c1489a-0e83-4e02-9b24-c7a0f27a43ab', protocol='range'}
2026-08-03T15:59:40.661+01:00  INFO 4402 --- [tradeflow] [ntainer#2-0-C-1] o.a.k.c.c.internals.ConsumerCoordinator  : [Consumer clientId=consumer-trade-log-group-1, groupId=trade-log-group] Successfully synced group in generation Generation{generationId=2, memberId='consumer-trade-log-group-1-d1b2df7f-fbc5-4c00-9c6e-a4878fcb23ac', protocol='range'}
2026-08-03T15:59:40.661+01:00  INFO 4402 --- [tradeflow] [ntainer#1-0-C-1] o.a.k.c.c.internals.ConsumerCoordinator  : [Consumer clientId=consumer-recon-group-3, groupId=recon-group] Successfully synced group in generation Generation{generationId=2, memberId='consumer-recon-group-3-05c1489a-0e83-4e02-9b24-c7a0f27a43ab', protocol='range'}
2026-08-03T15:59:40.663+01:00  INFO 4402 --- [tradeflow] [ntainer#0-0-C-1] o.a.k.c.c.internals.ConsumerCoordinator  : [Consumer clientId=consumer-audit-group-2, groupId=audit-group] Successfully synced group in generation Generation{generationId=2, memberId='consumer-audit-group-2-73ef0e6d-d9fb-4af1-869a-6046da53fe46', protocol='range'}
2026-08-03T15:59:40.666+01:00  INFO 4402 --- [tradeflow] [ntainer#0-0-C-1] o.a.k.c.c.internals.ConsumerCoordinator  : [Consumer clientId=consumer-audit-group-2, groupId=audit-group] Notifying assignor about the new Assignment(partitions=[trade-events-0])
2026-08-03T15:59:40.666+01:00  INFO 4402 --- [tradeflow] [ntainer#2-0-C-1] o.a.k.c.c.internals.ConsumerCoordinator  : [Consumer clientId=consumer-trade-log-group-1, groupId=trade-log-group] Notifying assignor about the new Assignment(partitions=[])
2026-08-03T15:59:40.666+01:00  INFO 4402 --- [tradeflow] [ntainer#1-0-C-1] o.a.k.c.c.internals.ConsumerCoordinator  : [Consumer clientId=consumer-recon-group-3, groupId=recon-group] Notifying assignor about the new Assignment(partitions=[trade-events-0])
2026-08-03T15:59:40.666+01:00  INFO 4402 --- [tradeflow] [ntainer#2-0-C-1] o.a.k.c.c.internals.ConsumerCoordinator  : [Consumer clientId=consumer-trade-log-group-1, groupId=trade-log-group] Adding newly assigned partitions: 
2026-08-03T15:59:40.668+01:00  INFO 4402 --- [tradeflow] [ntainer#2-0-C-1] o.s.k.l.KafkaMessageListenerContainer    : trade-log-group: partitions assigned: []
2026-08-03T15:59:40.669+01:00  INFO 4402 --- [tradeflow] [ntainer#0-0-C-1] o.a.k.c.c.internals.ConsumerCoordinator  : [Consumer clientId=consumer-audit-group-2, groupId=audit-group] Adding newly assigned partitions: trade-events-0
2026-08-03T15:59:40.669+01:00  INFO 4402 --- [tradeflow] [ntainer#1-0-C-1] o.a.k.c.c.internals.ConsumerCoordinator  : [Consumer clientId=consumer-recon-group-3, groupId=recon-group] Adding newly assigned partitions: trade-events-0
2026-08-03T15:59:40.675+01:00  INFO 4402 --- [tradeflow] [ntainer#0-0-C-1] o.a.k.c.c.internals.ConsumerCoordinator  : [Consumer clientId=consumer-audit-group-2, groupId=audit-group] Found no committed offset for partition trade-events-0
2026-08-03T15:59:40.675+01:00  INFO 4402 --- [tradeflow] [ntainer#1-0-C-1] o.a.k.c.c.internals.ConsumerCoordinator  : [Consumer clientId=consumer-recon-group-3, groupId=recon-group] Found no committed offset for partition trade-events-0
2026-08-03T15:59:40.678+01:00  INFO 4402 --- [tradeflow] [ntainer#0-0-C-1] o.a.k.c.c.internals.ConsumerCoordinator  : [Consumer clientId=consumer-audit-group-2, groupId=audit-group] Found no committed offset for partition trade-events-0
2026-08-03T15:59:40.678+01:00  INFO 4402 --- [tradeflow] [ntainer#1-0-C-1] o.a.k.c.c.internals.ConsumerCoordinator  : [Consumer clientId=consumer-recon-group-3, groupId=recon-group] Found no committed offset for partition trade-events-0
2026-08-03T15:59:40.695+01:00  INFO 4402 --- [tradeflow] [ntainer#0-0-C-1] o.a.k.c.c.internals.SubscriptionState    : [Consumer clientId=consumer-audit-group-2, groupId=audit-group] Resetting offset for partition trade-events-0 to position FetchPosition{offset=0, offsetEpoch=Optional.empty, currentLeader=LeaderAndEpoch{leader=Optional[localhost:9092 (id: 1 rack: null)], epoch=0}}.
2026-08-03T15:59:40.695+01:00  INFO 4402 --- [tradeflow] [ntainer#1-0-C-1] o.a.k.c.c.internals.SubscriptionState    : [Consumer clientId=consumer-recon-group-3, groupId=recon-group] Resetting offset for partition trade-events-0 to position FetchPosition{offset=0, offsetEpoch=Optional.empty, currentLeader=LeaderAndEpoch{leader=Optional[localhost:9092 (id: 1 rack: null)], epoch=0}}.
2026-08-03T15:59:40.723+01:00  INFO 4402 --- [tradeflow] [ntainer#0-0-C-1] o.s.k.l.KafkaMessageListenerContainer    : audit-group: partitions assigned: [trade-events-0]
2026-08-03T15:59:40.723+01:00  INFO 4402 --- [tradeflow] [ntainer#1-0-C-1] o.s.k.l.KafkaMessageListenerContainer    : recon-group: partitions assigned: [trade-events-0]
]]></system-out>
    <system-err><![CDATA[WARNING: A Java agent has been loaded dynamically (/Users/alykhan/.m2/repository/net/bytebuddy/byte-buddy-agent/1.14.12/byte-buddy-agent-1.14.12.jar)
WARNING: If a serviceability tool is in use, please run with -XX:+EnableDynamicAgentLoading to hide this warning
WARNING: If a serviceability tool is not in use, please run with -Djdk.instrument.traceUsage for more information
WARNING: Dynamic loading of agents will be disallowed by default in a future release
]]></system-err>
  </testcase>
</testsuite>