<?xml version="1.0" encoding="UTF-8"?>
<testsuite xmlns:xsi="http://www.w3.org/2001/XMLSchema-instance" xsi:noNamespaceSchemaLocation="https://maven.apache.org/surefire/maven-surefire-plugin/xsd/surefire-test-report-3.0.xsd" version="3.0" name="com.dbtraining.tradeflow.kafka.TradeEventConsumerIT" time="15.715" tests="2" errors="2" skipped="0" failures="0">
  <properties>
[...]
</properties>
  <testcase name="updatedEvent_skipsReconButStillAudits" classname="com.dbtraining.tradeflow.kafka.TradeEventConsumerIT" time="0.057">
    <error message="Failed to load ApplicationContext for [WebMergedContextConfiguration@1dfadb7 testClass = com.dbtraining.tradeflow.kafka.TradeEventConsumerIT, locations = [], classes = [com.dbtraining.tradeflow.config.KafkaConfig, com.dbtraining.tradeflow.kafka.TradeEventProducer, com.dbtraining.tradeflow.kafka.TradeEventConsumer, com.dbtraining.tradeflow.kafka.ReconEventConsumer, com.dbtraining.tradeflow.kafka.AuditEventConsumer], contextInitializerClasses = [], activeProfiles = [], propertySourceDescriptors = [PropertySourceDescriptor[locations=[], ignoreResourceNotFound=false, name=null, propertySourceFactory=null, encoding=null]], propertySourceProperties = [&quot;spring.kafka.bootstrap-servers=${spring.embedded.kafka.brokers}&quot;, &quot;tradeflow.kafka.topics.trades=trade-events&quot;, &quot;tradeflow.kafka.topics.dlt=trade-events.DLT&quot;, &quot;spring.kafka.consumer.auto-offset-reset=earliest&quot;, &quot;org.springframework.boot.test.context.SpringBootTestContextBootstrapper=true&quot;], contextCustomizers = [org.springframework.kafka.test.context.EmbeddedKafkaContextCustomizer@730d0a26, [ImportsContextCustomizer@12a0f131 key = [com.dbtraining.tradeflow.kafka.TradeEventConsumerIT$TestKafkaConfig]], org.springframework.boot.test.context.filter.ExcludeFilterContextCustomizer@18fdb6cf, org.springframework.boot.test.json.DuplicateJsonObjectContextCustomizerFactory$DuplicateJsonObjectContextCustomizer@4fe01803, org.springframework.boot.test.mock.mockito.MockitoContextCustomizer@8140917e, org.springframework.boot.test.web.client.TestRestTemplateContextCustomizer@264c5d07, org.springframework.boot.test.autoconfigure.actuate.observability.ObservabilityContextCustomizerFactory$DisableObservabilityContextCustomizer@1f, org.springframework.boot.test.autoconfigure.properties.PropertyMappingContextCustomizer@0, org.springframework.boot.test.autoconfigure.web.servlet.WebDriverContextCustomizer@2fe88a09, org.springframework.boot.test.context.SpringBootTestAnnotation@d13cbcce], resourceBasePath = &quot;src/main/webapp&quot;, contextLoader = org.springframework.boot.test.context.SpringBootContextLoader, parent = null]" type="java.lang.IllegalStateException"><![CDATA[java.lang.IllegalStateException: Failed to load ApplicationContext for [WebMergedContextConfiguration@1dfadb7 testClass = com.dbtraining.tradeflow.kafka.TradeEventConsumerIT, locations = [], classes = [com.dbtraining.tradeflow.config.KafkaConfig, com.dbtraining.tradeflow.kafka.TradeEventProducer, com.dbtraining.tradeflow.kafka.TradeEventConsumer, com.dbtraining.tradeflow.kafka.ReconEventConsumer, com.dbtraining.tradeflow.kafka.AuditEventConsumer], contextInitializerClasses = [], activeProfiles = [], propertySourceDescriptors = [PropertySourceDescriptor[locations=[], ignoreResourceNotFound=false, name=null, propertySourceFactory=null, encoding=null]], propertySourceProperties = ["spring.kafka.bootstrap-servers=${spring.embedded.kafka.brokers}", "tradeflow.kafka.topics.trades=trade-events", "tradeflow.kafka.topics.dlt=trade-events.DLT", "spring.kafka.consumer.auto-offset-reset=earliest", "org.springframework.boot.test.context.SpringBootTestContextBootstrapper=true"], contextCustomizers = [org.springframework.kafka.test.context.EmbeddedKafkaContextCustomizer@730d0a26, [ImportsContextCustomizer@12a0f131 key = [com.dbtraining.tradeflow.kafka.TradeEventConsumerIT$TestKafkaConfig]], org.springframework.boot.test.context.filter.ExcludeFilterContextCustomizer@18fdb6cf, org.springframework.boot.test.json.DuplicateJsonObjectContextCustomizerFactory$DuplicateJsonObjectContextCustomizer@4fe01803, org.springframework.boot.test.mock.mockito.MockitoContextCustomizer@8140917e, org.springframework.boot.test.web.client.TestRestTemplateContextCustomizer@264c5d07, org.springframework.boot.test.autoconfigure.actuate.observability.ObservabilityContextCustomizerFactory$DisableObservabilityContextCustomizer@1f, org.springframework.boot.test.autoconfigure.properties.PropertyMappingContextCustomizer@0, org.springframework.boot.test.autoconfigure.web.servlet.WebDriverContextCustomizer@2fe88a09, org.springframework.boot.test.context.SpringBootTestAnnotation@d13cbcce], resourceBasePath = "src/main/webapp", contextLoader = org.springframework.boot.test.context.SpringBootContextLoader, parent = null]
	at org.springframework.test.context.cache.DefaultCacheAwareContextLoaderDelegate.loadContext(DefaultCacheAwareContextLoaderDelegate.java:180)
	at org.springframework.test.context.support.DefaultTestContext.getApplicationContext(DefaultTestContext.java:130)
	at org.springframework.test.context.web.ServletTestExecutionListener.setUpRequestContextIfNecessary(ServletTestExecutionListener.java:191)
	at org.springframework.test.context.web.ServletTestExecutionListener.prepareTestInstance(ServletTestExecutionListener.java:130)
	at org.springframework.test.context.TestContextManager.prepareTestInstance(TestContextManager.java:260)
	at org.springframework.test.context.junit.jupiter.SpringExtension.postProcessTestInstance(SpringExtension.java:163)
	at java.base/java.util.stream.ReferencePipeline$3$1.accept(ReferencePipeline.java:214)
	at java.base/java.util.stream.ReferencePipeline$2$1.accept(ReferencePipeline.java:197)
	at java.base/java.util.ArrayList$ArrayListSpliterator.forEachRemaining(ArrayList.java:1716)
	at java.base/java.util.stream.AbstractPipeline.copyInto(AbstractPipeline.java:570)
	at java.base/java.util.stream.AbstractPipeline.wrapAndCopyInto(AbstractPipeline.java:560)
	at java.base/java.util.stream.StreamSpliterators$WrappingSpliterator.forEachRemaining(StreamSpliterators.java:315)
	at java.base/java.util.stream.Streams$ConcatSpliterator.forEachRemaining(Streams.java:735)
	at java.base/java.util.stream.Streams$ConcatSpliterator.forEachRemaining(Streams.java:734)
	at java.base/java.util.stream.ReferencePipeline$Head.forEach(ReferencePipeline.java:803)
	at java.base/java.util.Optional.orElseGet(Optional.java:364)
	at java.base/java.util.ArrayList.forEach(ArrayList.java:1604)
	at java.base/java.util.ArrayList.forEach(ArrayList.java:1604)
Caused by: org.springframework.beans.factory.UnsatisfiedDependencyException: Error creating bean with name 'kafkaConfig': Unsatisfied dependency expressed through constructor parameter 0: No qualifying bean of type 'org.springframework.boot.autoconfigure.kafka.KafkaProperties' available: expected at least 1 bean which qualifies as autowire candidate. Dependency annotations: {}
	at org.springframework.beans.factory.support.ConstructorResolver.createArgumentArray(ConstructorResolver.java:795)
	at org.springframework.beans.factory.support.ConstructorResolver.autowireConstructor(ConstructorResolver.java:237)
	at org.springframework.beans.factory.support.AbstractAutowireCapableBeanFactory.autowireConstructor(AbstractAutowireCapableBeanFactory.java:1355)
	at org.springframework.beans.factory.support.AbstractAutowireCapableBeanFactory.createBeanInstance(AbstractAutowireCapableBeanFactory.java:1192)
	at org.springframework.beans.factory.support.AbstractAutowireCapableBeanFactory.doCreateBean(AbstractAutowireCapableBeanFactory.java:562)
	at org.springframework.beans.factory.support.AbstractAutowireCapableBeanFactory.createBean(AbstractAutowireCapableBeanFactory.java:522)
	at org.springframework.beans.factory.support.AbstractBeanFactory.lambda$doGetBean$0(AbstractBeanFactory.java:326)
	at org.springframework.beans.factory.support.DefaultSingletonBeanRegistry.getSingleton(DefaultSingletonBeanRegistry.java:234)
	at org.springframework.beans.factory.support.AbstractBeanFactory.doGetBean(AbstractBeanFactory.java:324)
	at org.springframework.beans.factory.support.AbstractBeanFactory.getBean(AbstractBeanFactory.java:200)
	at org.springframework.beans.factory.support.DefaultListableBeanFactory.preInstantiateSingletons(DefaultListableBeanFactory.java:975)
	at org.springframework.context.support.AbstractApplicationContext.finishBeanFactoryInitialization(AbstractApplicationContext.java:962)
	at org.springframework.context.support.AbstractApplicationContext.refresh(AbstractApplicationContext.java:624)
	at org.springframework.boot.SpringApplication.refresh(SpringApplication.java:754)
	at org.springframework.boot.SpringApplication.refreshContext(SpringApplication.java:456)
	at org.springframework.boot.SpringApplication.run(SpringApplication.java:334)
	at org.springframework.boot.test.context.SpringBootContextLoader.lambda$loadContext$3(SpringBootContextLoader.java:137)
	at org.springframework.util.function.ThrowingSupplier.get(ThrowingSupplier.java:58)
	at org.springframework.util.function.ThrowingSupplier.get(ThrowingSupplier.java:46)
	at org.springframework.boot.SpringApplication.withHook(SpringApplication.java:1454)
	at org.springframework.boot.test.context.SpringBootContextLoader$ContextLoaderHook.run(SpringBootContextLoader.java:553)
	at org.springframework.boot.test.context.SpringBootContextLoader.loadContext(SpringBootContextLoader.java:137)
	at org.springframework.boot.test.context.SpringBootContextLoader.loadContext(SpringBootContextLoader.java:108)
	at org.springframework.test.context.cache.DefaultCacheAwareContextLoaderDelegate.loadContextInternal(DefaultCacheAwareContextLoaderDelegate.java:225)
	at org.springframework.test.context.cache.DefaultCacheAwareContextLoaderDelegate.loadContext(DefaultCacheAwareContextLoaderDelegate.java:152)
	... 17 more
Caused by: org.springframework.beans.factory.NoSuchBeanDefinitionException: No qualifying bean of type 'org.springframework.boot.autoconfigure.kafka.KafkaProperties' available: expected at least 1 bean which qualifies as autowire candidate. Dependency annotations: {}
	at org.springframework.beans.factory.support.DefaultListableBeanFactory.raiseNoMatchingBeanFound(DefaultListableBeanFactory.java:1880)
	at org.springframework.beans.factory.support.DefaultListableBeanFactory.doResolveDependency(DefaultListableBeanFactory.java:1406)
	at org.springframework.beans.factory.support.DefaultListableBeanFactory.resolveDependency(DefaultListableBeanFactory.java:1353)
	at org.springframework.beans.factory.support.ConstructorResolver.resolveAutowiredArgument(ConstructorResolver.java:904)
	at org.springframework.beans.factory.support.ConstructorResolver.createArgumentArray(ConstructorResolver.java:782)
	... 41 more
]]></error>
    <system-out><![CDATA[
  .   ____          _            __ _ _
 /\\ / ___'_ __ _ _(_)_ __  __ _ \ \ \ \
( ( )\___ | '_ | '_| | '_ \/ _` | \ \ \ \
 \\/  ___)| |_)| | | | | || (_| |  ) ) ) )
  '  |____| .__|_| |_|_| |_\__, | / / / /
 =========|_|==============|___/=/_/_/_/
 :: Spring Boot ::                (v3.2.4)

2026-08-04T09:33:01.867+01:00  INFO 26044 --- [tradeflow] [           main] k.utils.Log4jControllerRegistration$     : Registered kafka:type=kafka.Log4jController MBean
2026-08-04T09:33:02.022+01:00  INFO 26044 --- [tradeflow] [           main] org.apache.zookeeper.common.X509Util     : Setting -D jdk.tls.rejectClientInitiatedRenegotiation=true to disable client-initiated TLS renegotiation
2026-08-04T09:33:03.205+01:00  INFO 26044 --- [tradeflow] [-kit-executor-1] kafka.server.ControllerServer            : Formatting C:\Users\tamoo\AppData\Local\Temp\kafka-10476142291826497351\controller_0 with metadata.version 3.3-IV0.
2026-08-04T09:33:03.210+01:00  INFO 26044 --- [tradeflow] [-kit-executor-3] kafka.server.BrokerServer                : [BrokerServer id=0] Transition from SHUTDOWN to STARTING
2026-08-04T09:33:03.211+01:00  INFO 26044 --- [tradeflow] [-kit-executor-2] kafka.server.ControllerServer            : [ControllerServer id=0] Starting controller
2026-08-04T09:33:03.213+01:00  INFO 26044 --- [tradeflow] [-kit-executor-3] kafka.server.SharedServer                : [SharedServer id=0] Starting SharedServer
2026-08-04T09:33:03.291+01:00  INFO 26044 --- [tradeflow] [-kit-executor-2] o.a.k.s.network.EndpointReadyFutures     : authorizerStart completed for endpoint CONTROLLER. Endpoint is now READY.
2026-08-04T09:33:03.658+01:00  INFO 26044 --- [tradeflow] [-kit-executor-3] kafka.log.UnifiedLog$                    : [LogLoader partition=__cluster_metadata-0, dir=C:\Users\tamoo\AppData\Local\Temp\kafka-10476142291826497351\controller_0] Loading producer state till offset 0 with message format version 2
2026-08-04T09:33:03.660+01:00  INFO 26044 --- [tradeflow] [-kit-executor-3] kafka.log.UnifiedLog$                    : [LogLoader partition=__cluster_metadata-0, dir=C:\Users\tamoo\AppData\Local\Temp\kafka-10476142291826497351\controller_0] Reloading from producer snapshot and rebuilding producer state from offset 0
2026-08-04T09:33:03.660+01:00  INFO 26044 --- [tradeflow] [-kit-executor-3] kafka.log.UnifiedLog$                    : [LogLoader partition=__cluster_metadata-0, dir=C:\Users\tamoo\AppData\Local\Temp\kafka-10476142291826497351\controller_0] Producer state recovery took 0ms for snapshot load and 0ms for segment recovery from offset 0
2026-08-04T09:33:03.849+01:00  INFO 26044 --- [tradeflow] [-kit-executor-3] kafka.raft.KafkaMetadataLog$             : Initialized snapshots with IDs SortedSet() from C:\Users\tamoo\AppData\Local\Temp\kafka-10476142291826497351\controller_0\__cluster_metadata-0
2026-08-04T09:33:04.043+01:00  INFO 26044 --- [tradeflow] [piration-reaper] ExpirationService$ExpiredOperationReaper : [raft-expiration-reaper]: Starting
2026-08-04T09:33:04.284+01:00  INFO 26044 --- [tradeflow] [-kit-executor-3] org.apache.kafka.raft.QuorumState        : [RaftManager id=0] Completed transition to Unattached(epoch=0, voters=[0], electionTimeoutMs=1290) from null
2026-08-04T09:33:04.309+01:00  INFO 26044 --- [tradeflow] [-kit-executor-3] org.apache.kafka.raft.QuorumState        : [RaftManager id=0] Completed transition to CandidateState(localId=0, epoch=1, retries=1, voteStates={0=GRANTED}, highWatermark=Optional.empty, electionTimeoutMs=1016) from Unattached(epoch=0, voters=[0], electionTimeoutMs=1290)
2026-08-04T09:33:04.329+01:00  INFO 26044 --- [tradeflow] [-kit-executor-3] org.apache.kafka.raft.QuorumState        : [RaftManager id=0] Completed transition to Leader(localId=0, epoch=1, epochStartOffset=0, highWatermark=Optional.empty, voterStates={0=ReplicaState(nodeId=0, endOffset=Optional.empty, lastFetchTimestamp=-1, lastCaughtUpTimestamp=-1, hasAcknowledgedLeader=true)}) from CandidateState(localId=0, epoch=1, retries=1, voteStates={0=GRANTED}, highWatermark=Optional.empty, electionTimeoutMs=1016)
2026-08-04T09:33:05.075+01:00  INFO 26044 --- [tradeflow] [-kit-executor-2] kafka.network.ConnectionQuotas           : Updated connection-accept-rate max connection creation rate to 2147483647
2026-08-04T09:33:05.095+01:00  INFO 26044 --- [tradeflow] [-kit-executor-2] kafka.network.DataPlaneAcceptor          : Awaiting socket connections on localhost:61590.
2026-08-04T09:33:05.096+01:00  INFO 26044 --- [tradeflow] [-kit-executor-2] kafka.network.DataPlaneAcceptor          : Opened wildcard endpoint localhost:61590
2026-08-04T09:33:05.177+01:00  INFO 26044 --- [tradeflow] [-kit-executor-2] kafka.network.SocketServer               : [SocketServer listenerType=CONTROLLER, nodeId=0] Created data-plane acceptor and processors for endpoint : ListenerName(CONTROLLER)
2026-08-04T09:33:05.189+01:00  INFO 26044 --- [tradeflow] [-request-thread] kafka.raft.RaftSendThread                : [kafka-0-raft-outbound-request-thread]: Starting
2026-08-04T09:33:05.189+01:00  INFO 26044 --- [tradeflow] [-raft-io-thread] k.raft.KafkaRaftManager$RaftIoThread     : [kafka-0-raft-io-thread]: Starting
2026-08-04T09:33:05.269+01:00  INFO 26044 --- [tradeflow] [-raft-io-thread] org.apache.kafka.raft.LeaderState        : [RaftManager id=0] High watermark set to LogOffsetMetadata(offset=1, metadata=Optional[(segmentBaseOffset=0,relativePositionInSegment=91)]) for the first time for epoch 1 based on indexOfHw 0 and voters [ReplicaState(nodeId=0, endOffset=Optional[LogOffsetMetadata(offset=1, metadata=Optional[(segmentBaseOffset=0,relativePositionInSegment=91)])], lastFetchTimestamp=-1, lastCaughtUpTimestamp=-1, hasAcknowledgedLeader=true)]
2026-08-04T09:33:05.319+01:00  INFO 26044 --- [tradeflow] [r-event-handler] o.a.kafka.image.loader.MetadataLoader    : [MetadataLoader id=0] initializeNewPublishers: The loader is still catching up because we have loaded up to offset -1, but the high water mark is 1
2026-08-04T09:33:05.324+01:00  INFO 26044 --- [tradeflow] [-kit-executor-3] kafka.server.BrokerServer                : [BrokerServer id=0] Starting broker
2026-08-04T09:33:05.329+01:00  INFO 26044 --- [tradeflow] [-raft-io-thread] org.apache.kafka.raft.KafkaRaftClient    : [RaftManager id=0] Registered the listener org.apache.kafka.image.loader.MetadataLoader@404533746
2026-08-04T09:33:05.329+01:00  INFO 26044 --- [tradeflow] [-kit-executor-2] kafka.server.ControllerServer            : [ControllerServer id=0] Waiting for controller quorum voters future
2026-08-04T09:33:05.330+01:00  INFO 26044 --- [tradeflow] [-kit-executor-2] kafka.server.ControllerServer            : [ControllerServer id=0] Finished waiting for controller quorum voters future
2026-08-04T09:33:05.380+01:00  INFO 26044 --- [tradeflow] [r-event-handler] o.a.kafka.image.loader.MetadataLoader    : [MetadataLoader id=0] maybePublishMetadata(LOG_DELTA): The loader is still catching up because we have not loaded a controller record as of offset 0 and high water mark is 1
2026-08-04T09:33:05.410+01:00  INFO 26044 --- [tradeflow] [nelReaper-Fetch] lientQuotaManager$ThrottledChannelReaper : [broker-0-ThrottledChannelReaper-Fetch]: Starting
2026-08-04T09:33:05.412+01:00  INFO 26044 --- [tradeflow] [lReaper-Produce] lientQuotaManager$ThrottledChannelReaper : [broker-0-ThrottledChannelReaper-Produce]: Starting
2026-08-04T09:33:05.421+01:00  INFO 26044 --- [tradeflow] [r-event-handler] o.a.kafka.image.loader.MetadataLoader    : [MetadataLoader id=0] initializeNewPublishers: The loader finished catching up to the current high water mark of 1
2026-08-04T09:33:05.421+01:00  INFO 26044 --- [tradeflow] [lReaper-Request] lientQuotaManager$ThrottledChannelReaper : [broker-0-ThrottledChannelReaper-Request]: Starting
2026-08-04T09:33:05.431+01:00  INFO 26044 --- [tradeflow] [trollerMutation] lientQuotaManager$ThrottledChannelReaper : [broker-0-ThrottledChannelReaper-ControllerMutation]: Starting
2026-08-04T09:33:05.451+01:00  INFO 26044 --- [tradeflow] [r-event-handler] o.a.kafka.image.loader.MetadataLoader    : [MetadataLoader id=0] InitializeNewPublishers: initializing SnapshotGenerator with a snapshot at offset 0
2026-08-04T09:33:05.496+01:00  INFO 26044 --- [tradeflow] [-kit-executor-3] kafka.log.LogManager                     : Log directory C:\Users\tamoo\AppData\Local\Temp\kafka-10476142291826497351\broker_0_data0 not found, creating it.
2026-08-04T09:33:05.512+01:00  INFO 26044 --- [tradeflow] [-kit-executor-2] o.a.kafka.controller.QuorumController    : [QuorumController id=0] Creating new QuorumController with clusterId KC-740CHRWqr9q4KvhYQMA.
2026-08-04T09:33:05.513+01:00  INFO 26044 --- [tradeflow] [-raft-io-thread] org.apache.kafka.raft.KafkaRaftClient    : [RaftManager id=0] Registered the listener org.apache.kafka.controller.QuorumController$QuorumMetaLogListener@1447867851
2026-08-04T09:33:05.515+01:00  INFO 26044 --- [tradeflow] [lReaper-Produce] lientQuotaManager$ThrottledChannelReaper : [controller-0-ThrottledChannelReaper-Produce]: Starting
2026-08-04T09:33:05.515+01:00  INFO 26044 --- [tradeflow] [lReaper-Request] lientQuotaManager$ThrottledChannelReaper : [controller-0-ThrottledChannelReaper-Request]: Starting
2026-08-04T09:33:05.514+01:00  INFO 26044 --- [tradeflow] [nelReaper-Fetch] lientQuotaManager$ThrottledChannelReaper : [controller-0-ThrottledChannelReaper-Fetch]: Starting
2026-08-04T09:33:05.516+01:00  INFO 26044 --- [tradeflow] [trollerMutation] lientQuotaManager$ThrottledChannelReaper : [controller-0-ThrottledChannelReaper-ControllerMutation]: Starting
2026-08-04T09:33:05.522+01:00  INFO 26044 --- [tradeflow] [0-event-handler] o.a.kafka.controller.QuorumController    : [QuorumController id=0] Becoming the active controller at epoch 1, next write offset 1.
2026-08-04T09:33:05.537+01:00  INFO 26044 --- [tradeflow] [-kit-executor-3] kafka.server.BrokerServer                : [BrokerServer id=0] Waiting for controller quorum voters future
2026-08-04T09:33:05.538+01:00  INFO 26044 --- [tradeflow] [-kit-executor-3] kafka.server.BrokerServer                : [BrokerServer id=0] Finished waiting for controller quorum voters future
2026-08-04T09:33:05.559+01:00  WARN 26044 --- [tradeflow] [0-event-handler] o.a.kafka.controller.QuorumController    : [QuorumController id=0] Performing controller activation. The metadata log appears to be empty. Appending 1 bootstrap record(s) in metadata transaction at metadata.version 3.6-IV2 from bootstrap source 'testkit'. Setting the ZK migration state to NONE since this is a de-novo KRaft cluster.
2026-08-04T09:33:05.572+01:00  INFO 26044 --- [tradeflow] [0-event-handler] o.a.k.controller.OffsetControlManager    : [QuorumController id=0] Replayed BeginTransactionRecord(name='Bootstrap records') at offset 1.
2026-08-04T09:33:05.578+01:00  INFO 26044 --- [tradeflow] [0-event-handler] o.a.k.controller.FeatureControlManager   : [QuorumController id=0] Replayed a FeatureLevelRecord setting metadata version to 3.6-IV2
2026-08-04T09:33:05.581+01:00  INFO 26044 --- [tradeflow] [0-event-handler] o.a.k.controller.OffsetControlManager    : [QuorumController id=0] Replayed EndTransactionRecord() at offset 4.
2026-08-04T09:33:05.583+01:00  INFO 26044 --- [tradeflow] [channel-manager] k.s.BrokerToControllerRequestThread      : [broker-0-to-controller-forwarding-channel-manager]: Starting
2026-08-04T09:33:05.586+01:00  INFO 26044 --- [tradeflow] [channel-manager] k.s.BrokerToControllerRequestThread      : [broker-0-to-controller-forwarding-channel-manager]: Recorded new controller, from now on will use node localhost:61590 (id: 0 rack: null)
2026-08-04T09:33:05.636+01:00  INFO 26044 --- [tradeflow] [per-0-AlterAcls] perationPurgatory$ExpiredOperationReaper : [ExpirationReaper-0-AlterAcls]: Starting
2026-08-04T09:33:05.681+01:00  INFO 26044 --- [tradeflow] [-kit-executor-2] kafka.server.ControllerServer            : [ControllerServer id=0] Waiting for the controller metadata publishers to be installed
2026-08-04T09:33:05.682+01:00  INFO 26044 --- [tradeflow] [-kit-executor-2] kafka.server.ControllerServer            : [ControllerServer id=0] Finished waiting for the controller metadata publishers to be installed
2026-08-04T09:33:05.682+01:00  INFO 26044 --- [tradeflow] [r-event-handler] o.a.kafka.image.loader.MetadataLoader    : [MetadataLoader id=0] InitializeNewPublishers: initializing FeaturesPublisher with a snapshot at offset 4
2026-08-04T09:33:05.683+01:00  INFO 26044 --- [tradeflow] [r-event-handler] o.a.kafka.image.loader.MetadataLoader    : [MetadataLoader id=0] InitializeNewPublishers: initializing DynamicConfigPublisher controller id=0 with a snapshot at offset 4
2026-08-04T09:33:05.684+01:00  INFO 26044 --- [tradeflow] [-kit-executor-2] kafka.network.SocketServer               : [SocketServer listenerType=CONTROLLER, nodeId=0] Enabling request processing.
2026-08-04T09:33:05.686+01:00  INFO 26044 --- [tradeflow] [r-event-handler] o.a.kafka.image.loader.MetadataLoader    : [MetadataLoader id=0] InitializeNewPublishers: initializing DynamicClientQuotaPublisher controller id=0 with a snapshot at offset 4
2026-08-04T09:33:05.688+01:00  INFO 26044 --- [tradeflow] [r-event-handler] o.a.kafka.image.loader.MetadataLoader    : [MetadataLoader id=0] InitializeNewPublishers: initializing ScramPublisher controller id=0 with a snapshot at offset 4
2026-08-04T09:33:05.692+01:00  INFO 26044 --- [tradeflow] [r-event-handler] o.a.kafka.image.loader.MetadataLoader    : [MetadataLoader id=0] InitializeNewPublishers: initializing DelegationTokenPublisher controller id=0 with a snapshot at offset 4
2026-08-04T09:33:05.696+01:00  INFO 26044 --- [tradeflow] [-kit-executor-2] kafka.server.ControllerServer            : [ControllerServer id=0] Waiting for all of the authorizer futures to be completed
2026-08-04T09:33:05.697+01:00  INFO 26044 --- [tradeflow] [-kit-executor-2] kafka.server.ControllerServer            : [ControllerServer id=0] Finished waiting for all of the authorizer futures to be completed
2026-08-04T09:33:05.697+01:00  INFO 26044 --- [tradeflow] [-kit-executor-2] kafka.server.ControllerServer            : [ControllerServer id=0] Waiting for all of the SocketServer Acceptors to be started
2026-08-04T09:33:05.697+01:00  INFO 26044 --- [tradeflow] [-kit-executor-2] kafka.server.ControllerServer            : [ControllerServer id=0] Finished waiting for all of the SocketServer Acceptors to be started
2026-08-04T09:33:05.699+01:00  INFO 26044 --- [tradeflow] [r-event-handler] o.a.kafka.image.loader.MetadataLoader    : [MetadataLoader id=0] InitializeNewPublishers: initializing ControllerMetadataMetricsPublisher with a snapshot at offset 4
2026-08-04T09:33:05.701+01:00  INFO 26044 --- [tradeflow] [r-event-handler] o.a.kafka.image.loader.MetadataLoader    : [MetadataLoader id=0] InitializeNewPublishers: initializing AclPublisher controller id=0 with a snapshot at offset 4
2026-08-04T09:33:05.755+01:00  INFO 26044 --- [tradeflow] [-kit-executor-3] kafka.network.ConnectionQuotas           : Updated connection-accept-rate max connection creation rate to 2147483647
2026-08-04T09:33:05.761+01:00  INFO 26044 --- [tradeflow] [-kit-executor-3] kafka.network.DataPlaneAcceptor          : Awaiting socket connections on localhost:61591.
2026-08-04T09:33:05.762+01:00  INFO 26044 --- [tradeflow] [-kit-executor-3] kafka.network.DataPlaneAcceptor          : Opened wildcard endpoint localhost:61591
2026-08-04T09:33:05.793+01:00  INFO 26044 --- [tradeflow] [-kit-executor-3] kafka.network.SocketServer               : [SocketServer listenerType=BROKER, nodeId=0] Created data-plane acceptor and processors for endpoint : ListenerName(EXTERNAL)
2026-08-04T09:33:05.815+01:00  INFO 26044 --- [tradeflow] [channel-manager] k.s.BrokerToControllerRequestThread      : [broker-0-to-controller-alter-partition-channel-manager]: Starting
2026-08-04T09:33:05.816+01:00  INFO 26044 --- [tradeflow] [channel-manager] k.s.BrokerToControllerRequestThread      : [broker-0-to-controller-alter-partition-channel-manager]: Recorded new controller, from now on will use node localhost:61590 (id: 0 rack: null)
2026-08-04T09:33:05.922+01:00  INFO 26044 --- [tradeflow] [eaper-0-Produce] perationPurgatory$ExpiredOperationReaper : [ExpirationReaper-0-Produce]: Starting
2026-08-04T09:33:05.925+01:00  INFO 26044 --- [tradeflow] [nReaper-0-Fetch] perationPurgatory$ExpiredOperationReaper : [ExpirationReaper-0-Fetch]: Starting
2026-08-04T09:33:05.927+01:00  INFO 26044 --- [tradeflow] [0-DeleteRecords] perationPurgatory$ExpiredOperationReaper : [ExpirationReaper-0-DeleteRecords]: Starting
2026-08-04T09:33:05.930+01:00  INFO 26044 --- [tradeflow] [r-0-ElectLeader] perationPurgatory$ExpiredOperationReaper : [ExpirationReaper-0-ElectLeader]: Starting
2026-08-04T09:33:05.932+01:00  INFO 26044 --- [tradeflow] [r-0-RemoteFetch] perationPurgatory$ExpiredOperationReaper : [ExpirationReaper-0-RemoteFetch]: Starting
2026-08-04T09:33:06.024+01:00  INFO 26044 --- [tradeflow] [per-0-Heartbeat] perationPurgatory$ExpiredOperationReaper : [ExpirationReaper-0-Heartbeat]: Starting
2026-08-04T09:33:06.026+01:00  INFO 26044 --- [tradeflow] [per-0-Rebalance] perationPurgatory$ExpiredOperationReaper : [ExpirationReaper-0-Rebalance]: Starting
2026-08-04T09:33:06.201+01:00  INFO 26044 --- [tradeflow] [channel-manager] k.s.BrokerToControllerRequestThread      : [broker-0-to-controller-heartbeat-channel-manager]: Starting
2026-08-04T09:33:06.202+01:00  INFO 26044 --- [tradeflow] [channel-manager] k.s.BrokerToControllerRequestThread      : [broker-0-to-controller-heartbeat-channel-manager]: Recorded new controller, from now on will use node localhost:61590 (id: 0 rack: null)
2026-08-04T09:33:06.218+01:00  INFO 26044 --- [tradeflow] [r-event-handler] kafka.server.BrokerLifecycleManager      : [BrokerLifecycleManager id=0] Incarnation 8ICwNZrJT4mrb1eiZQNQnw of broker 0 in cluster KC-740CHRWqr9q4KvhYQMA is now STARTING.
2026-08-04T09:33:06.336+01:00  INFO 26044 --- [tradeflow] [per-0-AlterAcls] perationPurgatory$ExpiredOperationReaper : [ExpirationReaper-0-AlterAcls]: Starting
2026-08-04T09:33:06.415+01:00  INFO 26044 --- [tradeflow] [-kit-executor-3] kafka.server.BrokerServer                : [BrokerServer id=0] Waiting for the broker metadata publishers to be installed
2026-08-04T09:33:06.416+01:00  INFO 26044 --- [tradeflow] [-kit-executor-3] kafka.server.BrokerServer                : [BrokerServer id=0] Finished waiting for the broker metadata publishers to be installed
2026-08-04T09:33:06.416+01:00  INFO 26044 --- [tradeflow] [r-event-handler] o.a.kafka.image.loader.MetadataLoader    : [MetadataLoader id=0] InitializeNewPublishers: initializing BrokerMetadataPublisher with a snapshot at offset 5
2026-08-04T09:33:06.416+01:00  INFO 26044 --- [tradeflow] [-kit-executor-3] kafka.server.BrokerServer                : [BrokerServer id=0] Waiting for the controller to acknowledge that we are caught up
2026-08-04T09:33:06.417+01:00  INFO 26044 --- [tradeflow] [r-event-handler] k.s.metadata.BrokerMetadataPublisher     : [BrokerMetadataPublisher id=0] Publishing initial metadata at offset OffsetAndEpoch(offset=5, epoch=1) with metadata.version 3.6-IV2.
2026-08-04T09:33:06.421+01:00  INFO 26044 --- [tradeflow] [r-event-handler] kafka.log.LogManager                     : Loading logs from log dirs ArraySeq(C:\Users\tamoo\AppData\Local\Temp\kafka-10476142291826497351\broker_0_data0)
2026-08-04T09:33:06.433+01:00  INFO 26044 --- [tradeflow] [r-event-handler] kafka.log.LogManager                     : No logs found to be loaded in C:\Users\tamoo\AppData\Local\Temp\kafka-10476142291826497351\broker_0_data0
2026-08-04T09:33:06.447+01:00  INFO 26044 --- [tradeflow] [r-event-handler] kafka.log.LogManager                     : Loaded 0 logs in 25ms
2026-08-04T09:33:06.448+01:00  INFO 26044 --- [tradeflow] [r-event-handler] kafka.log.LogManager                     : Starting log cleanup with a period of 300000 ms.
2026-08-04T09:33:06.450+01:00  INFO 26044 --- [tradeflow] [r-event-handler] kafka.log.LogManager                     : Starting log flusher with a default period of 9223372036854775807 ms.
2026-08-04T09:33:06.513+01:00  INFO 26044 --- [tradeflow] [r-event-handler] kafka.log.LogCleaner                     : Starting the log cleaner
2026-08-04T09:33:06.521+01:00  INFO 26044 --- [tradeflow] [0-event-handler] o.a.k.controller.ClusterControlManager   : [QuorumController id=0] Replayed initial RegisterBrokerRecord for broker 0: RegisterBrokerRecord(brokerId=0, isMigratingZkBroker=false, incarnationId=8ICwNZrJT4mrb1eiZQNQnw, brokerEpoch=6, endPoints=[BrokerEndpoint(name='EXTERNAL', host='localhost', port=61591, securityProtocol=0)], features=[BrokerFeature(name='metadata.version', minSupportedVersion=1, maxSupportedVersion=14)], rack=null, fenced=true, inControlledShutdown=false)
2026-08-04T09:33:06.539+01:00  INFO 26044 --- [tradeflow] [leaner-thread-0] kafka.log.LogCleaner$CleanerThread       : [kafka-log-cleaner-thread-0]: Starting
2026-08-04T09:33:06.544+01:00  INFO 26044 --- [tradeflow] [rFailureHandler] k.s.ReplicaManager$LogDirFailureHandler  : [LogDirFailureHandler]: Starting
2026-08-04T09:33:06.545+01:00  INFO 26044 --- [tradeflow] [nSenderThread-0] kafka.server.AddPartitionsToTxnManager   : [AddPartitionsToTxnSenderThread-0]: Starting
2026-08-04T09:33:06.548+01:00  INFO 26044 --- [tradeflow] [r-event-handler] k.coordinator.group.GroupCoordinator     : [GroupCoordinator 0]: Starting up.
2026-08-04T09:33:06.556+01:00  INFO 26044 --- [tradeflow] [r-event-handler] k.coordinator.group.GroupCoordinator     : [GroupCoordinator 0]: Startup complete.
2026-08-04T09:33:06.558+01:00  INFO 26044 --- [tradeflow] [channel-manager] kafka.server.BrokerLifecycleManager      : [BrokerLifecycleManager id=0] Successfully registered broker 0 with broker epoch 6
2026-08-04T09:33:06.558+01:00  INFO 26044 --- [tradeflow] [r-event-handler] k.c.transaction.TransactionCoordinator   : [TransactionCoordinator id=0] Starting up.
2026-08-04T09:33:06.566+01:00  INFO 26044 --- [tradeflow] [r-event-handler] k.c.transaction.TransactionCoordinator   : [TransactionCoordinator id=0] Startup complete.
2026-08-04T09:33:06.571+01:00  INFO 26044 --- [tradeflow] [r-event-handler] k.s.metadata.BrokerMetadataPublisher     : [BrokerMetadataPublisher id=0] Updating metadata.version to 14 at offset OffsetAndEpoch(offset=5, epoch=1).
2026-08-04T09:33:06.568+01:00  INFO 26044 --- [tradeflow] [rSenderThread-0] k.c.t.TransactionMarkerChannelManager    : [TxnMarkerSenderThread-0]: Starting
2026-08-04T09:33:06.630+01:00  INFO 26044 --- [tradeflow] [channel-manager] kafka.server.BrokerLifecycleManager      : [BrokerLifecycleManager id=0] The broker has caught up. Transitioning from STARTING to RECOVERY.
2026-08-04T09:33:06.631+01:00  INFO 26044 --- [tradeflow] [-kit-executor-3] kafka.server.BrokerServer                : [BrokerServer id=0] Finished waiting for the controller to acknowledge that we are caught up
2026-08-04T09:33:06.631+01:00  INFO 26044 --- [tradeflow] [-kit-executor-3] kafka.server.BrokerServer                : [BrokerServer id=0] Waiting for the initial broker metadata update to be published
2026-08-04T09:33:06.631+01:00  INFO 26044 --- [tradeflow] [-kit-executor-3] kafka.server.BrokerServer                : [BrokerServer id=0] Finished waiting for the initial broker metadata update to be published
2026-08-04T09:33:06.635+01:00  INFO 26044 --- [tradeflow] [-kit-executor-3] kafka.server.KafkaConfig                 : KafkaConfig values: 
	advertised.listeners = null
	alter.config.policy.class.name = null
	alter.log.dirs.replication.quota.window.num = 11
	alter.log.dirs.replication.quota.window.size.seconds = 1
	authorizer.class.name = 
	auto.create.topics.enable = true
	auto.include.jmx.reporter = true
	auto.leader.rebalance.enable = true
	background.threads = 10
	broker.heartbeat.interval.ms = 2000
	broker.id = 0
	broker.id.generation.enable = true
	broker.rack = null
	broker.session.timeout.ms = 9000
	client.quota.callback.class = null
	compression.type = producer
	connection.failed.authentication.delay.ms = 100
	connections.max.idle.ms = 600000
	connections.max.reauth.ms = 0
	control.plane.listener.name = null
	controlled.shutdown.enable = true
	controlled.shutdown.max.retries = 3
	controlled.shutdown.retry.backoff.ms = 5000
	controller.listener.names = CONTROLLER
	controller.quorum.append.linger.ms = 25
	controller.quorum.election.backoff.max.ms = 1000
	controller.quorum.election.timeout.ms = 1000
	controller.quorum.fetch.timeout.ms = 2000
	controller.quorum.request.timeout.ms = 2000
	controller.quorum.retry.backoff.ms = 20
	controller.quorum.voters = [0@0.0.0.0:0]
	controller.quota.window.num = 11
	controller.quota.window.size.seconds = 1
	controller.socket.timeout.ms = 30000
	create.topic.policy.class.name = null
	default.replication.factor = 1
	delegation.token.expiry.check.interval.ms = 3600000
	delegation.token.expiry.time.ms = 86400000
	delegation.token.master.key = null
	delegation.token.max.lifetime.ms = 604800000
	delegation.token.secret.key = null
	delete.records.purgatory.purge.interval.requests = 1
	delete.topic.enable = true
	early.start.listeners = null
	fetch.max.bytes = 57671680
	fetch.purgatory.purge.interval.requests = 1000
	group.consumer.assignors = [org.apache.kafka.coordinator.group.assignor.RangeAssignor]
	group.consumer.heartbeat.interval.ms = 5000
	group.consumer.max.heartbeat.interval.ms = 15000
	group.consumer.max.session.timeout.ms = 60000
	group.consumer.max.size = 2147483647
	group.consumer.min.heartbeat.interval.ms = 5000
	group.consumer.min.session.timeout.ms = 45000
	group.consumer.session.timeout.ms = 45000
	group.coordinator.new.enable = false
	group.coordinator.threads = 1
	group.initial.rebalance.delay.ms = 0
	group.max.session.timeout.ms = 1800000
	group.max.size = 2147483647
	group.min.session.timeout.ms = 6000
	initial.broker.registration.timeout.ms = 60000
	inter.broker.listener.name = EXTERNAL
	inter.broker.protocol.version = 3.6-IV2
	kafka.metrics.polling.interval.secs = 10
	kafka.metrics.reporters = []
	leader.imbalance.check.interval.seconds = 300
	leader.imbalance.per.broker.percentage = 10
	listener.security.protocol.map = EXTERNAL:PLAINTEXT,CONTROLLER:PLAINTEXT
	listeners = EXTERNAL://localhost:0,CONTROLLER://localhost:0
	log.cleaner.backoff.ms = 15000
	log.cleaner.dedupe.buffer.size = 2097152
	log.cleaner.delete.retention.ms = 86400000
	log.cleaner.enable = true
	log.cleaner.io.buffer.load.factor = 0.9
	log.cleaner.io.buffer.size = 524288
	log.cleaner.io.max.bytes.per.second = 1.7976931348623157E308
	log.cleaner.max.compaction.lag.ms = 9223372036854775807
	log.cleaner.min.cleanable.ratio = 0.5
	log.cleaner.min.compaction.lag.ms = 0
	log.cleaner.threads = 1
	log.cleanup.policy = [delete]
	log.dir = /tmp/kafka-logs
	log.dirs = C:\Users\tamoo\AppData\Local\Temp\kafka-10476142291826497351\broker_0_data0
	log.flush.interval.messages = 9223372036854775807
	log.flush.interval.ms = null
	log.flush.offset.checkpoint.interval.ms = 60000
	log.flush.scheduler.interval.ms = 9223372036854775807
	log.flush.start.offset.checkpoint.interval.ms = 60000
	log.index.interval.bytes = 4096
	log.index.size.max.bytes = 10485760
	log.local.retention.bytes = -2
	log.local.retention.ms = -2
	log.message.downconversion.enable = true
	log.message.format.version = 3.0-IV1
	log.message.timestamp.after.max.ms = 9223372036854775807
	log.message.timestamp.before.max.ms = 9223372036854775807
	log.message.timestamp.difference.max.ms = 9223372036854775807
	log.message.timestamp.type = CreateTime
	log.preallocate = false
	log.retention.bytes = -1
	log.retention.check.interval.ms = 300000
	log.retention.hours = 168
	log.retention.minutes = null
	log.retention.ms = null
	log.roll.hours = 168
	log.roll.jitter.hours = 0
	log.roll.jitter.ms = null
	log.roll.ms = null
	log.segment.bytes = 1073741824
	log.segment.delete.delay.ms = 60000
	max.connection.creation.rate = 2147483647
	max.connections = 2147483647
	max.connections.per.ip = 2147483647
	max.connections.per.ip.overrides = 
	max.incremental.fetch.session.cache.slots = 1000
	message.max.bytes = 1048588
	metadata.log.dir = C:\Users\tamoo\AppData\Local\Temp\kafka-10476142291826497351\controller_0
	metadata.log.max.record.bytes.between.snapshots = 20971520
	metadata.log.max.snapshot.interval.ms = 3600000
	metadata.log.segment.bytes = 1073741824
	metadata.log.segment.min.bytes = 8388608
	metadata.log.segment.ms = 604800000
	metadata.max.idle.interval.ms = 500
	metadata.max.retention.bytes = 104857600
	metadata.max.retention.ms = 604800000
	metric.reporters = []
	metrics.num.samples = 2
	metrics.recording.level = INFO
	metrics.sample.window.ms = 30000
	min.insync.replicas = 1
	node.id = 0
	num.io.threads = 8
	num.network.threads = 3
	num.partitions = 1
	num.recovery.threads.per.data.dir = 1
	num.replica.alter.log.dirs.threads = null
	num.replica.fetchers = 1
	offset.metadata.max.bytes = 4096
	offsets.commit.required.acks = -1
	offsets.commit.timeout.ms = 5000
	offsets.load.buffer.size = 5242880
	offsets.retention.check.interval.ms = 600000
	offsets.retention.minutes = 10080
	offsets.topic.compression.codec = 0
	offsets.topic.num.partitions = 50
	offsets.topic.replication.factor = 1
	offsets.topic.segment.bytes = 104857600
	password.encoder.cipher.algorithm = AES/CBC/PKCS5Padding
	password.encoder.iterations = 4096
	password.encoder.key.length = 128
	password.encoder.keyfactory.algorithm = null
	password.encoder.old.secret = null
	password.encoder.secret = null
	principal.builder.class = class org.apache.kafka.common.security.authenticator.DefaultKafkaPrincipalBuilder
	process.roles = [broker, controller]
	producer.id.expiration.check.interval.ms = 600000
	producer.id.expiration.ms = 86400000
	producer.purgatory.purge.interval.requests = 1000
	queued.max.request.bytes = -1
	queued.max.requests = 500
	quota.window.num = 11
	quota.window.size.seconds = 1
	remote.log.index.file.cache.total.size.bytes = 1073741824
	remote.log.manager.task.interval.ms = 30000
	remote.log.manager.task.retry.backoff.max.ms = 30000
	remote.log.manager.task.retry.backoff.ms = 500
	remote.log.manager.task.retry.jitter = 0.2
	remote.log.manager.thread.pool.size = 10
	remote.log.metadata.custom.metadata.max.bytes = 128
	remote.log.metadata.manager.class.name = org.apache.kafka.server.log.remote.metadata.storage.TopicBasedRemoteLogMetadataManager
	remote.log.metadata.manager.class.path = null
	remote.log.metadata.manager.impl.prefix = rlmm.config.
	remote.log.metadata.manager.listener.name = null
	remote.log.reader.max.pending.tasks = 100
	remote.log.reader.threads = 10
	remote.log.storage.manager.class.name = null
	remote.log.storage.manager.class.path = null
	remote.log.storage.manager.impl.prefix = rsm.config.
	remote.log.storage.system.enable = false
	replica.fetch.backoff.ms = 1000
	replica.fetch.max.bytes = 1048576
	replica.fetch.min.bytes = 1
	replica.fetch.response.max.bytes = 10485760
	replica.fetch.wait.max.ms = 500
	replica.high.watermark.checkpoint.interval.ms = 5000
	replica.lag.time.max.ms = 30000
	replica.selector.class = null
	replica.socket.receive.buffer.bytes = 65536
	replica.socket.timeout.ms = 30000
	replication.quota.window.num = 11
	replication.quota.window.size.seconds = 1
	request.timeout.ms = 30000
	reserved.broker.max.id = 1000
	sasl.client.callback.handler.class = null
	sasl.enabled.mechanisms = [GSSAPI]
	sasl.jaas.config = null
	sasl.kerberos.kinit.cmd = /usr/bin/kinit
	sasl.kerberos.min.time.before.relogin = 60000
	sasl.kerberos.principal.to.local.rules = [DEFAULT]
	sasl.kerberos.service.name = null
	sasl.kerberos.ticket.renew.jitter = 0.05
	sasl.kerberos.ticket.renew.window.factor = 0.8
	sasl.login.callback.handler.class = null
	sasl.login.class = null
	sasl.login.connect.timeout.ms = null
	sasl.login.read.timeout.ms = null
	sasl.login.refresh.buffer.seconds = 300
	sasl.login.refresh.min.period.seconds = 60
	sasl.login.refresh.window.factor = 0.8
	sasl.login.refresh.window.jitter = 0.05
	sasl.login.retry.backoff.max.ms = 10000
	sasl.login.retry.backoff.ms = 100
	sasl.mechanism.controller.protocol = GSSAPI
	sasl.mechanism.inter.broker.protocol = GSSAPI
	sasl.oauthbearer.clock.skew.seconds = 30
	sasl.oauthbearer.expected.audience = null
	sasl.oauthbearer.expected.issuer = null
	sasl.oauthbearer.jwks.endpoint.refresh.ms = 3600000
	sasl.oauthbearer.jwks.endpoint.retry.backoff.max.ms = 10000
	sasl.oauthbearer.jwks.endpoint.retry.backoff.ms = 100
	sasl.oauthbearer.jwks.endpoint.url = null
	sasl.oauthbearer.scope.claim.name = scope
	sasl.oauthbearer.sub.claim.name = sub
	sasl.oauthbearer.token.endpoint.url = null
	sasl.server.callback.handler.class = null
	sasl.server.max.receive.size = 524288
	security.inter.broker.protocol = PLAINTEXT
	security.providers = null
	server.max.startup.time.ms = 600000
	socket.connection.setup.timeout.max.ms = 30000
	socket.connection.setup.timeout.ms = 10000
	socket.listen.backlog.size = 50
	socket.receive.buffer.bytes = 102400
	socket.request.max.bytes = 104857600
	socket.send.buffer.bytes = 102400
	ssl.cipher.suites = []
	ssl.client.auth = none
	ssl.enabled.protocols = [TLSv1.2, TLSv1.3]
	ssl.endpoint.identification.algorithm = https
	ssl.engine.factory.class = null
	ssl.key.password = null
	ssl.keymanager.algorithm = SunX509
	ssl.keystore.certificate.chain = null
	ssl.keystore.key = null
	ssl.keystore.location = null
	ssl.keystore.password = null
	ssl.keystore.type = JKS
	ssl.principal.mapping.rules = DEFAULT
	ssl.protocol = TLSv1.3
	ssl.provider = null
	ssl.secure.random.implementation = null
	ssl.trustmanager.algorithm = PKIX
	ssl.truststore.certificates = null
	ssl.truststore.location = null
	ssl.truststore.password = null
	ssl.truststore.type = JKS
	transaction.abort.timed.out.transaction.cleanup.interval.ms = 10000
	transaction.max.timeout.ms = 900000
	transaction.partition.verification.enable = true
	transaction.remove.expired.transaction.cleanup.interval.ms = 3600000
	transaction.state.log.load.buffer.size = 5242880
	transaction.state.log.min.isr = 2
	transaction.state.log.num.partitions = 50
	transaction.state.log.replication.factor = 3
	transaction.state.log.segment.bytes = 104857600
	transactional.id.expiration.ms = 604800000
	unclean.leader.election.enable = false
	unstable.api.versions.enable = false
	zookeeper.clientCnxnSocket = null
	zookeeper.connect = null
	zookeeper.connection.timeout.ms = null
	zookeeper.max.in.flight.requests = 10
	zookeeper.metadata.migration.enable = false
	zookeeper.session.timeout.ms = 18000
	zookeeper.set.acl = false
	zookeeper.ssl.cipher.suites = null
	zookeeper.ssl.client.enable = false
	zookeeper.ssl.crl.enable = false
	zookeeper.ssl.enabled.protocols = null
	zookeeper.ssl.endpoint.identification.algorithm = HTTPS
	zookeeper.ssl.keystore.location = null
	zookeeper.ssl.keystore.password = null
	zookeeper.ssl.keystore.type = null
	zookeeper.ssl.ocsp.enable = false
	zookeeper.ssl.protocol = TLSv1.2
	zookeeper.ssl.truststore.location = null
	zookeeper.ssl.truststore.password = null
	zookeeper.ssl.truststore.type = null

2026-08-04T09:33:06.648+01:00  INFO 26044 --- [tradeflow] [channel-manager] kafka.server.BrokerLifecycleManager      : [BrokerLifecycleManager id=0] The broker is in RECOVERY.
2026-08-04T09:33:06.674+01:00  INFO 26044 --- [tradeflow] [-kit-executor-3] kafka.server.BrokerServer                : [BrokerServer id=0] Waiting for the broker to be unfenced
2026-08-04T09:33:06.680+01:00  INFO 26044 --- [tradeflow] [0-event-handler] o.a.k.controller.BrokerHeartbeatManager  : [QuorumController id=0] The request from broker 0 to unfence has been granted because it has caught up with the offset of its register broker record 6.
2026-08-04T09:33:06.706+01:00  INFO 26044 --- [tradeflow] [0-event-handler] o.a.k.controller.ClusterControlManager   : [QuorumController id=0] Replayed BrokerRegistrationChangeRecord modifying the registration for broker 0: BrokerRegistrationChangeRecord(brokerId=0, brokerEpoch=6, fenced=-1, inControlledShutdown=0)
2026-08-04T09:33:06.745+01:00  INFO 26044 --- [tradeflow] [channel-manager] kafka.server.BrokerLifecycleManager      : [BrokerLifecycleManager id=0] The broker has been unfenced. Transitioning from RECOVERY to RUNNING.
2026-08-04T09:33:06.746+01:00  INFO 26044 --- [tradeflow] [-kit-executor-3] kafka.server.BrokerServer                : [BrokerServer id=0] Finished waiting for the broker to be unfenced
2026-08-04T09:33:06.748+01:00  INFO 26044 --- [tradeflow] [-kit-executor-3] o.a.k.s.network.EndpointReadyFutures     : authorizerStart completed for endpoint EXTERNAL. Endpoint is now READY.
2026-08-04T09:33:06.748+01:00  INFO 26044 --- [tradeflow] [-kit-executor-3] kafka.network.SocketServer               : [SocketServer listenerType=BROKER, nodeId=0] Enabling request processing.
2026-08-04T09:33:06.750+01:00  INFO 26044 --- [tradeflow] [-kit-executor-3] kafka.server.BrokerServer                : [BrokerServer id=0] Waiting for all of the authorizer futures to be completed
2026-08-04T09:33:06.750+01:00  INFO 26044 --- [tradeflow] [-kit-executor-3] kafka.server.BrokerServer                : [BrokerServer id=0] Finished waiting for all of the authorizer futures to be completed
2026-08-04T09:33:06.751+01:00  INFO 26044 --- [tradeflow] [-kit-executor-3] kafka.server.BrokerServer                : [BrokerServer id=0] Waiting for all of the SocketServer Acceptors to be started
2026-08-04T09:33:06.751+01:00  INFO 26044 --- [tradeflow] [-kit-executor-3] kafka.server.BrokerServer                : [BrokerServer id=0] Finished waiting for all of the SocketServer Acceptors to be started
2026-08-04T09:33:06.751+01:00  INFO 26044 --- [tradeflow] [-kit-executor-3] kafka.server.BrokerServer                : [BrokerServer id=0] Transition from STARTING to STARTED
2026-08-04T09:33:06.808+01:00  INFO 26044 --- [tradeflow] [           main] o.a.k.clients.admin.AdminClientConfig    : AdminClientConfig values: 
	auto.include.jmx.reporter = true
	bootstrap.servers = [localhost:61591]
	client.dns.lookup = use_all_dns_ips
	client.id = 
	connections.max.idle.ms = 300000
	default.api.timeout.ms = 60000
	metadata.max.age.ms = 300000
	metric.reporters = []
	metrics.num.samples = 2
	metrics.recording.level = INFO
	metrics.sample.window.ms = 30000
	receive.buffer.bytes = 65536
	reconnect.backoff.max.ms = 1000
	reconnect.backoff.ms = 50
	request.timeout.ms = 30000
	retries = 2147483647
	retry.backoff.ms = 100
	sasl.client.callback.handler.class = null
	sasl.jaas.config = null
	sasl.kerberos.kinit.cmd = /usr/bin/kinit
	sasl.kerberos.min.time.before.relogin = 60000
	sasl.kerberos.service.name = null
	sasl.kerberos.ticket.renew.jitter = 0.05
	sasl.kerberos.ticket.renew.window.factor = 0.8
	sasl.login.callback.handler.class = null
	sasl.login.class = null
	sasl.login.connect.timeout.ms = null
	sasl.login.read.timeout.ms = null
	sasl.login.refresh.buffer.seconds = 300
	sasl.login.refresh.min.period.seconds = 60
	sasl.login.refresh.window.factor = 0.8
	sasl.login.refresh.window.jitter = 0.05
	sasl.login.retry.backoff.max.ms = 10000
	sasl.login.retry.backoff.ms = 100
	sasl.mechanism = GSSAPI
	sasl.oauthbearer.clock.skew.seconds = 30
	sasl.oauthbearer.expected.audience = null
	sasl.oauthbearer.expected.issuer = null
	sasl.oauthbearer.jwks.endpoint.refresh.ms = 3600000
	sasl.oauthbearer.jwks.endpoint.retry.backoff.max.ms = 10000
	sasl.oauthbearer.jwks.endpoint.retry.backoff.ms = 100
	sasl.oauthbearer.jwks.endpoint.url = null
	sasl.oauthbearer.scope.claim.name = scope
	sasl.oauthbearer.sub.claim.name = sub
	sasl.oauthbearer.token.endpoint.url = null
	security.protocol = PLAINTEXT
	security.providers = null
	send.buffer.bytes = 131072
	socket.connection.setup.timeout.max.ms = 30000
	socket.connection.setup.timeout.ms = 10000
	ssl.cipher.suites = null
	ssl.enabled.protocols = [TLSv1.2, TLSv1.3]
	ssl.endpoint.identification.algorithm = https
	ssl.engine.factory.class = null
	ssl.key.password = null
	ssl.keymanager.algorithm = SunX509
	ssl.keystore.certificate.chain = null
	ssl.keystore.key = null
	ssl.keystore.location = null
	ssl.keystore.password = null
	ssl.keystore.type = JKS
	ssl.protocol = TLSv1.3
	ssl.provider = null
	ssl.secure.random.implementation = null
	ssl.trustmanager.algorithm = PKIX
	ssl.truststore.certificates = null
	ssl.truststore.location = null
	ssl.truststore.password = null
	ssl.truststore.type = JKS

2026-08-04T09:33:06.931+01:00  INFO 26044 --- [tradeflow] [           main] o.a.kafka.common.utils.AppInfoParser     : Kafka version: 3.6.1
2026-08-04T09:33:06.931+01:00  INFO 26044 --- [tradeflow] [           main] o.a.kafka.common.utils.AppInfoParser     : Kafka commitId: 5e3c2b738d253ff5
2026-08-04T09:33:06.931+01:00  INFO 26044 --- [tradeflow] [           main] o.a.kafka.common.utils.AppInfoParser     : Kafka startTimeMs: 1785832386927
2026-08-04T09:33:07.094+01:00  INFO 26044 --- [tradeflow] [0-event-handler] o.a.k.c.ReplicationControlManager        : [QuorumController id=0] CreateTopics result(s): CreatableTopic(name='trade-events.DLT', numPartitions=1, replicationFactor=1, assignments=[], configs=[]): SUCCESS, CreatableTopic(name='trade-events', numPartitions=1, replicationFactor=1, assignments=[], configs=[]): SUCCESS
2026-08-04T09:33:07.097+01:00  INFO 26044 --- [tradeflow] [0-event-handler] o.a.k.c.ReplicationControlManager        : [QuorumController id=0] Replayed TopicRecord for topic trade-events.DLT with topic ID w2hly_E1TwGJOzbVFiBF7Q.
2026-08-04T09:33:07.099+01:00  INFO 26044 --- [tradeflow] [0-event-handler] o.a.k.c.ReplicationControlManager        : [QuorumController id=0] Replayed PartitionRecord for new partition trade-events.DLT-0 with topic ID w2hly_E1TwGJOzbVFiBF7Q and PartitionRegistration(replicas=[0], isr=[0], removingReplicas=[], addingReplicas=[], leader=0, leaderRecoveryState=RECOVERED, leaderEpoch=0, partitionEpoch=0).
2026-08-04T09:33:07.106+01:00  INFO 26044 --- [tradeflow] [0-event-handler] o.a.k.c.ReplicationControlManager        : [QuorumController id=0] Replayed TopicRecord for topic trade-events with topic ID 3DQOIVlXTNy1BEhRR-lL2w.
2026-08-04T09:33:07.106+01:00  INFO 26044 --- [tradeflow] [0-event-handler] o.a.k.c.ReplicationControlManager        : [QuorumController id=0] Replayed PartitionRecord for new partition trade-events-0 with topic ID 3DQOIVlXTNy1BEhRR-lL2w and PartitionRegistration(replicas=[0], isr=[0], removingReplicas=[], addingReplicas=[], leader=0, leaderRecoveryState=RECOVERED, leaderEpoch=0, partitionEpoch=0).
2026-08-04T09:33:07.144+01:00  INFO 26044 --- [tradeflow] [r-event-handler] state.change.logger                      : [Broker id=0] Transitioning 2 partition(s) to local leaders.
2026-08-04T09:33:07.148+01:00  INFO 26044 --- [tradeflow] [r-event-handler] kafka.server.ReplicaFetcherManager       : [ReplicaFetcherManager on broker 0] Removed fetcher for partitions Set(trade-events.DLT-0, trade-events-0)
2026-08-04T09:33:07.154+01:00  INFO 26044 --- [tradeflow] [r-event-handler] state.change.logger                      : [Broker id=0] Creating new partition trade-events.DLT-0 with topic id w2hly_E1TwGJOzbVFiBF7Q.
2026-08-04T09:33:07.154+01:00  INFO 26044 --- [tradeflow] [| adminclient-1] o.a.kafka.common.utils.AppInfoParser     : App info kafka.admin.client for adminclient-1 unregistered
2026-08-04T09:33:07.167+01:00  INFO 26044 --- [tradeflow] [| adminclient-1] o.apache.kafka.common.metrics.Metrics    : Metrics scheduler closed
2026-08-04T09:33:07.167+01:00  INFO 26044 --- [tradeflow] [| adminclient-1] o.apache.kafka.common.metrics.Metrics    : Closing reporter org.apache.kafka.common.metrics.JmxReporter
2026-08-04T09:33:07.168+01:00  INFO 26044 --- [tradeflow] [| adminclient-1] o.apache.kafka.common.metrics.Metrics    : Metrics reporters closed
2026-08-04T09:33:07.234+01:00  INFO 26044 --- [tradeflow] [r-event-handler] kafka.log.UnifiedLog$                    : [LogLoader partition=trade-events.DLT-0, dir=C:\Users\tamoo\AppData\Local\Temp\kafka-10476142291826497351\broker_0_data0] Loading producer state till offset 0 with message format version 2
2026-08-04T09:33:07.242+01:00  INFO 26044 --- [tradeflow] [r-event-handler] kafka.log.LogManager                     : Created log for partition trade-events.DLT-0 in C:\Users\tamoo\AppData\Local\Temp\kafka-10476142291826497351\broker_0_data0\trade-events.DLT-0 with properties {}
2026-08-04T09:33:07.245+01:00  INFO 26044 --- [tradeflow] [r-event-handler] kafka.cluster.Partition                  : [Partition trade-events.DLT-0 broker=0] No checkpointed highwatermark is found for partition trade-events.DLT-0
2026-08-04T09:33:07.250+01:00  INFO 26044 --- [tradeflow] [r-event-handler] kafka.cluster.Partition                  : [Partition trade-events.DLT-0 broker=0] Log loaded for partition trade-events.DLT-0 with initial high watermark 0
2026-08-04T09:33:07.258+01:00  INFO 26044 --- [tradeflow] [r-event-handler] state.change.logger                      : [Broker id=0] Leader trade-events.DLT-0 with topic id Some(w2hly_E1TwGJOzbVFiBF7Q) starts at leader epoch 0 from offset 0 with partition epoch 0, high watermark 0, ISR [0], adding replicas [] and removing replicas [] . Previous leader None and previous leader epoch was -1.
2026-08-04T09:33:07.273+01:00  INFO 26044 --- [tradeflow] [r-event-handler] state.change.logger                      : [Broker id=0] Creating new partition trade-events-0 with topic id 3DQOIVlXTNy1BEhRR-lL2w.
2026-08-04T09:33:07.297+01:00  INFO 26044 --- [tradeflow] [r-event-handler] kafka.log.UnifiedLog$                    : [LogLoader partition=trade-events-0, dir=C:\Users\tamoo\AppData\Local\Temp\kafka-10476142291826497351\broker_0_data0] Loading producer state till offset 0 with message format version 2
2026-08-04T09:33:07.298+01:00  INFO 26044 --- [tradeflow] [r-event-handler] kafka.log.LogManager                     : Created log for partition trade-events-0 in C:\Users\tamoo\AppData\Local\Temp\kafka-10476142291826497351\broker_0_data0\trade-events-0 with properties {}
2026-08-04T09:33:07.300+01:00  INFO 26044 --- [tradeflow] [r-event-handler] kafka.cluster.Partition                  : [Partition trade-events-0 broker=0] No checkpointed highwatermark is found for partition trade-events-0
2026-08-04T09:33:07.300+01:00  INFO 26044 --- [tradeflow] [r-event-handler] kafka.cluster.Partition                  : [Partition trade-events-0 broker=0] Log loaded for partition trade-events-0 with initial high watermark 0
2026-08-04T09:33:07.301+01:00  INFO 26044 --- [tradeflow] [r-event-handler] state.change.logger                      : [Broker id=0] Leader trade-events-0 with topic id Some(3DQOIVlXTNy1BEhRR-lL2w) starts at leader epoch 0 from offset 0 with partition epoch 0, high watermark 0, ISR [0], adding replicas [] and removing replicas [] . Previous leader None and previous leader epoch was -1.
2026-08-04T09:33:07.342+01:00  INFO 26044 --- [tradeflow] [           main] c.d.t.kafka.TradeEventConsumerIT         : Starting TradeEventConsumerIT using Java 25.0.4 with PID 26044 (started by tamoo in C:\Users\tamoo\tradeflow-2WYSE\backend)
2026-08-04T09:33:07.343+01:00 DEBUG 26044 --- [tradeflow] [           main] c.d.t.kafka.TradeEventConsumerIT         : Running with Spring Boot v3.2.4, Spring v6.1.5
2026-08-04T09:33:07.344+01:00  INFO 26044 --- [tradeflow] [           main] c.d.t.kafka.TradeEventConsumerIT         : The following 1 profile is active: "dev"
2026-08-04T09:33:11.563+01:00  WARN 26044 --- [tradeflow] [           main] o.s.w.c.s.GenericWebApplicationContext   : Exception encountered during context initialization - cancelling refresh attempt: org.springframework.beans.factory.UnsatisfiedDependencyException: Error creating bean with name 'kafkaConfig': Unsatisfied dependency expressed through constructor parameter 0: No qualifying bean of type 'org.springframework.boot.autoconfigure.kafka.KafkaProperties' available: expected at least 1 bean which qualifies as autowire candidate. Dependency annotations: {}
2026-08-04T09:33:11.567+01:00  INFO 26044 --- [tradeflow] [-kit-executor-4] kafka.server.BrokerServer                : [BrokerServer id=0] Transition from STARTED to SHUTTING_DOWN
2026-08-04T09:33:11.569+01:00  INFO 26044 --- [tradeflow] [-kit-executor-4] kafka.server.BrokerServer                : [BrokerServer id=0] shutting down
2026-08-04T09:33:11.574+01:00  INFO 26044 --- [tradeflow] [r-event-handler] kafka.server.BrokerLifecycleManager      : [BrokerLifecycleManager id=0] Beginning controlled shutdown.
2026-08-04T09:33:11.577+01:00  INFO 26044 --- [tradeflow] [0-event-handler] o.a.k.controller.BrokerHeartbeatManager  : [QuorumController id=0] Unfenced broker 0 has requested and been granted a controlled shutdown.
2026-08-04T09:33:11.602+01:00  INFO 26044 --- [tradeflow] [0-event-handler] o.a.k.c.ReplicationControlManager        : [QuorumController id=0] enterControlledShutdown[0]: changing 2 partition(s)
2026-08-04T09:33:11.603+01:00  INFO 26044 --- [tradeflow] [0-event-handler] o.a.k.controller.ClusterControlManager   : [QuorumController id=0] Replayed BrokerRegistrationChangeRecord modifying the registration for broker 0: BrokerRegistrationChangeRecord(brokerId=0, brokerEpoch=6, fenced=0, inControlledShutdown=1)
2026-08-04T09:33:11.637+01:00  INFO 26044 --- [tradeflow] [r-event-handler] state.change.logger                      : [Broker id=0] Transitioning 2 partition(s) to local followers.
2026-08-04T09:33:11.637+01:00  INFO 26044 --- [tradeflow] [channel-manager] kafka.server.BrokerLifecycleManager      : [BrokerLifecycleManager id=0] The broker is in PENDING_CONTROLLED_SHUTDOWN state, still waiting for the active controller.
2026-08-04T09:33:11.653+01:00  INFO 26044 --- [tradeflow] [r-event-handler] state.change.logger                      : [Broker id=0] Follower trade-events.DLT-0 starts at leader epoch 1 from offset 0 with partition epoch 1 and high watermark 0. Current leader is -1. Previous leader Some(-1) and previous leader epoch was 1.
2026-08-04T09:33:11.654+01:00  INFO 26044 --- [tradeflow] [r-event-handler] state.change.logger                      : [Broker id=0] Follower trade-events-0 starts at leader epoch 1 from offset 0 with partition epoch 1 and high watermark 0. Current leader is -1. Previous leader Some(-1) and previous leader epoch was 1.
2026-08-04T09:33:11.673+01:00  INFO 26044 --- [tradeflow] [r-event-handler] kafka.server.ReplicaFetcherManager       : [ReplicaFetcherManager on broker 0] Removed fetcher for partitions Set(trade-events.DLT-0, trade-events-0)
2026-08-04T09:33:11.674+01:00  INFO 26044 --- [tradeflow] [r-event-handler] k.server.ReplicaAlterLogDirsManager      : [ReplicaAlterLogDirsManager on broker 0] Removed fetcher for partitions Set(trade-events.DLT-0, trade-events-0)
2026-08-04T09:33:11.682+01:00  INFO 26044 --- [tradeflow] [r-event-handler] state.change.logger                      : [Broker id=0] Stopped fetchers as part of controlled shutdown for 2 partitions
2026-08-04T09:33:11.690+01:00  INFO 26044 --- [tradeflow] [0-event-handler] o.a.k.controller.BrokerHeartbeatManager  : [QuorumController id=0] The request from broker 0 to shut down has been granted since the lowest active offset 9223372036854775807 is now greater than the broker's controlled shutdown offset 24.
2026-08-04T09:33:11.692+01:00  INFO 26044 --- [tradeflow] [0-event-handler] o.a.k.controller.ClusterControlManager   : [QuorumController id=0] Replayed BrokerRegistrationChangeRecord modifying the registration for broker 0: BrokerRegistrationChangeRecord(brokerId=0, brokerEpoch=6, fenced=1, inControlledShutdown=0)
2026-08-04T09:33:11.724+01:00  INFO 26044 --- [tradeflow] [channel-manager] kafka.server.BrokerLifecycleManager      : [BrokerLifecycleManager id=0] The controller has asked us to exit controlled shutdown.
2026-08-04T09:33:11.724+01:00  INFO 26044 --- [tradeflow] [channel-manager] org.apache.kafka.queue.KafkaEventQueue   : [BrokerLifecycleManager id=0] beginShutdown: shutting down event queue.
2026-08-04T09:33:11.726+01:00  INFO 26044 --- [tradeflow] [r-event-handler] kafka.server.BrokerLifecycleManager      : [BrokerLifecycleManager id=0] Transitioning from PENDING_CONTROLLED_SHUTDOWN to SHUTTING_DOWN.
2026-08-04T09:33:11.727+01:00  INFO 26044 --- [tradeflow] [r-event-handler] k.s.BrokerToControllerRequestThread      : [broker-0-to-controller-heartbeat-channel-manager]: Shutting down
2026-08-04T09:33:11.727+01:00  INFO 26044 --- [tradeflow] [channel-manager] k.s.BrokerToControllerRequestThread      : [broker-0-to-controller-heartbeat-channel-manager]: Stopped
2026-08-04T09:33:11.727+01:00  INFO 26044 --- [tradeflow] [r-event-handler] k.s.BrokerToControllerRequestThread      : [broker-0-to-controller-heartbeat-channel-manager]: Shutdown completed
2026-08-04T09:33:11.734+01:00  INFO 26044 --- [tradeflow] [-kit-executor-4] kafka.network.SocketServer               : [SocketServer listenerType=BROKER, nodeId=0] Stopping socket server request processors
2026-08-04T09:33:11.746+01:00  INFO 26044 --- [tradeflow] [r-event-handler] k.s.BrokerToControllerChannelManagerImpl : Broker to controller channel manager for heartbeat shutdown
2026-08-04T09:33:11.767+01:00  INFO 26044 --- [tradeflow] [-kit-executor-4] kafka.network.SocketServer               : [SocketServer listenerType=BROKER, nodeId=0] Stopped socket server request processors
2026-08-04T09:33:11.771+01:00  INFO 26044 --- [tradeflow] [-kit-executor-4] kafka.server.KafkaRequestHandlerPool     : [data-plane Kafka Request Handler on Broker 0], shutting down
2026-08-04T09:33:11.775+01:00  INFO 26044 --- [tradeflow] [-kit-executor-4] kafka.server.KafkaRequestHandlerPool     : [data-plane Kafka Request Handler on Broker 0], shut down completely
2026-08-04T09:33:11.776+01:00  INFO 26044 --- [tradeflow] [-kit-executor-4] perationPurgatory$ExpiredOperationReaper : [ExpirationReaper-0-AlterAcls]: Shutting down
2026-08-04T09:33:11.780+01:00  INFO 26044 --- [tradeflow] [per-0-AlterAcls] perationPurgatory$ExpiredOperationReaper : [ExpirationReaper-0-AlterAcls]: Stopped
2026-08-04T09:33:11.780+01:00  INFO 26044 --- [tradeflow] [-kit-executor-4] perationPurgatory$ExpiredOperationReaper : [ExpirationReaper-0-AlterAcls]: Shutdown completed
2026-08-04T09:33:11.782+01:00  INFO 26044 --- [tradeflow] [-kit-executor-4] kafka.server.KafkaApis                   : [KafkaApi-0] Shutdown complete.
2026-08-04T09:33:11.789+01:00  INFO 26044 --- [tradeflow] [-kit-executor-4] k.c.transaction.TransactionCoordinator   : [TransactionCoordinator id=0] Shutting down.
2026-08-04T09:33:11.790+01:00  INFO 26044 --- [tradeflow] [-kit-executor-4] k.c.transaction.TransactionStateManager  : [Transaction State Manager 0]: Shutdown complete
2026-08-04T09:33:11.791+01:00  INFO 26044 --- [tradeflow] [-kit-executor-4] k.c.t.TransactionMarkerChannelManager    : [TxnMarkerSenderThread-0]: Shutting down
2026-08-04T09:33:11.791+01:00  INFO 26044 --- [tradeflow] [rSenderThread-0] k.c.t.TransactionMarkerChannelManager    : [TxnMarkerSenderThread-0]: Stopped
2026-08-04T09:33:11.791+01:00  INFO 26044 --- [tradeflow] [-kit-executor-4] k.c.t.TransactionMarkerChannelManager    : [TxnMarkerSenderThread-0]: Shutdown completed
2026-08-04T09:33:11.800+01:00  INFO 26044 --- [tradeflow] [-kit-executor-4] k.c.transaction.TransactionCoordinator   : [TransactionCoordinator id=0] Shutdown complete.
2026-08-04T09:33:11.802+01:00  INFO 26044 --- [tradeflow] [-kit-executor-4] k.coordinator.group.GroupCoordinator     : [GroupCoordinator 0]: Shutting down.
2026-08-04T09:33:11.803+01:00  INFO 26044 --- [tradeflow] [-kit-executor-4] perationPurgatory$ExpiredOperationReaper : [ExpirationReaper-0-Heartbeat]: Shutting down
2026-08-04T09:33:11.804+01:00  INFO 26044 --- [tradeflow] [per-0-Heartbeat] perationPurgatory$ExpiredOperationReaper : [ExpirationReaper-0-Heartbeat]: Stopped
2026-08-04T09:33:11.804+01:00  INFO 26044 --- [tradeflow] [-kit-executor-4] perationPurgatory$ExpiredOperationReaper : [ExpirationReaper-0-Heartbeat]: Shutdown completed
2026-08-04T09:33:11.805+01:00  INFO 26044 --- [tradeflow] [-kit-executor-4] perationPurgatory$ExpiredOperationReaper : [ExpirationReaper-0-Rebalance]: Shutting down
2026-08-04T09:33:11.806+01:00  INFO 26044 --- [tradeflow] [per-0-Rebalance] perationPurgatory$ExpiredOperationReaper : [ExpirationReaper-0-Rebalance]: Stopped
2026-08-04T09:33:11.806+01:00  INFO 26044 --- [tradeflow] [-kit-executor-4] perationPurgatory$ExpiredOperationReaper : [ExpirationReaper-0-Rebalance]: Shutdown completed
2026-08-04T09:33:11.808+01:00  INFO 26044 --- [tradeflow] [-kit-executor-4] k.coordinator.group.GroupCoordinator     : [GroupCoordinator 0]: Shutdown complete.
2026-08-04T09:33:11.811+01:00  INFO 26044 --- [tradeflow] [-kit-executor-4] kafka.server.ReplicaManager              : [ReplicaManager broker=0] Shutting down
2026-08-04T09:33:11.815+01:00  INFO 26044 --- [tradeflow] [-kit-executor-4] k.s.ReplicaManager$LogDirFailureHandler  : [LogDirFailureHandler]: Shutting down
2026-08-04T09:33:11.816+01:00  INFO 26044 --- [tradeflow] [rFailureHandler] k.s.ReplicaManager$LogDirFailureHandler  : [LogDirFailureHandler]: Stopped
2026-08-04T09:33:11.816+01:00  INFO 26044 --- [tradeflow] [-kit-executor-4] k.s.ReplicaManager$LogDirFailureHandler  : [LogDirFailureHandler]: Shutdown completed
2026-08-04T09:33:11.817+01:00  INFO 26044 --- [tradeflow] [-kit-executor-4] kafka.server.ReplicaFetcherManager       : [ReplicaFetcherManager on broker 0] shutting down
2026-08-04T09:33:11.821+01:00  INFO 26044 --- [tradeflow] [-kit-executor-4] kafka.server.ReplicaFetcherManager       : [ReplicaFetcherManager on broker 0] shutdown completed
2026-08-04T09:33:11.822+01:00  INFO 26044 --- [tradeflow] [-kit-executor-4] k.server.ReplicaAlterLogDirsManager      : [ReplicaAlterLogDirsManager on broker 0] shutting down
2026-08-04T09:33:11.824+01:00  INFO 26044 --- [tradeflow] [-kit-executor-4] k.server.ReplicaAlterLogDirsManager      : [ReplicaAlterLogDirsManager on broker 0] shutdown completed
2026-08-04T09:33:11.824+01:00  INFO 26044 --- [tradeflow] [-kit-executor-4] perationPurgatory$ExpiredOperationReaper : [ExpirationReaper-0-Fetch]: Shutting down
2026-08-04T09:33:11.825+01:00  INFO 26044 --- [tradeflow] [nReaper-0-Fetch] perationPurgatory$ExpiredOperationReaper : [ExpirationReaper-0-Fetch]: Stopped
2026-08-04T09:33:11.825+01:00  INFO 26044 --- [tradeflow] [-kit-executor-4] perationPurgatory$ExpiredOperationReaper : [ExpirationReaper-0-Fetch]: Shutdown completed
2026-08-04T09:33:11.826+01:00  INFO 26044 --- [tradeflow] [-kit-executor-4] perationPurgatory$ExpiredOperationReaper : [ExpirationReaper-0-RemoteFetch]: Shutting down
2026-08-04T09:33:11.827+01:00  INFO 26044 --- [tradeflow] [r-0-RemoteFetch] perationPurgatory$ExpiredOperationReaper : [ExpirationReaper-0-RemoteFetch]: Stopped
2026-08-04T09:33:11.827+01:00  INFO 26044 --- [tradeflow] [-kit-executor-4] perationPurgatory$ExpiredOperationReaper : [ExpirationReaper-0-RemoteFetch]: Shutdown completed
2026-08-04T09:33:11.828+01:00  INFO 26044 --- [tradeflow] [-kit-executor-4] perationPurgatory$ExpiredOperationReaper : [ExpirationReaper-0-Produce]: Shutting down
2026-08-04T09:33:11.829+01:00  INFO 26044 --- [tradeflow] [eaper-0-Produce] perationPurgatory$ExpiredOperationReaper : [ExpirationReaper-0-Produce]: Stopped
2026-08-04T09:33:11.829+01:00  INFO 26044 --- [tradeflow] [-kit-executor-4] perationPurgatory$ExpiredOperationReaper : [ExpirationReaper-0-Produce]: Shutdown completed
2026-08-04T09:33:11.831+01:00  INFO 26044 --- [tradeflow] [-kit-executor-4] perationPurgatory$ExpiredOperationReaper : [ExpirationReaper-0-DeleteRecords]: Shutting down
2026-08-04T09:33:11.832+01:00  INFO 26044 --- [tradeflow] [-kit-executor-4] perationPurgatory$ExpiredOperationReaper : [ExpirationReaper-0-DeleteRecords]: Shutdown completed
2026-08-04T09:33:11.832+01:00  INFO 26044 --- [tradeflow] [0-DeleteRecords] perationPurgatory$ExpiredOperationReaper : [ExpirationReaper-0-DeleteRecords]: Stopped
2026-08-04T09:33:11.833+01:00  INFO 26044 --- [tradeflow] [-kit-executor-4] perationPurgatory$ExpiredOperationReaper : [ExpirationReaper-0-ElectLeader]: Shutting down
2026-08-04T09:33:11.834+01:00  INFO 26044 --- [tradeflow] [r-0-ElectLeader] perationPurgatory$ExpiredOperationReaper : [ExpirationReaper-0-ElectLeader]: Stopped
2026-08-04T09:33:11.834+01:00  INFO 26044 --- [tradeflow] [-kit-executor-4] perationPurgatory$ExpiredOperationReaper : [ExpirationReaper-0-ElectLeader]: Shutdown completed
2026-08-04T09:33:11.867+01:00  INFO 26044 --- [tradeflow] [-kit-executor-4] kafka.server.AddPartitionsToTxnManager   : [AddPartitionsToTxnSenderThread-0]: Shutting down
2026-08-04T09:33:11.868+01:00  INFO 26044 --- [tradeflow] [-kit-executor-4] kafka.server.AddPartitionsToTxnManager   : [AddPartitionsToTxnSenderThread-0]: Shutdown completed
2026-08-04T09:33:11.868+01:00  INFO 26044 --- [tradeflow] [nSenderThread-0] kafka.server.AddPartitionsToTxnManager   : [AddPartitionsToTxnSenderThread-0]: Stopped
2026-08-04T09:33:11.870+01:00  INFO 26044 --- [tradeflow] [-kit-executor-4] kafka.server.ReplicaManager              : [ReplicaManager broker=0] Shut down completely
2026-08-04T09:33:11.871+01:00  INFO 26044 --- [tradeflow] [-kit-executor-4] k.s.BrokerToControllerRequestThread      : [broker-0-to-controller-alter-partition-channel-manager]: Shutting down
2026-08-04T09:33:11.871+01:00  INFO 26044 --- [tradeflow] [-kit-executor-4] k.s.BrokerToControllerRequestThread      : [broker-0-to-controller-alter-partition-channel-manager]: Shutdown completed
2026-08-04T09:33:11.871+01:00  INFO 26044 --- [tradeflow] [channel-manager] k.s.BrokerToControllerRequestThread      : [broker-0-to-controller-alter-partition-channel-manager]: Stopped
2026-08-04T09:33:11.873+01:00  INFO 26044 --- [tradeflow] [-kit-executor-4] k.s.BrokerToControllerChannelManagerImpl : Broker to controller channel manager for alter-partition shutdown
2026-08-04T09:33:11.874+01:00  INFO 26044 --- [tradeflow] [-kit-executor-4] k.s.BrokerToControllerRequestThread      : [broker-0-to-controller-forwarding-channel-manager]: Shutting down
2026-08-04T09:33:11.874+01:00  INFO 26044 --- [tradeflow] [channel-manager] k.s.BrokerToControllerRequestThread      : [broker-0-to-controller-forwarding-channel-manager]: Stopped
2026-08-04T09:33:11.874+01:00  INFO 26044 --- [tradeflow] [-kit-executor-4] k.s.BrokerToControllerRequestThread      : [broker-0-to-controller-forwarding-channel-manager]: Shutdown completed
2026-08-04T09:33:11.875+01:00  INFO 26044 --- [tradeflow] [-kit-executor-4] k.s.BrokerToControllerChannelManagerImpl : Broker to controller channel manager for forwarding shutdown
2026-08-04T09:33:11.879+01:00  INFO 26044 --- [tradeflow] [-kit-executor-4] kafka.log.LogManager                     : Shutting down.
2026-08-04T09:33:11.884+01:00  INFO 26044 --- [tradeflow] [-kit-executor-4] kafka.log.LogCleaner                     : Shutting down the log cleaner.
2026-08-04T09:33:11.885+01:00  INFO 26044 --- [tradeflow] [-kit-executor-4] kafka.log.LogCleaner$CleanerThread       : [kafka-log-cleaner-thread-0]: Shutting down
2026-08-04T09:33:11.888+01:00  INFO 26044 --- [tradeflow] [leaner-thread-0] kafka.log.LogCleaner$CleanerThread       : [kafka-log-cleaner-thread-0]: Stopped
2026-08-04T09:33:11.888+01:00  INFO 26044 --- [tradeflow] [-kit-executor-4] kafka.log.LogCleaner$CleanerThread       : [kafka-log-cleaner-thread-0]: Shutdown completed
2026-08-04T09:33:11.972+01:00  INFO 26044 --- [tradeflow] [-kit-executor-4] kafka.log.LogManager                     : Shutdown complete.
2026-08-04T09:33:11.974+01:00  INFO 26044 --- [tradeflow] [-kit-executor-4] lientQuotaManager$ThrottledChannelReaper : [broker-0-ThrottledChannelReaper-Fetch]: Shutting down
2026-08-04T09:33:11.980+01:00  INFO 26044 --- [tradeflow] [nelReaper-Fetch] lientQuotaManager$ThrottledChannelReaper : [broker-0-ThrottledChannelReaper-Fetch]: Stopped
2026-08-04T09:33:11.981+01:00  INFO 26044 --- [tradeflow] [-kit-executor-4] lientQuotaManager$ThrottledChannelReaper : [broker-0-ThrottledChannelReaper-Fetch]: Shutdown completed
2026-08-04T09:33:11.981+01:00  INFO 26044 --- [tradeflow] [-kit-executor-4] lientQuotaManager$ThrottledChannelReaper : [broker-0-ThrottledChannelReaper-Produce]: Shutting down
2026-08-04T09:33:11.981+01:00  INFO 26044 --- [tradeflow] [-kit-executor-4] lientQuotaManager$ThrottledChannelReaper : [broker-0-ThrottledChannelReaper-Produce]: Shutdown completed
2026-08-04T09:33:11.981+01:00  INFO 26044 --- [tradeflow] [lReaper-Produce] lientQuotaManager$ThrottledChannelReaper : [broker-0-ThrottledChannelReaper-Produce]: Stopped
2026-08-04T09:33:11.982+01:00  INFO 26044 --- [tradeflow] [-kit-executor-4] lientQuotaManager$ThrottledChannelReaper : [broker-0-ThrottledChannelReaper-Request]: Shutting down
2026-08-04T09:33:11.982+01:00  INFO 26044 --- [tradeflow] [lReaper-Request] lientQuotaManager$ThrottledChannelReaper : [broker-0-ThrottledChannelReaper-Request]: Stopped
2026-08-04T09:33:11.982+01:00  INFO 26044 --- [tradeflow] [-kit-executor-4] lientQuotaManager$ThrottledChannelReaper : [broker-0-ThrottledChannelReaper-Request]: Shutdown completed
2026-08-04T09:33:11.982+01:00  INFO 26044 --- [tradeflow] [-kit-executor-4] lientQuotaManager$ThrottledChannelReaper : [broker-0-ThrottledChannelReaper-ControllerMutation]: Shutting down
2026-08-04T09:33:11.982+01:00  INFO 26044 --- [tradeflow] [trollerMutation] lientQuotaManager$ThrottledChannelReaper : [broker-0-ThrottledChannelReaper-ControllerMutation]: Stopped
2026-08-04T09:33:11.982+01:00  INFO 26044 --- [tradeflow] [-kit-executor-4] lientQuotaManager$ThrottledChannelReaper : [broker-0-ThrottledChannelReaper-ControllerMutation]: Shutdown completed
2026-08-04T09:33:11.986+01:00  INFO 26044 --- [tradeflow] [-kit-executor-4] kafka.network.SocketServer               : [SocketServer listenerType=BROKER, nodeId=0] Shutting down socket server
2026-08-04T09:33:12.034+01:00  INFO 26044 --- [tradeflow] [-kit-executor-4] kafka.network.SocketServer               : [SocketServer listenerType=BROKER, nodeId=0] Shutdown completed
2026-08-04T09:33:12.038+01:00  INFO 26044 --- [tradeflow] [-kit-executor-4] kafka.server.BrokerTopicStats            : Broker and topic stats closed
2026-08-04T09:33:12.039+01:00  INFO 26044 --- [tradeflow] [-kit-executor-4] org.apache.kafka.queue.KafkaEventQueue   : [BrokerLifecycleManager id=0] closed event queue.
2026-08-04T09:33:12.040+01:00  INFO 26044 --- [tradeflow] [-kit-executor-4] kafka.server.BrokerServer                : [BrokerServer id=0] shut down completed
2026-08-04T09:33:12.041+01:00  INFO 26044 --- [tradeflow] [-kit-executor-4] kafka.server.BrokerServer                : [BrokerServer id=0] Transition from SHUTTING_DOWN to SHUTDOWN
2026-08-04T09:33:12.043+01:00  INFO 26044 --- [tradeflow] [-kit-executor-1] kafka.server.ControllerServer            : [ControllerServer id=0] shutting down
2026-08-04T09:33:12.045+01:00  INFO 26044 --- [tradeflow] [-kit-executor-1] ExpirationService$ExpiredOperationReaper : [raft-expiration-reaper]: Shutting down
2026-08-04T09:33:12.140+01:00  INFO 26044 --- [tradeflow] [-kit-executor-1] ExpirationService$ExpiredOperationReaper : [raft-expiration-reaper]: Shutdown completed
2026-08-04T09:33:12.140+01:00  INFO 26044 --- [tradeflow] [piration-reaper] ExpirationService$ExpiredOperationReaper : [raft-expiration-reaper]: Stopped
2026-08-04T09:33:12.142+01:00  INFO 26044 --- [tradeflow] [-kit-executor-1] k.raft.KafkaRaftManager$RaftIoThread     : [kafka-0-raft-io-thread]: Shutting down
2026-08-04T09:33:12.142+01:00  INFO 26044 --- [tradeflow] [-kit-executor-1] org.apache.kafka.raft.KafkaRaftClient    : [RaftManager id=0] Beginning graceful shutdown
2026-08-04T09:33:12.146+01:00  INFO 26044 --- [tradeflow] [-raft-io-thread] org.apache.kafka.raft.KafkaRaftClient    : [RaftManager id=0] Graceful shutdown completed
2026-08-04T09:33:12.148+01:00  INFO 26044 --- [tradeflow] [-raft-io-thread] k.raft.KafkaRaftManager$RaftIoThread     : [kafka-0-raft-io-thread]: Completed graceful shutdown of RaftClient
2026-08-04T09:33:12.148+01:00  INFO 26044 --- [tradeflow] [-raft-io-thread] k.raft.KafkaRaftManager$RaftIoThread     : [kafka-0-raft-io-thread]: Stopped
2026-08-04T09:33:12.148+01:00  INFO 26044 --- [tradeflow] [-kit-executor-1] k.raft.KafkaRaftManager$RaftIoThread     : [kafka-0-raft-io-thread]: Shutdown completed
2026-08-04T09:33:12.180+01:00  INFO 26044 --- [tradeflow] [-kit-executor-1] kafka.raft.RaftSendThread                : [kafka-0-raft-outbound-request-thread]: Shutting down
2026-08-04T09:33:12.181+01:00  INFO 26044 --- [tradeflow] [-kit-executor-1] kafka.raft.RaftSendThread                : [kafka-0-raft-outbound-request-thread]: Shutdown completed
2026-08-04T09:33:12.181+01:00  INFO 26044 --- [tradeflow] [-request-thread] kafka.raft.RaftSendThread                : [kafka-0-raft-outbound-request-thread]: Stopped
2026-08-04T09:33:12.190+01:00  INFO 26044 --- [tradeflow] [-kit-executor-1] o.a.k.s.i.log.ProducerStateManager       : [ProducerStateManager partition=__cluster_metadata-0]Wrote producer snapshot at offset 27 with 0 producer ids in 5 ms.
[...]
WARNING: Dynamic loading of agents will be disallowed by default in a future release



============================
CONDITIONS EVALUATION REPORT
============================


Positive matches:
-----------------

    None


Negative matches:
-----------------

    None


Exclusions:
-----------

    None


Unconditional classes:
----------------------

    None



]]></system-err>
  </testcase>
  <testcase name="publishedEvent_isReceivedByBothConsumerGroups" classname="com.dbtraining.tradeflow.kafka.TradeEventConsumerIT" time="0.001">
    <error message="ApplicationContext failure threshold (1) exceeded: skipping repeated attempt to load context for [WebMergedContextConfiguration@1dfadb7 testClass = com.dbtraining.tradeflow.kafka.TradeEventConsumerIT, locations = [], classes = [com.dbtraining.tradeflow.config.KafkaConfig, com.dbtraining.tradeflow.kafka.TradeEventProducer, com.dbtraining.tradeflow.kafka.TradeEventConsumer, com.dbtraining.tradeflow.kafka.ReconEventConsumer, com.dbtraining.tradeflow.kafka.AuditEventConsumer], contextInitializerClasses = [], activeProfiles = [], propertySourceDescriptors = [PropertySourceDescriptor[locations=[], ignoreResourceNotFound=false, name=null, propertySourceFactory=null, encoding=null]], propertySourceProperties = [&quot;spring.kafka.bootstrap-servers=${spring.embedded.kafka.brokers}&quot;, &quot;tradeflow.kafka.topics.trades=trade-events&quot;, &quot;tradeflow.kafka.topics.dlt=trade-events.DLT&quot;, &quot;spring.kafka.consumer.auto-offset-reset=earliest&quot;, &quot;org.springframework.boot.test.context.SpringBootTestContextBootstrapper=true&quot;], contextCustomizers = [org.springframework.kafka.test.context.EmbeddedKafkaContextCustomizer@730d0a26, [ImportsContextCustomizer@12a0f131 key = [com.dbtraining.tradeflow.kafka.TradeEventConsumerIT$TestKafkaConfig]], org.springframework.boot.test.context.filter.ExcludeFilterContextCustomizer@18fdb6cf, org.springframework.boot.test.json.DuplicateJsonObjectContextCustomizerFactory$DuplicateJsonObjectContextCustomizer@4fe01803, org.springframework.boot.test.mock.mockito.MockitoContextCustomizer@8140917e, org.springframework.boot.test.web.client.TestRestTemplateContextCustomizer@264c5d07, org.springframework.boot.test.autoconfigure.actuate.observability.ObservabilityContextCustomizerFactory$DisableObservabilityContextCustomizer@1f, org.springframework.boot.test.autoconfigure.properties.PropertyMappingContextCustomizer@0, org.springframework.boot.test.autoconfigure.web.servlet.WebDriverContextCustomizer@2fe88a09, org.springframework.boot.test.context.SpringBootTestAnnotation@d13cbcce], resourceBasePath = &quot;src/main/webapp&quot;, contextLoader = org.springframework.boot.test.context.SpringBootContextLoader, parent = null]" type="java.lang.IllegalStateException"><![CDATA[java.lang.IllegalStateException: ApplicationContext failure threshold (1) exceeded: skipping repeated attempt to load context for [WebMergedContextConfiguration@1dfadb7 testClass = com.dbtraining.tradeflow.kafka.TradeEventConsumerIT, locations = [], classes = [com.dbtraining.tradeflow.config.KafkaConfig, com.dbtraining.tradeflow.kafka.TradeEventProducer, com.dbtraining.tradeflow.kafka.TradeEventConsumer, com.dbtraining.tradeflow.kafka.ReconEventConsumer, com.dbtraining.tradeflow.kafka.AuditEventConsumer], contextInitializerClasses = [], activeProfiles = [], propertySourceDescriptors = [PropertySourceDescriptor[locations=[], ignoreResourceNotFound=false, name=null, propertySourceFactory=null, encoding=null]], propertySourceProperties = ["spring.kafka.bootstrap-servers=${spring.embedded.kafka.brokers}", "tradeflow.kafka.topics.trades=trade-events", "tradeflow.kafka.topics.dlt=trade-events.DLT", "spring.kafka.consumer.auto-offset-reset=earliest", "org.springframework.boot.test.context.SpringBootTestContextBootstrapper=true"], contextCustomizers = [org.springframework.kafka.test.context.EmbeddedKafkaContextCustomizer@730d0a26, [ImportsContextCustomizer@12a0f131 key = [com.dbtraining.tradeflow.kafka.TradeEventConsumerIT$TestKafkaConfig]], org.springframework.boot.test.context.filter.ExcludeFilterContextCustomizer@18fdb6cf, org.springframework.boot.test.json.DuplicateJsonObjectContextCustomizerFactory$DuplicateJsonObjectContextCustomizer@4fe01803, org.springframework.boot.test.mock.mockito.MockitoContextCustomizer@8140917e, org.springframework.boot.test.web.client.TestRestTemplateContextCustomizer@264c5d07, org.springframework.boot.test.autoconfigure.actuate.observability.ObservabilityContextCustomizerFactory$DisableObservabilityContextCustomizer@1f, org.springframework.boot.test.autoconfigure.properties.PropertyMappingContextCustomizer@0, org.springframework.boot.test.autoconfigure.web.servlet.WebDriverContextCustomizer@2fe88a09, org.springframework.boot.test.context.SpringBootTestAnnotation@d13cbcce], resourceBasePath = "src/main/webapp", contextLoader = org.springframework.boot.test.context.SpringBootContextLoader, parent = null]
	at org.springframework.test.context.cache.DefaultCacheAwareContextLoaderDelegate.loadContext(DefaultCacheAwareContextLoaderDelegate.java:145)
	at org.springframework.test.context.support.DefaultTestContext.getApplicationContext(DefaultTestContext.java:130)
	at org.springframework.test.context.web.ServletTestExecutionListener.setUpRequestContextIfNecessary(ServletTestExecutionListener.java:191)
	at org.springframework.test.context.web.ServletTestExecutionListener.prepareTestInstance(ServletTestExecutionListener.java:130)
	at org.springframework.test.context.TestContextManager.prepareTestInstance(TestContextManager.java:260)
	at org.springframework.test.context.junit.jupiter.SpringExtension.postProcessTestInstance(SpringExtension.java:163)
	at java.base/java.util.stream.ReferencePipeline$3$1.accept(ReferencePipeline.java:214)
	at java.base/java.util.stream.ReferencePipeline$2$1.accept(ReferencePipeline.java:197)
	at java.base/java.util.ArrayList$ArrayListSpliterator.forEachRemaining(ArrayList.java:1716)
	at java.base/java.util.stream.AbstractPipeline.copyInto(AbstractPipeline.java:570)
	at java.base/java.util.stream.AbstractPipeline.wrapAndCopyInto(AbstractPipeline.java:560)
	at java.base/java.util.stream.StreamSpliterators$WrappingSpliterator.forEachRemaining(StreamSpliterators.java:315)
	at java.base/java.util.stream.Streams$ConcatSpliterator.forEachRemaining(Streams.java:735)
	at java.base/java.util.stream.Streams$ConcatSpliterator.forEachRemaining(Streams.java:734)
	at java.base/java.util.stream.ReferencePipeline$Head.forEach(ReferencePipeline.java:803)
	at java.base/java.util.Optional.orElseGet(Optional.java:364)
	at java.base/java.util.ArrayList.forEach(ArrayList.java:1604)
	at java.base/java.util.ArrayList.forEach(ArrayList.java:1604)
]]></error>
    <system-out><![CDATA[2026-08-04T09:33:12.624+01:00  WARN 26044 --- [tradeflow] [           main] o.s.test.context.TestContextManager      : Caught exception while allowing TestExecutionListener [org.springframework.test.context.web.ServletTestExecutionListener] to prepare test instance [com.dbtraining.tradeflow.kafka.TradeEventConsumerIT@421f447f]

java.lang.IllegalStateException: ApplicationContext failure threshold (1) exceeded: skipping repeated attempt to load context for [WebMergedContextConfiguration@1dfadb7 testClass = com.dbtraining.tradeflow.kafka.TradeEventConsumerIT, locations = [], classes = [com.dbtraining.tradeflow.config.KafkaConfig, com.dbtraining.tradeflow.kafka.TradeEventProducer, com.dbtraining.tradeflow.kafka.TradeEventConsumer, com.dbtraining.tradeflow.kafka.ReconEventConsumer, com.dbtraining.tradeflow.kafka.AuditEventConsumer], contextInitializerClasses = [], activeProfiles = [], propertySourceDescriptors = [PropertySourceDescriptor[locations=[], ignoreResourceNotFound=false, name=null, propertySourceFactory=null, encoding=null]], propertySourceProperties = ["spring.kafka.bootstrap-servers=${spring.embedded.kafka.brokers}", "tradeflow.kafka.topics.trades=trade-events", "tradeflow.kafka.topics.dlt=trade-events.DLT", "spring.kafka.consumer.auto-offset-reset=earliest", "org.springframework.boot.test.context.SpringBootTestContextBootstrapper=true"], contextCustomizers = [org.springframework.kafka.test.context.EmbeddedKafkaContextCustomizer@730d0a26, [ImportsContextCustomizer@12a0f131 key = [com.dbtraining.tradeflow.kafka.TradeEventConsumerIT$TestKafkaConfig]], org.springframework.boot.test.context.filter.ExcludeFilterContextCustomizer@18fdb6cf, org.springframework.boot.test.json.DuplicateJsonObjectContextCustomizerFactory$DuplicateJsonObjectContextCustomizer@4fe01803, org.springframework.boot.test.mock.mockito.MockitoContextCustomizer@8140917e, org.springframework.boot.test.web.client.TestRestTemplateContextCustomizer@264c5d07, org.springframework.boot.test.autoconfigure.actuate.observability.ObservabilityContextCustomizerFactory$DisableObservabilityContextCustomizer@1f, org.springframework.boot.test.autoconfigure.properties.PropertyMappingContextCustomizer@0, org.springframework.boot.test.autoconfigure.web.servlet.WebDriverContextCustomizer@2fe88a09, org.springframework.boot.test.context.SpringBootTestAnnotation@d13cbcce], resourceBasePath = "src/main/webapp", contextLoader = org.springframework.boot.test.context.SpringBootContextLoader, parent = null]
	at org.springframework.test.context.cache.DefaultCacheAwareContextLoaderDelegate.loadContext(DefaultCacheAwareContextLoaderDelegate.java:145) ~[spring-test-6.1.5.jar:6.1.5]
	at org.springframework.test.context.support.DefaultTestContext.getApplicationContext(DefaultTestContext.java:130) ~[spring-test-6.1.5.jar:6.1.5]
	at org.springframework.test.context.web.ServletTestExecutionListener.setUpRequestContextIfNecessary(ServletTestExecutionListener.java:191) ~[spring-test-6.1.5.jar:6.1.5]
	at org.springframework.test.context.web.ServletTestExecutionListener.prepareTestInstance(ServletTestExecutionListener.java:130) ~[spring-test-6.1.5.jar:6.1.5]
	at org.springframework.test.context.TestContextManager.prepareTestInstance(TestContextManager.java:260) ~[spring-test-6.1.5.jar:6.1.5]
	at org.springframework.test.context.junit.jupiter.SpringExtension.postProcessTestInstance(SpringExtension.java:163) ~[spring-test-6.1.5.jar:6.1.5]
	at org.junit.jupiter.engine.descriptor.ClassBasedTestDescriptor.lambda$invokeTestInstancePostProcessors$10(ClassBasedTestDescriptor.java:378) ~[junit-jupiter-engine-5.10.2.jar:5.10.2]
	at org.junit.jupiter.engine.descriptor.ClassBasedTestDescriptor.executeAndMaskThrowable(ClassBasedTestDescriptor.java:383) ~[junit-jupiter-engine-5.10.2.jar:5.10.2]
	at org.junit.jupiter.engine.descriptor.ClassBasedTestDescriptor.lambda$invokeTestInstancePostProcessors$11(ClassBasedTestDescriptor.java:378) ~[junit-jupiter-engine-5.10.2.jar:5.10.2]
	at java.base/java.util.stream.ReferencePipeline$3$1.accept(ReferencePipeline.java:214) ~[na:na]
	at java.base/java.util.stream.ReferencePipeline$2$1.accept(ReferencePipeline.java:197) ~[na:na]
	at java.base/java.util.ArrayList$ArrayListSpliterator.forEachRemaining(ArrayList.java:1716) ~[na:na]
	at java.base/java.util.stream.AbstractPipeline.copyInto(AbstractPipeline.java:570) ~[na:na]
	at java.base/java.util.stream.AbstractPipeline.wrapAndCopyInto(AbstractPipeline.java:560) ~[na:na]
	at java.base/java.util.stream.StreamSpliterators$WrappingSpliterator.forEachRemaining(StreamSpliterators.java:315) ~[na:na]
	at java.base/java.util.stream.Streams$ConcatSpliterator.forEachRemaining(Streams.java:735) ~[na:na]
	at java.base/java.util.stream.Streams$ConcatSpliterator.forEachRemaining(Streams.java:734) ~[na:na]
	at java.base/java.util.stream.ReferencePipeline$Head.forEach(ReferencePipeline.java:803) ~[na:na]
	at org.junit.jupiter.engine.descriptor.ClassBasedTestDescriptor.invokeTestInstancePostProcessors(ClassBasedTestDescriptor.java:377) ~[junit-jupiter-engine-5.10.2.jar:5.10.2]
	at org.junit.jupiter.engine.descriptor.ClassBasedTestDescriptor.lambda$instantiateAndPostProcessTestInstance$6(ClassBasedTestDescriptor.java:290) ~[junit-jupiter-engine-5.10.2.jar:5.10.2]
	at org.junit.platform.engine.support.hierarchical.ThrowableCollector.execute(ThrowableCollector.java:73) ~[junit-platform-engine-1.10.2.jar:1.10.2]
	at org.junit.jupiter.engine.descriptor.ClassBasedTestDescriptor.instantiateAndPostProcessTestInstance(ClassBasedTestDescriptor.java:289) ~[junit-jupiter-engine-5.10.2.jar:5.10.2]
	at org.junit.jupiter.engine.descriptor.ClassBasedTestDescriptor.lambda$testInstancesProvider$4(ClassBasedTestDescriptor.java:279) ~[junit-jupiter-engine-5.10.2.jar:5.10.2]
	at java.base/java.util.Optional.orElseGet(Optional.java:364) ~[na:na]
	at org.junit.jupiter.engine.descriptor.ClassBasedTestDescriptor.lambda$testInstancesProvider$5(ClassBasedTestDescriptor.java:278) ~[junit-jupiter-engine-5.10.2.jar:5.10.2]
	at org.junit.jupiter.engine.execution.TestInstancesProvider.getTestInstances(TestInstancesProvider.java:31) ~[junit-jupiter-engine-5.10.2.jar:5.10.2]
	at org.junit.jupiter.engine.descriptor.TestMethodTestDescriptor.lambda$prepare$0(TestMethodTestDescriptor.java:106) ~[junit-jupiter-engine-5.10.2.jar:5.10.2]
	at org.junit.platform.engine.support.hierarchical.ThrowableCollector.execute(ThrowableCollector.java:73) ~[junit-platform-engine-1.10.2.jar:1.10.2]
	at org.junit.jupiter.engine.descriptor.TestMethodTestDescriptor.prepare(TestMethodTestDescriptor.java:105) ~[junit-jupiter-engine-5.10.2.jar:5.10.2]
	at org.junit.jupiter.engine.descriptor.TestMethodTestDescriptor.prepare(TestMethodTestDescriptor.java:69) ~[junit-jupiter-engine-5.10.2.jar:5.10.2]
	at org.junit.platform.engine.support.hierarchical.NodeTestTask.lambda$prepare$2(NodeTestTask.java:123) ~[junit-platform-engine-1.10.2.jar:1.10.2]
	at org.junit.platform.engine.support.hierarchical.ThrowableCollector.execute(ThrowableCollector.java:73) ~[junit-platform-engine-1.10.2.jar:1.10.2]
	at org.junit.platform.engine.support.hierarchical.NodeTestTask.prepare(NodeTestTask.java:123) ~[junit-platform-engine-1.10.2.jar:1.10.2]
	at org.junit.platform.engine.support.hierarchical.NodeTestTask.execute(NodeTestTask.java:90) ~[junit-platform-engine-1.10.2.jar:1.10.2]
	at java.base/java.util.ArrayList.forEach(ArrayList.java:1604) ~[na:na]
	at org.junit.platform.engine.support.hierarchical.SameThreadHierarchicalTestExecutorService.invokeAll(SameThreadHierarchicalTestExecutorService.java:41) ~[junit-platform-engine-1.10.2.jar:1.10.2]
	at org.junit.platform.engine.support.hierarchical.NodeTestTask.lambda$executeRecursively$6(NodeTestTask.java:155) ~[junit-platform-engine-1.10.2.jar:1.10.2]
	at org.junit.platform.engine.support.hierarchical.ThrowableCollector.execute(ThrowableCollector.java:73) ~[junit-platform-engine-1.10.2.jar:1.10.2]
	at org.junit.platform.engine.support.hierarchical.NodeTestTask.lambda$executeRecursively$8(NodeTestTask.java:141) ~[junit-platform-engine-1.10.2.jar:1.10.2]
	at org.junit.platform.engine.support.hierarchical.Node.around(Node.java:137) ~[junit-platform-engine-1.10.2.jar:1.10.2]
	at org.junit.platform.engine.support.hierarchical.NodeTestTask.lambda$executeRecursively$9(NodeTestTask.java:139) ~[junit-platform-engine-1.10.2.jar:1.10.2]
	at org.junit.platform.engine.support.hierarchical.ThrowableCollector.execute(ThrowableCollector.java:73) ~[junit-platform-engine-1.10.2.jar:1.10.2]
	at org.junit.platform.engine.support.hierarchical.NodeTestTask.executeRecursively(NodeTestTask.java:138) ~[junit-platform-engine-1.10.2.jar:1.10.2]
	at org.junit.platform.engine.support.hierarchical.NodeTestTask.execute(NodeTestTask.java:95) ~[junit-platform-engine-1.10.2.jar:1.10.2]
	at java.base/java.util.ArrayList.forEach(ArrayList.java:1604) ~[na:na]
	at org.junit.platform.engine.support.hierarchical.SameThreadHierarchicalTestExecutorService.invokeAll(SameThreadHierarchicalTestExecutorService.java:41) ~[junit-platform-engine-1.10.2.jar:1.10.2]
	at org.junit.platform.engine.support.hierarchical.NodeTestTask.lambda$executeRecursively$6(NodeTestTask.java:155) ~[junit-platform-engine-1.10.2.jar:1.10.2]
	at org.junit.platform.engine.support.hierarchical.ThrowableCollector.execute(ThrowableCollector.java:73) ~[junit-platform-engine-1.10.2.jar:1.10.2]
	at org.junit.platform.engine.support.hierarchical.NodeTestTask.lambda$executeRecursively$8(NodeTestTask.java:141) ~[junit-platform-engine-1.10.2.jar:1.10.2]
	at org.junit.platform.engine.support.hierarchical.Node.around(Node.java:137) ~[junit-platform-engine-1.10.2.jar:1.10.2]
	at org.junit.platform.engine.support.hierarchical.NodeTestTask.lambda$executeRecursively$9(NodeTestTask.java:139) ~[junit-platform-engine-1.10.2.jar:1.10.2]
	at org.junit.platform.engine.support.hierarchical.ThrowableCollector.execute(ThrowableCollector.java:73) ~[junit-platform-engine-1.10.2.jar:1.10.2]
	at org.junit.platform.engine.support.hierarchical.NodeTestTask.executeRecursively(NodeTestTask.java:138) ~[junit-platform-engine-1.10.2.jar:1.10.2]
	at org.junit.platform.engine.support.hierarchical.NodeTestTask.execute(NodeTestTask.java:95) ~[junit-platform-engine-1.10.2.jar:1.10.2]
	at org.junit.platform.engine.support.hierarchical.SameThreadHierarchicalTestExecutorService.submit(SameThreadHierarchicalTestExecutorService.java:35) ~[junit-platform-engine-1.10.2.jar:1.10.2]
	at org.junit.platform.engine.support.hierarchical.HierarchicalTestExecutor.execute(HierarchicalTestExecutor.java:57) ~[junit-platform-engine-1.10.2.jar:1.10.2]
	at org.junit.platform.engine.support.hierarchical.HierarchicalTestEngine.execute(HierarchicalTestEngine.java:54) ~[junit-platform-engine-1.10.2.jar:1.10.2]
	at org.junit.platform.launcher.core.EngineExecutionOrchestrator.execute(EngineExecutionOrchestrator.java:198) ~[junit-platform-launcher-1.10.2.jar:1.10.2]
	at org.junit.platform.launcher.core.EngineExecutionOrchestrator.execute(EngineExecutionOrchestrator.java:169) ~[junit-platform-launcher-1.10.2.jar:1.10.2]
	at org.junit.platform.launcher.core.EngineExecutionOrchestrator.execute(EngineExecutionOrchestrator.java:93) ~[junit-platform-launcher-1.10.2.jar:1.10.2]
	at org.junit.platform.launcher.core.EngineExecutionOrchestrator.lambda$execute$0(EngineExecutionOrchestrator.java:58) ~[junit-platform-launcher-1.10.2.jar:1.10.2]
	at org.junit.platform.launcher.core.EngineExecutionOrchestrator.withInterceptedStreams(EngineExecutionOrchestrator.java:141) ~[junit-platform-launcher-1.10.2.jar:1.10.2]
	at org.junit.platform.launcher.core.EngineExecutionOrchestrator.execute(EngineExecutionOrchestrator.java:57) ~[junit-platform-launcher-1.10.2.jar:1.10.2]
	at org.junit.platform.launcher.core.DefaultLauncher.execute(DefaultLauncher.java:103) ~[junit-platform-launcher-1.10.2.jar:1.10.2]
	at org.junit.platform.launcher.core.DefaultLauncher.execute(DefaultLauncher.java:85) ~[junit-platform-launcher-1.10.2.jar:1.10.2]
	at org.junit.platform.launcher.core.DelegatingLauncher.execute(DelegatingLauncher.java:47) ~[junit-platform-launcher-1.10.2.jar:1.10.2]
	at org.apache.maven.surefire.junitplatform.LazyLauncher.execute(LazyLauncher.java:56) ~[surefire-junit-platform-3.1.2.jar:3.1.2]
	at org.apache.maven.surefire.junitplatform.JUnitPlatformProvider.execute(JUnitPlatformProvider.java:184) ~[surefire-junit-platform-3.1.2.jar:3.1.2]
	at org.apache.maven.surefire.junitplatform.JUnitPlatformProvider.invokeAllTests(JUnitPlatformProvider.java:148) ~[surefire-junit-platform-3.1.2.jar:3.1.2]
	at org.apache.maven.surefire.junitplatform.JUnitPlatformProvider.invoke(JUnitPlatformProvider.java:122) ~[surefire-junit-platform-3.1.2.jar:3.1.2]
	at org.apache.maven.surefire.booter.ForkedBooter.runSuitesInProcess(ForkedBooter.java:385) ~[surefire-booter-3.1.2.jar:3.1.2]
	at org.apache.maven.surefire.booter.ForkedBooter.execute(ForkedBooter.java:162) ~[surefire-booter-3.1.2.jar:3.1.2]
	at org.apache.maven.surefire.booter.ForkedBooter.run(ForkedBooter.java:507) ~[surefire-booter-3.1.2.jar:3.1.2]
	at org.apache.maven.surefire.booter.ForkedBooter.main(ForkedBooter.java:495) ~[surefire-booter-3.1.2.jar:3.1.2]

]]></system-out>
  </testcase>
</testsuite>